{"/home/calin/projects/shot-analysis/src/config.ts": {"path":"/home/calin/projects/shot-analysis/src/config.ts","all":false,"statementMap":{"0":{"start":{"line":1,"column":0},"end":{"line":1,"column":3}},"69":{"start":{"line":70,"column":0},"end":{"line":70,"column":70}},"74":{"start":{"line":75,"column":0},"end":{"line":75,"column":35}},"75":{"start":{"line":76,"column":0},"end":{"line":76,"column":11}},"76":{"start":{"line":77,"column":0},"end":{"line":77,"column":20}},"77":{"start":{"line":78,"column":0},"end":{"line":78,"column":20}},"78":{"start":{"line":79,"column":0},"end":{"line":79,"column":4}},"79":{"start":{"line":80,"column":0},"end":{"line":80,"column":43}},"80":{"start":{"line":81,"column":0},"end":{"line":81,"column":53}},"81":{"start":{"line":82,"column":0},"end":{"line":82,"column":5}},"86":{"start":{"line":87,"column":0},"end":{"line":87,"column":44}},"87":{"start":{"line":88,"column":0},"end":{"line":88,"column":43}},"88":{"start":{"line":89,"column":0},"end":{"line":89,"column":76}},"89":{"start":{"line":90,"column":0},"end":{"line":90,"column":33}},"90":{"start":{"line":91,"column":0},"end":{"line":91,"column":22}},"91":{"start":{"line":92,"column":0},"end":{"line":92,"column":34}},"92":{"start":{"line":93,"column":0},"end":{"line":93,"column":35}},"93":{"start":{"line":94,"column":0},"end":{"line":94,"column":37}},"94":{"start":{"line":95,"column":0},"end":{"line":95,"column":5}},"95":{"start":{"line":96,"column":0},"end":{"line":96,"column":3}},"100":{"start":{"line":101,"column":0},"end":{"line":101,"column":43}},"101":{"start":{"line":102,"column":0},"end":{"line":102,"column":58}},"102":{"start":{"line":103,"column":0},"end":{"line":103,"column":26}},"103":{"start":{"line":104,"column":0},"end":{"line":104,"column":52}},"104":{"start":{"line":105,"column":0},"end":{"line":105,"column":3}},"109":{"start":{"line":110,"column":0},"end":{"line":110,"column":60}},"114":{"start":{"line":115,"column":0},"end":{"line":115,"column":68}},"119":{"start":{"line":120,"column":0},"end":{"line":120,"column":46}},"120":{"start":{"line":121,"column":0},"end":{"line":121,"column":35}},"121":{"start":{"line":122,"column":0},"end":{"line":122,"column":61}},"122":{"start":{"line":123,"column":0},"end":{"line":123,"column":46}},"123":{"start":{"line":124,"column":0},"end":{"line":124,"column":27}},"124":{"start":{"line":125,"column":0},"end":{"line":125,"column":13}},"125":{"start":{"line":126,"column":0},"end":{"line":126,"column":56}},"126":{"start":{"line":127,"column":0},"end":{"line":127,"column":56}},"127":{"start":{"line":128,"column":0},"end":{"line":128,"column":37}},"128":{"start":{"line":129,"column":0},"end":{"line":129,"column":3}},"141":{"start":{"line":142,"column":0},"end":{"line":142,"column":74}},"142":{"start":{"line":143,"column":0},"end":{"line":143,"column":44}},"143":{"start":{"line":144,"column":0},"end":{"line":144,"column":1}},"157":{"start":{"line":158,"column":0},"end":{"line":158,"column":73}},"158":{"start":{"line":159,"column":0},"end":{"line":159,"column":48}},"159":{"start":{"line":160,"column":0},"end":{"line":160,"column":1}},"164":{"start":{"line":165,"column":0},"end":{"line":165,"column":31}},"165":{"start":{"line":166,"column":0},"end":{"line":166,"column":24}},"166":{"start":{"line":167,"column":0},"end":{"line":167,"column":32}},"167":{"start":{"line":168,"column":0},"end":{"line":168,"column":30}},"168":{"start":{"line":169,"column":0},"end":{"line":169,"column":30}},"169":{"start":{"line":170,"column":0},"end":{"line":170,"column":59}},"176":{"start":{"line":177,"column":0},"end":{"line":177,"column":29}},"177":{"start":{"line":178,"column":0},"end":{"line":178,"column":40}},"178":{"start":{"line":179,"column":0},"end":{"line":179,"column":28}},"179":{"start":{"line":180,"column":0},"end":{"line":180,"column":51}},"180":{"start":{"line":181,"column":0},"end":{"line":181,"column":32}},"181":{"start":{"line":182,"column":0},"end":{"line":182,"column":1}},"188":{"start":{"line":189,"column":0},"end":{"line":189,"column":64}},"189":{"start":{"line":190,"column":0},"end":{"line":190,"column":24}},"190":{"start":{"line":191,"column":0},"end":{"line":191,"column":1}},"213":{"start":{"line":214,"column":0},"end":{"line":214,"column":27}},"214":{"start":{"line":215,"column":0},"end":{"line":215,"column":15}},"215":{"start":{"line":216,"column":0},"end":{"line":216,"column":12}},"216":{"start":{"line":217,"column":0},"end":{"line":217,"column":12}},"217":{"start":{"line":218,"column":0},"end":{"line":218,"column":11}},"222":{"start":{"line":223,"column":0},"end":{"line":223,"column":28}},"223":{"start":{"line":224,"column":0},"end":{"line":224,"column":15}},"224":{"start":{"line":225,"column":0},"end":{"line":225,"column":12}},"225":{"start":{"line":226,"column":0},"end":{"line":226,"column":12}},"226":{"start":{"line":227,"column":0},"end":{"line":227,"column":11}},"236":{"start":{"line":237,"column":0},"end":{"line":237,"column":37}},"237":{"start":{"line":238,"column":0},"end":{"line":238,"column":29}},"238":{"start":{"line":239,"column":0},"end":{"line":239,"column":22}},"239":{"start":{"line":240,"column":0},"end":{"line":240,"column":33}},"240":{"start":{"line":241,"column":0},"end":{"line":241,"column":12}},"241":{"start":{"line":242,"column":0},"end":{"line":242,"column":52}},"242":{"start":{"line":243,"column":0},"end":{"line":243,"column":46}},"243":{"start":{"line":244,"column":0},"end":{"line":244,"column":46}},"244":{"start":{"line":245,"column":0},"end":{"line":245,"column":48}},"245":{"start":{"line":246,"column":0},"end":{"line":246,"column":42}},"246":{"start":{"line":247,"column":0},"end":{"line":247,"column":42}},"247":{"start":{"line":248,"column":0},"end":{"line":248,"column":6}},"248":{"start":{"line":249,"column":0},"end":{"line":249,"column":10}},"249":{"start":{"line":250,"column":0},"end":{"line":250,"column":12}},"250":{"start":{"line":251,"column":0},"end":{"line":251,"column":51}},"251":{"start":{"line":252,"column":0},"end":{"line":252,"column":45}},"252":{"start":{"line":253,"column":0},"end":{"line":253,"column":45}},"253":{"start":{"line":254,"column":0},"end":{"line":254,"column":49}},"254":{"start":{"line":255,"column":0},"end":{"line":255,"column":43}},"255":{"start":{"line":256,"column":0},"end":{"line":256,"column":43}},"256":{"start":{"line":257,"column":0},"end":{"line":257,"column":6}},"257":{"start":{"line":258,"column":0},"end":{"line":258,"column":3}},"258":{"start":{"line":259,"column":0},"end":{"line":259,"column":1}}},"s":{"0":1,"69":1,"74":1,"75":1,"76":1,"77":1,"78":1,"79":1,"80":1,"81":1,"86":1,"87":1,"88":1,"89":1,"90":1,"91":1,"92":1,"93":1,"94":1,"95":1,"100":1,"101":1,"102":1,"103":1,"104":1,"109":1,"114":1,"119":1,"120":1,"121":1,"122":1,"123":1,"124":1,"125":1,"126":1,"127":1,"128":1,"141":1,"142":11,"143":11,"157":1,"158":18,"159":18,"164":1,"165":1,"166":1,"167":1,"168":1,"169":1,"176":1,"177":9,"178":9,"179":9,"180":9,"181":9,"188":1,"189":6,"190":6,"213":1,"214":1,"215":1,"216":1,"217":1,"222":1,"223":1,"224":1,"225":1,"226":1,"236":1,"237":53,"238":53,"239":53,"240":46,"241":46,"242":46,"243":46,"244":46,"245":46,"246":46,"247":46,"248":49,"249":7,"250":7,"251":7,"252":7,"253":7,"254":7,"255":7,"256":7,"257":7,"258":53},"branchMap":{"0":{"type":"branch","line":80,"loc":{"start":{"line":80,"column":10},"end":{"line":80,"column":42}},"locations":[{"start":{"line":80,"column":10},"end":{"line":80,"column":42}}]},"1":{"type":"branch","line":142,"loc":{"start":{"line":142,"column":7},"end":{"line":144,"column":1}},"locations":[{"start":{"line":142,"column":7},"end":{"line":144,"column":1}}]},"2":{"type":"branch","line":158,"loc":{"start":{"line":158,"column":7},"end":{"line":160,"column":1}},"locations":[{"start":{"line":158,"column":7},"end":{"line":160,"column":1}}]},"3":{"type":"branch","line":177,"loc":{"start":{"line":177,"column":7},"end":{"line":182,"column":1}},"locations":[{"start":{"line":177,"column":7},"end":{"line":182,"column":1}}]},"4":{"type":"branch","line":189,"loc":{"start":{"line":189,"column":7},"end":{"line":191,"column":1}},"locations":[{"start":{"line":189,"column":7},"end":{"line":191,"column":1}}]},"5":{"type":"branch","line":237,"loc":{"start":{"line":237,"column":7},"end":{"line":259,"column":1}},"locations":[{"start":{"line":237,"column":7},"end":{"line":259,"column":1}}]},"6":{"type":"branch","line":240,"loc":{"start":{"line":240,"column":32},"end":{"line":258,"column":3}},"locations":[{"start":{"line":240,"column":32},"end":{"line":258,"column":3}}]},"7":{"type":"branch","line":240,"loc":{"start":{"line":240,"column":32},"end":{"line":249,"column":9}},"locations":[{"start":{"line":240,"column":32},"end":{"line":249,"column":9}}]},"8":{"type":"branch","line":249,"loc":{"start":{"line":249,"column":2},"end":{"line":258,"column":3}},"locations":[{"start":{"line":249,"column":2},"end":{"line":258,"column":3}}]}},"b":{"0":[2],"1":[11],"2":[18],"3":[9],"4":[6],"5":[53],"6":[49],"7":[46],"8":[7]},"fnMap":{"0":{"name":"__vite_ssr_import_0__.z.object.refine.message","decl":{"start":{"line":80,"column":10},"end":{"line":80,"column":42}},"loc":{"start":{"line":80,"column":10},"end":{"line":80,"column":42}},"line":80},"1":{"name":"validateConfig","decl":{"start":{"line":142,"column":7},"end":{"line":144,"column":1}},"loc":{"start":{"line":142,"column":7},"end":{"line":144,"column":1}},"line":142},"2":{"name":"safeValidateConfig","decl":{"start":{"line":158,"column":7},"end":{"line":160,"column":1}},"loc":{"start":{"line":158,"column":7},"end":{"line":160,"column":1}},"line":158},"3":{"name":"createConfig","decl":{"start":{"line":177,"column":7},"end":{"line":182,"column":1}},"loc":{"start":{"line":177,"column":7},"end":{"line":182,"column":1}},"line":177},"4":{"name":"createDefaultConfig","decl":{"start":{"line":189,"column":7},"end":{"line":191,"column":1}},"loc":{"start":{"line":189,"column":7},"end":{"line":191,"column":1}},"line":189},"5":{"name":"getHandednessMapping","decl":{"start":{"line":237,"column":7},"end":{"line":259,"column":1}},"loc":{"start":{"line":237,"column":7},"end":{"line":259,"column":1}},"line":237}},"f":{"0":2,"1":11,"2":18,"3":9,"4":6,"5":53}}
,"/home/calin/projects/shot-analysis/src/types.ts": {"path":"/home/calin/projects/shot-analysis/src/types.ts","all":false,"statementMap":{"61":{"start":{"line":62,"column":0},"end":{"line":62,"column":33}},"62":{"start":{"line":63,"column":0},"end":{"line":63,"column":10}},"63":{"start":{"line":64,"column":0},"end":{"line":64,"column":20}},"64":{"start":{"line":65,"column":0},"end":{"line":65,"column":14}},"65":{"start":{"line":66,"column":0},"end":{"line":66,"column":20}},"66":{"start":{"line":67,"column":0},"end":{"line":67,"column":21}},"67":{"start":{"line":68,"column":0},"end":{"line":68,"column":15}},"68":{"start":{"line":69,"column":0},"end":{"line":69,"column":21}},"69":{"start":{"line":70,"column":0},"end":{"line":70,"column":14}},"70":{"start":{"line":71,"column":0},"end":{"line":71,"column":15}},"71":{"start":{"line":72,"column":0},"end":{"line":72,"column":16}},"72":{"start":{"line":73,"column":0},"end":{"line":73,"column":18}},"73":{"start":{"line":74,"column":0},"end":{"line":74,"column":20}},"74":{"start":{"line":75,"column":0},"end":{"line":75,"column":21}},"75":{"start":{"line":76,"column":0},"end":{"line":76,"column":17}},"76":{"start":{"line":77,"column":0},"end":{"line":77,"column":18}},"77":{"start":{"line":78,"column":0},"end":{"line":78,"column":17}},"78":{"start":{"line":79,"column":0},"end":{"line":79,"column":18}},"79":{"start":{"line":80,"column":0},"end":{"line":80,"column":17}},"80":{"start":{"line":81,"column":0},"end":{"line":81,"column":18}},"81":{"start":{"line":82,"column":0},"end":{"line":82,"column":17}},"82":{"start":{"line":83,"column":0},"end":{"line":83,"column":18}},"83":{"start":{"line":84,"column":0},"end":{"line":84,"column":17}},"84":{"start":{"line":85,"column":0},"end":{"line":85,"column":18}},"85":{"start":{"line":86,"column":0},"end":{"line":86,"column":15}},"86":{"start":{"line":87,"column":0},"end":{"line":87,"column":16}},"87":{"start":{"line":88,"column":0},"end":{"line":88,"column":16}},"88":{"start":{"line":89,"column":0},"end":{"line":89,"column":17}},"89":{"start":{"line":90,"column":0},"end":{"line":90,"column":17}},"90":{"start":{"line":91,"column":0},"end":{"line":91,"column":18}},"91":{"start":{"line":92,"column":0},"end":{"line":92,"column":16}},"92":{"start":{"line":93,"column":0},"end":{"line":93,"column":17}},"93":{"start":{"line":94,"column":0},"end":{"line":94,"column":22}},"94":{"start":{"line":95,"column":0},"end":{"line":95,"column":23}},"95":{"start":{"line":96,"column":0},"end":{"line":96,"column":11}},"100":{"start":{"line":101,"column":0},"end":{"line":101,"column":34}}},"s":{"61":1,"62":1,"63":1,"64":1,"65":1,"66":1,"67":1,"68":1,"69":1,"70":1,"71":1,"72":1,"73":1,"74":1,"75":1,"76":1,"77":1,"78":1,"79":1,"80":1,"81":1,"82":1,"83":1,"84":1,"85":1,"86":1,"87":1,"88":1,"89":1,"90":1,"91":1,"92":1,"93":1,"94":1,"95":1,"100":1},"branchMap":{},"b":{},"fnMap":{},"f":{}}
,"/home/calin/projects/shot-analysis/src/detection/integrated-shot-detector.ts": {"path":"/home/calin/projects/shot-analysis/src/detection/integrated-shot-detector.ts","all":false,"statementMap":{"0":{"start":{"line":1,"column":0},"end":{"line":1,"column":3}},"164":{"start":{"line":165,"column":0},"end":{"line":165,"column":27}},"165":{"start":{"line":166,"column":0},"end":{"line":166,"column":58}},"166":{"start":{"line":167,"column":0},"end":{"line":167,"column":48}},"167":{"start":{"line":168,"column":0},"end":{"line":168,"column":27}},"169":{"start":{"line":170,"column":0},"end":{"line":170,"column":48}},"170":{"start":{"line":171,"column":0},"end":{"line":171,"column":76}},"171":{"start":{"line":172,"column":0},"end":{"line":172,"column":63}},"172":{"start":{"line":173,"column":0},"end":{"line":173,"column":43}},"173":{"start":{"line":174,"column":0},"end":{"line":174,"column":3}},"178":{"start":{"line":179,"column":0},"end":{"line":179,"column":43}},"179":{"start":{"line":180,"column":0},"end":{"line":180,"column":12}},"180":{"start":{"line":181,"column":0},"end":{"line":181,"column":20}},"181":{"start":{"line":182,"column":0},"end":{"line":182,"column":25}},"182":{"start":{"line":183,"column":0},"end":{"line":183,"column":26}},"183":{"start":{"line":184,"column":0},"end":{"line":184,"column":25}},"184":{"start":{"line":185,"column":0},"end":{"line":185,"column":28}},"185":{"start":{"line":186,"column":0},"end":{"line":186,"column":22}},"186":{"start":{"line":187,"column":0},"end":{"line":187,"column":23}},"187":{"start":{"line":188,"column":0},"end":{"line":188,"column":6}},"188":{"start":{"line":189,"column":0},"end":{"line":189,"column":3}},"194":{"start":{"line":195,"column":0},"end":{"line":195,"column":17}},"195":{"start":{"line":196,"column":0},"end":{"line":196,"column":43}},"196":{"start":{"line":197,"column":0},"end":{"line":197,"column":3}},"207":{"start":{"line":208,"column":0},"end":{"line":208,"column":61}},"208":{"start":{"line":209,"column":0},"end":{"line":209,"column":30}},"209":{"start":{"line":210,"column":0},"end":{"line":210,"column":16}},"210":{"start":{"line":211,"column":0},"end":{"line":211,"column":5}},"213":{"start":{"line":214,"column":0},"end":{"line":214,"column":70}},"216":{"start":{"line":217,"column":0},"end":{"line":217,"column":29}},"218":{"start":{"line":219,"column":0},"end":{"line":219,"column":52}},"219":{"start":{"line":220,"column":0},"end":{"line":220,"column":41}},"220":{"start":{"line":221,"column":0},"end":{"line":221,"column":68}},"221":{"start":{"line":222,"column":0},"end":{"line":222,"column":23}},"222":{"start":{"line":223,"column":0},"end":{"line":223,"column":5}},"224":{"start":{"line":225,"column":0},"end":{"line":225,"column":17}},"225":{"start":{"line":226,"column":0},"end":{"line":226,"column":3}},"236":{"start":{"line":237,"column":0},"end":{"line":237,"column":63}},"237":{"start":{"line":238,"column":0},"end":{"line":238,"column":47}},"238":{"start":{"line":239,"column":0},"end":{"line":239,"column":30}},"239":{"start":{"line":240,"column":0},"end":{"line":240,"column":49}},"240":{"start":{"line":241,"column":0},"end":{"line":241,"column":33}},"244":{"start":{"line":245,"column":0},"end":{"line":245,"column":60}},"245":{"start":{"line":246,"column":0},"end":{"line":246,"column":35}},"246":{"start":{"line":247,"column":0},"end":{"line":247,"column":6}},"249":{"start":{"line":250,"column":0},"end":{"line":250,"column":28}},"250":{"start":{"line":251,"column":0},"end":{"line":251,"column":70}},"251":{"start":{"line":252,"column":0},"end":{"line":252,"column":18}},"252":{"start":{"line":253,"column":0},"end":{"line":253,"column":33}},"253":{"start":{"line":254,"column":0},"end":{"line":254,"column":25}},"254":{"start":{"line":255,"column":0},"end":{"line":255,"column":17}},"255":{"start":{"line":256,"column":0},"end":{"line":256,"column":48}},"256":{"start":{"line":257,"column":0},"end":{"line":257,"column":68}},"257":{"start":{"line":258,"column":0},"end":{"line":258,"column":8}},"260":{"start":{"line":261,"column":0},"end":{"line":261,"column":41}},"261":{"start":{"line":262,"column":0},"end":{"line":262,"column":45}},"262":{"start":{"line":263,"column":0},"end":{"line":263,"column":67}},"263":{"start":{"line":264,"column":0},"end":{"line":264,"column":55}},"265":{"start":{"line":266,"column":0},"end":{"line":266,"column":56}},"266":{"start":{"line":267,"column":0},"end":{"line":267,"column":34}},"267":{"start":{"line":268,"column":0},"end":{"line":268,"column":21}},"268":{"start":{"line":269,"column":0},"end":{"line":269,"column":50}},"269":{"start":{"line":270,"column":0},"end":{"line":270,"column":10}},"271":{"start":{"line":272,"column":0},"end":{"line":272,"column":36}},"272":{"start":{"line":273,"column":0},"end":{"line":273,"column":62}},"273":{"start":{"line":274,"column":0},"end":{"line":274,"column":41}},"274":{"start":{"line":275,"column":0},"end":{"line":275,"column":23}},"275":{"start":{"line":276,"column":0},"end":{"line":276,"column":21}},"276":{"start":{"line":277,"column":0},"end":{"line":277,"column":12}},"279":{"start":{"line":280,"column":0},"end":{"line":280,"column":76}},"280":{"start":{"line":281,"column":0},"end":{"line":281,"column":16}},"281":{"start":{"line":282,"column":0},"end":{"line":282,"column":22}},"282":{"start":{"line":283,"column":0},"end":{"line":283,"column":47}},"283":{"start":{"line":284,"column":0},"end":{"line":284,"column":42}},"284":{"start":{"line":285,"column":0},"end":{"line":285,"column":15}},"285":{"start":{"line":286,"column":0},"end":{"line":286,"column":35}},"286":{"start":{"line":287,"column":0},"end":{"line":287,"column":20}},"287":{"start":{"line":288,"column":0},"end":{"line":288,"column":13}},"288":{"start":{"line":289,"column":0},"end":{"line":289,"column":11}},"289":{"start":{"line":290,"column":0},"end":{"line":290,"column":9}},"290":{"start":{"line":291,"column":0},"end":{"line":291,"column":7}},"291":{"start":{"line":292,"column":0},"end":{"line":292,"column":5}},"293":{"start":{"line":294,"column":0},"end":{"line":294,"column":12}},"294":{"start":{"line":295,"column":0},"end":{"line":295,"column":17}},"295":{"start":{"line":296,"column":0},"end":{"line":296,"column":16}},"296":{"start":{"line":297,"column":0},"end":{"line":297,"column":19}},"297":{"start":{"line":298,"column":0},"end":{"line":298,"column":13}},"298":{"start":{"line":299,"column":0},"end":{"line":299,"column":23}},"299":{"start":{"line":300,"column":0},"end":{"line":300,"column":6}},"300":{"start":{"line":301,"column":0},"end":{"line":301,"column":3}},"310":{"start":{"line":311,"column":0},"end":{"line":311,"column":22}},"311":{"start":{"line":312,"column":0},"end":{"line":312,"column":50}},"312":{"start":{"line":313,"column":0},"end":{"line":313,"column":16}},"313":{"start":{"line":314,"column":0},"end":{"line":314,"column":5}},"316":{"start":{"line":317,"column":0},"end":{"line":317,"column":31}},"317":{"start":{"line":318,"column":0},"end":{"line":318,"column":44}},"318":{"start":{"line":319,"column":0},"end":{"line":319,"column":5}},"321":{"start":{"line":322,"column":0},"end":{"line":322,"column":67}},"323":{"start":{"line":324,"column":0},"end":{"line":324,"column":38}},"324":{"start":{"line":325,"column":0},"end":{"line":325,"column":32}},"326":{"start":{"line":327,"column":0},"end":{"line":327,"column":17}},"327":{"start":{"line":328,"column":0},"end":{"line":328,"column":3}},"337":{"start":{"line":338,"column":0},"end":{"line":338,"column":30}},"338":{"start":{"line":339,"column":0},"end":{"line":339,"column":50}},"339":{"start":{"line":340,"column":0},"end":{"line":340,"column":16}},"340":{"start":{"line":341,"column":0},"end":{"line":341,"column":5}},"343":{"start":{"line":344,"column":0},"end":{"line":344,"column":60}},"344":{"start":{"line":345,"column":0},"end":{"line":345,"column":35}},"345":{"start":{"line":346,"column":0},"end":{"line":346,"column":6}},"348":{"start":{"line":349,"column":0},"end":{"line":349,"column":79}},"350":{"start":{"line":351,"column":0},"end":{"line":351,"column":50}},"351":{"start":{"line":352,"column":0},"end":{"line":352,"column":79}},"352":{"start":{"line":353,"column":0},"end":{"line":353,"column":6}},"353":{"start":{"line":354,"column":0},"end":{"line":354,"column":3}},"358":{"start":{"line":359,"column":0},"end":{"line":359,"column":31}},"359":{"start":{"line":360,"column":0},"end":{"line":360,"column":39}},"360":{"start":{"line":361,"column":0},"end":{"line":361,"column":27}},"361":{"start":{"line":362,"column":0},"end":{"line":362,"column":22}},"362":{"start":{"line":363,"column":0},"end":{"line":363,"column":11}},"363":{"start":{"line":364,"column":0},"end":{"line":364,"column":49}},"364":{"start":{"line":365,"column":0},"end":{"line":365,"column":45}},"367":{"start":{"line":368,"column":0},"end":{"line":368,"column":56}},"368":{"start":{"line":369,"column":0},"end":{"line":369,"column":15}},"369":{"start":{"line":370,"column":0},"end":{"line":370,"column":17}},"370":{"start":{"line":371,"column":0},"end":{"line":371,"column":15}},"371":{"start":{"line":372,"column":0},"end":{"line":372,"column":6}},"374":{"start":{"line":375,"column":0},"end":{"line":375,"column":30}},"375":{"start":{"line":376,"column":0},"end":{"line":376,"column":64}},"376":{"start":{"line":377,"column":0},"end":{"line":377,"column":80}},"378":{"start":{"line":379,"column":0},"end":{"line":379,"column":12}},"379":{"start":{"line":380,"column":0},"end":{"line":380,"column":16}},"380":{"start":{"line":381,"column":0},"end":{"line":381,"column":19}},"381":{"start":{"line":382,"column":0},"end":{"line":382,"column":26}},"382":{"start":{"line":383,"column":0},"end":{"line":383,"column":22}},"383":{"start":{"line":384,"column":0},"end":{"line":384,"column":8}},"384":{"start":{"line":385,"column":0},"end":{"line":385,"column":47}},"385":{"start":{"line":386,"column":0},"end":{"line":386,"column":36}},"386":{"start":{"line":387,"column":0},"end":{"line":387,"column":6}},"387":{"start":{"line":388,"column":0},"end":{"line":388,"column":3}},"388":{"start":{"line":389,"column":0},"end":{"line":389,"column":1}},"396":{"start":{"line":397,"column":0},"end":{"line":397,"column":35}},"397":{"start":{"line":398,"column":0},"end":{"line":398,"column":34}},"398":{"start":{"line":399,"column":0},"end":{"line":399,"column":17}},"399":{"start":{"line":400,"column":0},"end":{"line":400,"column":34}},"400":{"start":{"line":401,"column":0},"end":{"line":401,"column":1}}},"s":{"0":1,"164":1,"165":31,"166":31,"167":31,"169":31,"170":31,"171":31,"172":31,"173":31,"178":31,"179":33,"180":33,"181":33,"182":33,"183":33,"184":33,"185":33,"186":33,"187":33,"188":33,"194":31,"195":2,"196":2,"207":31,"208":18,"209":2,"210":2,"213":16,"216":16,"218":18,"219":14,"220":14,"221":14,"222":14,"224":16,"225":18,"236":31,"237":274,"238":274,"239":274,"240":274,"244":274,"245":274,"246":274,"249":274,"250":274,"251":274,"252":274,"253":99,"254":99,"255":99,"256":99,"257":99,"260":274,"261":274,"262":71,"263":71,"265":71,"266":71,"267":71,"268":71,"269":71,"271":71,"272":71,"273":71,"274":71,"275":71,"276":71,"279":71,"280":147,"281":147,"282":147,"283":147,"284":147,"285":71,"286":71,"287":71,"288":147,"289":71,"290":71,"291":71,"293":274,"294":274,"295":274,"296":274,"297":274,"298":274,"299":274,"300":274,"310":31,"311":7,"312":2,"313":2,"316":7,"317":1,"318":1,"321":4,"323":4,"324":4,"326":4,"327":7,"337":31,"338":3,"339":1,"340":1,"343":2,"344":2,"345":2,"348":2,"350":2,"351":0,"352":2,"353":3,"358":31,"359":14,"360":14,"361":14,"362":14,"363":14,"364":14,"367":14,"368":14,"369":14,"370":14,"371":14,"374":14,"375":14,"376":14,"378":14,"379":14,"380":14,"381":14,"382":14,"383":14,"384":14,"385":14,"386":14,"387":14,"388":31,"396":1,"397":31,"398":31,"399":31,"400":31},"branchMap":{"0":{"type":"branch","line":165,"loc":{"start":{"line":165,"column":7},"end":{"line":389,"column":1}},"locations":[{"start":{"line":165,"column":7},"end":{"line":389,"column":1}}]},"1":{"type":"branch","line":170,"loc":{"start":{"line":170,"column":2},"end":{"line":174,"column":3}},"locations":[{"start":{"line":170,"column":2},"end":{"line":174,"column":3}}]},"2":{"type":"branch","line":179,"loc":{"start":{"line":179,"column":10},"end":{"line":189,"column":3}},"locations":[{"start":{"line":179,"column":10},"end":{"line":189,"column":3}}]},"3":{"type":"branch","line":195,"loc":{"start":{"line":195,"column":2},"end":{"line":197,"column":3}},"locations":[{"start":{"line":195,"column":2},"end":{"line":197,"column":3}}]},"4":{"type":"branch","line":208,"loc":{"start":{"line":208,"column":2},"end":{"line":226,"column":3}},"locations":[{"start":{"line":208,"column":2},"end":{"line":226,"column":3}}]},"5":{"type":"branch","line":209,"loc":{"start":{"line":209,"column":29},"end":{"line":211,"column":5}},"locations":[{"start":{"line":209,"column":29},"end":{"line":211,"column":5}}]},"6":{"type":"branch","line":211,"loc":{"start":{"line":211,"column":4},"end":{"line":219,"column":51}},"locations":[{"start":{"line":211,"column":4},"end":{"line":219,"column":51}}]},"7":{"type":"branch","line":219,"loc":{"start":{"line":219,"column":51},"end":{"line":223,"column":5}},"locations":[{"start":{"line":219,"column":51},"end":{"line":223,"column":5}}]},"8":{"type":"branch","line":223,"loc":{"start":{"line":223,"column":4},"end":{"line":225,"column":17}},"locations":[{"start":{"line":223,"column":4},"end":{"line":225,"column":17}}]},"9":{"type":"branch","line":237,"loc":{"start":{"line":237,"column":2},"end":{"line":301,"column":3}},"locations":[{"start":{"line":237,"column":2},"end":{"line":301,"column":3}}]},"10":{"type":"branch","line":251,"loc":{"start":{"line":251,"column":29},"end":{"line":251,"column":60}},"locations":[{"start":{"line":251,"column":29},"end":{"line":251,"column":60}}]},"11":{"type":"branch","line":251,"loc":{"start":{"line":251,"column":56},"end":{"line":251,"column":70}},"locations":[{"start":{"line":251,"column":56},"end":{"line":251,"column":70}}]},"12":{"type":"branch","line":253,"loc":{"start":{"line":253,"column":29},"end":{"line":258,"column":8}},"locations":[{"start":{"line":253,"column":29},"end":{"line":258,"column":8}}]},"13":{"type":"branch","line":262,"loc":{"start":{"line":262,"column":8},"end":{"line":262,"column":44}},"locations":[{"start":{"line":262,"column":8},"end":{"line":262,"column":44}}]},"14":{"type":"branch","line":262,"loc":{"start":{"line":262,"column":44},"end":{"line":292,"column":5}},"locations":[{"start":{"line":262,"column":44},"end":{"line":292,"column":5}}]},"15":{"type":"branch","line":280,"loc":{"start":{"line":280,"column":75},"end":{"line":289,"column":11}},"locations":[{"start":{"line":280,"column":75},"end":{"line":289,"column":11}}]},"16":{"type":"branch","line":285,"loc":{"start":{"line":285,"column":14},"end":{"line":288,"column":13}},"locations":[{"start":{"line":285,"column":14},"end":{"line":288,"column":13}}]},"17":{"type":"branch","line":255,"loc":{"start":{"line":255,"column":8},"end":{"line":257,"column":68}},"locations":[{"start":{"line":255,"column":8},"end":{"line":257,"column":68}}]},"18":{"type":"branch","line":257,"loc":{"start":{"line":257,"column":20},"end":{"line":257,"column":68}},"locations":[{"start":{"line":257,"column":20},"end":{"line":257,"column":68}}]},"19":{"type":"branch","line":311,"loc":{"start":{"line":311,"column":2},"end":{"line":328,"column":3}},"locations":[{"start":{"line":311,"column":2},"end":{"line":328,"column":3}}]},"20":{"type":"branch","line":312,"loc":{"start":{"line":312,"column":49},"end":{"line":314,"column":5}},"locations":[{"start":{"line":312,"column":49},"end":{"line":314,"column":5}}]},"21":{"type":"branch","line":314,"loc":{"start":{"line":314,"column":4},"end":{"line":317,"column":30}},"locations":[{"start":{"line":314,"column":4},"end":{"line":317,"column":30}}]},"22":{"type":"branch","line":317,"loc":{"start":{"line":317,"column":30},"end":{"line":319,"column":5}},"locations":[{"start":{"line":317,"column":30},"end":{"line":319,"column":5}}]},"23":{"type":"branch","line":319,"loc":{"start":{"line":319,"column":4},"end":{"line":327,"column":17}},"locations":[{"start":{"line":319,"column":4},"end":{"line":327,"column":17}}]},"24":{"type":"branch","line":338,"loc":{"start":{"line":338,"column":2},"end":{"line":354,"column":3}},"locations":[{"start":{"line":338,"column":2},"end":{"line":354,"column":3}}]},"25":{"type":"branch","line":339,"loc":{"start":{"line":339,"column":49},"end":{"line":341,"column":5}},"locations":[{"start":{"line":339,"column":49},"end":{"line":341,"column":5}}]},"26":{"type":"branch","line":341,"loc":{"start":{"line":341,"column":4},"end":{"line":353,"column":6}},"locations":[{"start":{"line":341,"column":4},"end":{"line":353,"column":6}}]},"27":{"type":"branch","line":359,"loc":{"start":{"line":359,"column":10},"end":{"line":388,"column":3}},"locations":[{"start":{"line":359,"column":10},"end":{"line":388,"column":3}}]},"28":{"type":"branch","line":397,"loc":{"start":{"line":397,"column":7},"end":{"line":401,"column":1}},"locations":[{"start":{"line":397,"column":7},"end":{"line":401,"column":1}}]}},"b":{"0":[31],"1":[31],"2":[33],"3":[2],"4":[18],"5":[2],"6":[16],"7":[14],"8":[16],"9":[274],"10":[99],"11":[175],"12":[99],"13":[71],"14":[71],"15":[147],"16":[71],"17":[99],"18":[32],"19":[7],"20":[2],"21":[5],"22":[1],"23":[4],"24":[3],"25":[1],"26":[2],"27":[14],"28":[31]},"fnMap":{"0":{"name":"<instance_members_initializer>","decl":{"start":{"line":165,"column":7},"end":{"line":389,"column":1}},"loc":{"start":{"line":165,"column":7},"end":{"line":389,"column":1}},"line":165},"1":{"name":"ShotDetector","decl":{"start":{"line":170,"column":2},"end":{"line":174,"column":3}},"loc":{"start":{"line":170,"column":2},"end":{"line":174,"column":3}},"line":170},"2":{"name":"createInitialState","decl":{"start":{"line":179,"column":10},"end":{"line":189,"column":3}},"loc":{"start":{"line":179,"column":10},"end":{"line":189,"column":3}},"line":179},"3":{"name":"reset","decl":{"start":{"line":195,"column":2},"end":{"line":197,"column":3}},"loc":{"start":{"line":195,"column":2},"end":{"line":197,"column":3}},"line":195},"4":{"name":"processFrames","decl":{"start":{"line":208,"column":2},"end":{"line":226,"column":3}},"loc":{"start":{"line":208,"column":2},"end":{"line":226,"column":3}},"line":208},"5":{"name":"processFrame","decl":{"start":{"line":237,"column":2},"end":{"line":301,"column":3}},"loc":{"start":{"line":237,"column":2},"end":{"line":301,"column":3}},"line":237},"6":{"name":"finalize","decl":{"start":{"line":311,"column":2},"end":{"line":328,"column":3}},"loc":{"start":{"line":311,"column":2},"end":{"line":328,"column":3}},"line":311},"7":{"name":"getDetectedShots","decl":{"start":{"line":338,"column":2},"end":{"line":354,"column":3}},"loc":{"start":{"line":338,"column":2},"end":{"line":354,"column":3}},"line":338},"8":{"name":"createShotWithPhases","decl":{"start":{"line":359,"column":10},"end":{"line":388,"column":3}},"loc":{"start":{"line":359,"column":10},"end":{"line":388,"column":3}},"line":359},"9":{"name":"createShotDetector","decl":{"start":{"line":397,"column":7},"end":{"line":401,"column":1}},"loc":{"start":{"line":397,"column":7},"end":{"line":401,"column":1}},"line":397}},"f":{"0":31,"1":31,"2":33,"3":2,"4":18,"5":274,"6":7,"7":3,"8":14,"9":31}}
,"/home/calin/projects/shot-analysis/src/detection/phase-detector.ts": {"path":"/home/calin/projects/shot-analysis/src/detection/phase-detector.ts","all":false,"statementMap":{"0":{"start":{"line":1,"column":0},"end":{"line":1,"column":3}},"72":{"start":{"line":73,"column":0},"end":{"line":73,"column":55}},"73":{"start":{"line":74,"column":0},"end":{"line":74,"column":25}},"74":{"start":{"line":75,"column":0},"end":{"line":75,"column":28}},"75":{"start":{"line":76,"column":0},"end":{"line":76,"column":22}},"76":{"start":{"line":77,"column":0},"end":{"line":77,"column":32}},"77":{"start":{"line":78,"column":0},"end":{"line":78,"column":26}},"78":{"start":{"line":79,"column":0},"end":{"line":79,"column":32}},"79":{"start":{"line":80,"column":0},"end":{"line":80,"column":2}},"143":{"start":{"line":144,"column":0},"end":{"line":144,"column":28}},"144":{"start":{"line":145,"column":0},"end":{"line":145,"column":57}},"146":{"start":{"line":147,"column":0},"end":{"line":147,"column":49}},"147":{"start":{"line":148,"column":0},"end":{"line":148,"column":51}},"148":{"start":{"line":149,"column":0},"end":{"line":149,"column":3}},"158":{"start":{"line":159,"column":0},"end":{"line":159,"column":15}},"159":{"start":{"line":160,"column":0},"end":{"line":160,"column":39}},"160":{"start":{"line":161,"column":0},"end":{"line":161,"column":23}},"161":{"start":{"line":162,"column":0},"end":{"line":162,"column":21}},"162":{"start":{"line":163,"column":0},"end":{"line":163,"column":27}},"163":{"start":{"line":164,"column":0},"end":{"line":164,"column":57}},"164":{"start":{"line":165,"column":0},"end":{"line":165,"column":43}},"165":{"start":{"line":166,"column":0},"end":{"line":166,"column":5}},"168":{"start":{"line":169,"column":0},"end":{"line":169,"column":48}},"169":{"start":{"line":170,"column":0},"end":{"line":170,"column":62}},"171":{"start":{"line":172,"column":0},"end":{"line":172,"column":38}},"172":{"start":{"line":173,"column":0},"end":{"line":173,"column":43}},"173":{"start":{"line":174,"column":0},"end":{"line":174,"column":5}},"176":{"start":{"line":177,"column":0},"end":{"line":177,"column":75}},"178":{"start":{"line":179,"column":0},"end":{"line":179,"column":31}},"179":{"start":{"line":180,"column":0},"end":{"line":180,"column":43}},"180":{"start":{"line":181,"column":0},"end":{"line":181,"column":5}},"183":{"start":{"line":184,"column":0},"end":{"line":184,"column":63}},"186":{"start":{"line":187,"column":0},"end":{"line":187,"column":74}},"188":{"start":{"line":189,"column":0},"end":{"line":189,"column":34}},"189":{"start":{"line":190,"column":0},"end":{"line":190,"column":3}},"194":{"start":{"line":195,"column":0},"end":{"line":195,"column":24}},"195":{"start":{"line":196,"column":0},"end":{"line":196,"column":39}},"196":{"start":{"line":197,"column":0},"end":{"line":197,"column":23}},"197":{"start":{"line":198,"column":0},"end":{"line":198,"column":21}},"198":{"start":{"line":199,"column":0},"end":{"line":199,"column":22}},"199":{"start":{"line":200,"column":0},"end":{"line":200,"column":42}},"202":{"start":{"line":203,"column":0},"end":{"line":203,"column":38}},"203":{"start":{"line":204,"column":0},"end":{"line":204,"column":36}},"205":{"start":{"line":206,"column":0},"end":{"line":206,"column":50}},"206":{"start":{"line":207,"column":0},"end":{"line":207,"column":47}},"207":{"start":{"line":208,"column":0},"end":{"line":208,"column":62}},"208":{"start":{"line":209,"column":0},"end":{"line":209,"column":64}},"209":{"start":{"line":210,"column":0},"end":{"line":210,"column":58}},"210":{"start":{"line":211,"column":0},"end":{"line":211,"column":60}},"212":{"start":{"line":213,"column":0},"end":{"line":213,"column":58}},"213":{"start":{"line":214,"column":0},"end":{"line":214,"column":52}},"214":{"start":{"line":215,"column":0},"end":{"line":215,"column":5}},"217":{"start":{"line":218,"column":0},"end":{"line":218,"column":26}},"218":{"start":{"line":219,"column":0},"end":{"line":219,"column":41}},"219":{"start":{"line":220,"column":0},"end":{"line":220,"column":70}},"220":{"start":{"line":221,"column":0},"end":{"line":221,"column":23}},"222":{"start":{"line":223,"column":0},"end":{"line":223,"column":24}},"223":{"start":{"line":224,"column":0},"end":{"line":224,"column":41}},"224":{"start":{"line":225,"column":0},"end":{"line":225,"column":68}},"225":{"start":{"line":226,"column":0},"end":{"line":226,"column":21}},"228":{"start":{"line":229,"column":0},"end":{"line":229,"column":50}},"229":{"start":{"line":230,"column":0},"end":{"line":230,"column":33}},"230":{"start":{"line":231,"column":0},"end":{"line":231,"column":47}},"232":{"start":{"line":233,"column":0},"end":{"line":233,"column":62}},"233":{"start":{"line":234,"column":0},"end":{"line":234,"column":64}},"234":{"start":{"line":235,"column":0},"end":{"line":235,"column":62}},"235":{"start":{"line":236,"column":0},"end":{"line":236,"column":64}},"236":{"start":{"line":237,"column":0},"end":{"line":237,"column":68}},"237":{"start":{"line":238,"column":0},"end":{"line":238,"column":70}},"238":{"start":{"line":239,"column":0},"end":{"line":239,"column":58}},"239":{"start":{"line":240,"column":0},"end":{"line":240,"column":60}},"240":{"start":{"line":241,"column":0},"end":{"line":241,"column":60}},"241":{"start":{"line":242,"column":0},"end":{"line":242,"column":62}},"242":{"start":{"line":243,"column":0},"end":{"line":243,"column":62}},"243":{"start":{"line":244,"column":0},"end":{"line":244,"column":64}},"246":{"start":{"line":247,"column":0},"end":{"line":247,"column":71}},"247":{"start":{"line":248,"column":0},"end":{"line":248,"column":48}},"248":{"start":{"line":249,"column":0},"end":{"line":249,"column":48}},"249":{"start":{"line":250,"column":0},"end":{"line":250,"column":72}},"250":{"start":{"line":251,"column":0},"end":{"line":251,"column":28}},"251":{"start":{"line":252,"column":0},"end":{"line":252,"column":72}},"254":{"start":{"line":255,"column":0},"end":{"line":255,"column":52}},"255":{"start":{"line":256,"column":0},"end":{"line":256,"column":16}},"256":{"start":{"line":257,"column":0},"end":{"line":257,"column":17}},"257":{"start":{"line":258,"column":0},"end":{"line":258,"column":18}},"258":{"start":{"line":259,"column":0},"end":{"line":259,"column":8}},"259":{"start":{"line":260,"column":0},"end":{"line":260,"column":53}},"260":{"start":{"line":261,"column":0},"end":{"line":261,"column":17}},"261":{"start":{"line":262,"column":0},"end":{"line":262,"column":18}},"262":{"start":{"line":263,"column":0},"end":{"line":263,"column":19}},"263":{"start":{"line":264,"column":0},"end":{"line":264,"column":8}},"264":{"start":{"line":265,"column":0},"end":{"line":265,"column":61}},"267":{"start":{"line":268,"column":0},"end":{"line":268,"column":27}},"268":{"start":{"line":269,"column":0},"end":{"line":269,"column":70}},"270":{"start":{"line":271,"column":0},"end":{"line":271,"column":25}},"271":{"start":{"line":272,"column":0},"end":{"line":272,"column":66}},"274":{"start":{"line":275,"column":0},"end":{"line":275,"column":27}},"275":{"start":{"line":276,"column":0},"end":{"line":276,"column":31}},"276":{"start":{"line":277,"column":0},"end":{"line":277,"column":33}},"277":{"start":{"line":278,"column":0},"end":{"line":278,"column":30}},"278":{"start":{"line":279,"column":0},"end":{"line":279,"column":31}},"279":{"start":{"line":280,"column":0},"end":{"line":280,"column":31}},"280":{"start":{"line":281,"column":0},"end":{"line":281,"column":33}},"281":{"start":{"line":282,"column":0},"end":{"line":282,"column":10}},"283":{"start":{"line":284,"column":0},"end":{"line":284,"column":22}},"284":{"start":{"line":285,"column":0},"end":{"line":285,"column":22}},"285":{"start":{"line":286,"column":0},"end":{"line":286,"column":40}},"286":{"start":{"line":287,"column":0},"end":{"line":287,"column":36}},"287":{"start":{"line":288,"column":0},"end":{"line":288,"column":18}},"288":{"start":{"line":289,"column":0},"end":{"line":289,"column":23}},"289":{"start":{"line":290,"column":0},"end":{"line":290,"column":22}},"290":{"start":{"line":291,"column":0},"end":{"line":291,"column":20}},"291":{"start":{"line":292,"column":0},"end":{"line":292,"column":22}},"292":{"start":{"line":293,"column":0},"end":{"line":293,"column":9}},"293":{"start":{"line":294,"column":0},"end":{"line":294,"column":5}},"295":{"start":{"line":296,"column":0},"end":{"line":296,"column":21}},"296":{"start":{"line":297,"column":0},"end":{"line":297,"column":3}},"301":{"start":{"line":302,"column":0},"end":{"line":302,"column":29}},"302":{"start":{"line":303,"column":0},"end":{"line":303,"column":18}},"303":{"start":{"line":304,"column":0},"end":{"line":304,"column":19}},"304":{"start":{"line":305,"column":0},"end":{"line":305,"column":20}},"305":{"start":{"line":306,"column":0},"end":{"line":306,"column":13}},"306":{"start":{"line":307,"column":0},"end":{"line":307,"column":26}},"307":{"start":{"line":308,"column":0},"end":{"line":308,"column":39}},"308":{"start":{"line":309,"column":0},"end":{"line":309,"column":42}},"309":{"start":{"line":310,"column":0},"end":{"line":310,"column":45}},"310":{"start":{"line":311,"column":0},"end":{"line":311,"column":6}},"311":{"start":{"line":312,"column":0},"end":{"line":312,"column":3}},"316":{"start":{"line":317,"column":0},"end":{"line":317,"column":25}},"317":{"start":{"line":318,"column":0},"end":{"line":318,"column":31}},"318":{"start":{"line":319,"column":0},"end":{"line":319,"column":22}},"319":{"start":{"line":320,"column":0},"end":{"line":320,"column":17}},"320":{"start":{"line":321,"column":0},"end":{"line":321,"column":31}},"321":{"start":{"line":322,"column":0},"end":{"line":322,"column":25}},"322":{"start":{"line":323,"column":0},"end":{"line":323,"column":33}},"323":{"start":{"line":324,"column":0},"end":{"line":324,"column":24}},"324":{"start":{"line":325,"column":0},"end":{"line":325,"column":25}},"325":{"start":{"line":326,"column":0},"end":{"line":326,"column":27}},"326":{"start":{"line":327,"column":0},"end":{"line":327,"column":17}},"327":{"start":{"line":328,"column":0},"end":{"line":328,"column":22}},"328":{"start":{"line":329,"column":0},"end":{"line":329,"column":46}},"329":{"start":{"line":330,"column":0},"end":{"line":330,"column":28}},"330":{"start":{"line":331,"column":0},"end":{"line":331,"column":6}},"333":{"start":{"line":334,"column":0},"end":{"line":334,"column":41}},"336":{"start":{"line":337,"column":0},"end":{"line":337,"column":51}},"339":{"start":{"line":340,"column":0},"end":{"line":340,"column":62}},"340":{"start":{"line":341,"column":0},"end":{"line":341,"column":48}},"341":{"start":{"line":342,"column":0},"end":{"line":342,"column":28}},"342":{"start":{"line":343,"column":0},"end":{"line":343,"column":5}},"344":{"start":{"line":345,"column":0},"end":{"line":345,"column":32}},"345":{"start":{"line":346,"column":0},"end":{"line":346,"column":3}},"350":{"start":{"line":351,"column":0},"end":{"line":351,"column":78}},"352":{"start":{"line":353,"column":0},"end":{"line":353,"column":36}},"353":{"start":{"line":354,"column":0},"end":{"line":354,"column":47}},"354":{"start":{"line":355,"column":0},"end":{"line":355,"column":43}},"355":{"start":{"line":356,"column":0},"end":{"line":356,"column":48}},"356":{"start":{"line":357,"column":0},"end":{"line":357,"column":7}},"357":{"start":{"line":358,"column":0},"end":{"line":358,"column":5}},"361":{"start":{"line":362,"column":0},"end":{"line":362,"column":36}},"362":{"start":{"line":363,"column":0},"end":{"line":363,"column":53}},"363":{"start":{"line":364,"column":0},"end":{"line":364,"column":44}},"364":{"start":{"line":365,"column":0},"end":{"line":365,"column":40}},"365":{"start":{"line":366,"column":0},"end":{"line":366,"column":47}},"366":{"start":{"line":367,"column":0},"end":{"line":367,"column":9}},"367":{"start":{"line":368,"column":0},"end":{"line":368,"column":7}},"368":{"start":{"line":369,"column":0},"end":{"line":369,"column":5}},"371":{"start":{"line":372,"column":0},"end":{"line":372,"column":78}},"372":{"start":{"line":373,"column":0},"end":{"line":373,"column":47}},"373":{"start":{"line":374,"column":0},"end":{"line":374,"column":3}},"378":{"start":{"line":379,"column":0},"end":{"line":379,"column":23}},"379":{"start":{"line":380,"column":0},"end":{"line":380,"column":31}},"380":{"start":{"line":381,"column":0},"end":{"line":381,"column":22}},"381":{"start":{"line":382,"column":0},"end":{"line":382,"column":22}},"382":{"start":{"line":383,"column":0},"end":{"line":383,"column":11}},"383":{"start":{"line":384,"column":0},"end":{"line":384,"column":31}},"384":{"start":{"line":385,"column":0},"end":{"line":385,"column":22}},"387":{"start":{"line":388,"column":0},"end":{"line":388,"column":25}},"388":{"start":{"line":389,"column":0},"end":{"line":389,"column":23}},"389":{"start":{"line":390,"column":0},"end":{"line":390,"column":23}},"390":{"start":{"line":391,"column":0},"end":{"line":391,"column":21}},"391":{"start":{"line":392,"column":0},"end":{"line":392,"column":23}},"392":{"start":{"line":393,"column":0},"end":{"line":393,"column":21}},"393":{"start":{"line":394,"column":0},"end":{"line":394,"column":27}},"394":{"start":{"line":395,"column":0},"end":{"line":395,"column":25}},"395":{"start":{"line":396,"column":0},"end":{"line":396,"column":26}},"396":{"start":{"line":397,"column":0},"end":{"line":397,"column":24}},"397":{"start":{"line":398,"column":0},"end":{"line":398,"column":32}},"398":{"start":{"line":399,"column":0},"end":{"line":399,"column":30}},"403":{"start":{"line":404,"column":0},"end":{"line":404,"column":34}},"404":{"start":{"line":405,"column":0},"end":{"line":405,"column":33}},"405":{"start":{"line":406,"column":0},"end":{"line":406,"column":34}},"408":{"start":{"line":409,"column":0},"end":{"line":409,"column":69}},"409":{"start":{"line":410,"column":0},"end":{"line":410,"column":42}},"410":{"start":{"line":411,"column":0},"end":{"line":411,"column":39}},"411":{"start":{"line":412,"column":0},"end":{"line":412,"column":9}},"412":{"start":{"line":413,"column":0},"end":{"line":413,"column":47}},"414":{"start":{"line":415,"column":0},"end":{"line":415,"column":44}},"415":{"start":{"line":416,"column":0},"end":{"line":416,"column":16}},"416":{"start":{"line":417,"column":0},"end":{"line":417,"column":9}},"417":{"start":{"line":418,"column":0},"end":{"line":418,"column":34}},"418":{"start":{"line":419,"column":0},"end":{"line":419,"column":7}},"419":{"start":{"line":420,"column":0},"end":{"line":420,"column":5}},"422":{"start":{"line":423,"column":0},"end":{"line":423,"column":35}},"423":{"start":{"line":424,"column":0},"end":{"line":424,"column":30}},"424":{"start":{"line":425,"column":0},"end":{"line":425,"column":68}},"427":{"start":{"line":428,"column":0},"end":{"line":428,"column":72}},"428":{"start":{"line":429,"column":0},"end":{"line":429,"column":44}},"429":{"start":{"line":430,"column":0},"end":{"line":430,"column":34}},"430":{"start":{"line":431,"column":0},"end":{"line":431,"column":30}},"431":{"start":{"line":432,"column":0},"end":{"line":432,"column":11}},"432":{"start":{"line":433,"column":0},"end":{"line":433,"column":7}},"433":{"start":{"line":434,"column":0},"end":{"line":434,"column":5}},"438":{"start":{"line":439,"column":0},"end":{"line":439,"column":26}},"439":{"start":{"line":440,"column":0},"end":{"line":440,"column":25}},"440":{"start":{"line":441,"column":0},"end":{"line":441,"column":58}},"442":{"start":{"line":443,"column":0},"end":{"line":443,"column":33}},"443":{"start":{"line":444,"column":0},"end":{"line":444,"column":34}},"446":{"start":{"line":447,"column":0},"end":{"line":447,"column":65}},"447":{"start":{"line":448,"column":0},"end":{"line":448,"column":34}},"448":{"start":{"line":449,"column":0},"end":{"line":449,"column":42}},"449":{"start":{"line":450,"column":0},"end":{"line":450,"column":9}},"450":{"start":{"line":451,"column":0},"end":{"line":451,"column":64}},"451":{"start":{"line":452,"column":0},"end":{"line":452,"column":41}},"452":{"start":{"line":453,"column":0},"end":{"line":453,"column":9}},"453":{"start":{"line":454,"column":0},"end":{"line":454,"column":7}},"454":{"start":{"line":455,"column":0},"end":{"line":455,"column":5}},"456":{"start":{"line":457,"column":0},"end":{"line":457,"column":8}},"457":{"start":{"line":458,"column":0},"end":{"line":458,"column":28}},"458":{"start":{"line":459,"column":0},"end":{"line":459,"column":27}},"459":{"start":{"line":460,"column":0},"end":{"line":460,"column":41}},"460":{"start":{"line":461,"column":0},"end":{"line":461,"column":7}},"461":{"start":{"line":462,"column":0},"end":{"line":462,"column":31}},"462":{"start":{"line":463,"column":0},"end":{"line":463,"column":28}},"465":{"start":{"line":466,"column":0},"end":{"line":466,"column":55}},"466":{"start":{"line":467,"column":0},"end":{"line":467,"column":34}},"467":{"start":{"line":468,"column":0},"end":{"line":468,"column":7}},"469":{"start":{"line":470,"column":0},"end":{"line":470,"column":10}},"470":{"start":{"line":471,"column":0},"end":{"line":471,"column":31}},"471":{"start":{"line":472,"column":0},"end":{"line":472,"column":63}},"472":{"start":{"line":473,"column":0},"end":{"line":473,"column":9}},"473":{"start":{"line":474,"column":0},"end":{"line":474,"column":42}},"474":{"start":{"line":475,"column":0},"end":{"line":475,"column":32}},"475":{"start":{"line":476,"column":0},"end":{"line":476,"column":28}},"476":{"start":{"line":477,"column":0},"end":{"line":477,"column":11}},"477":{"start":{"line":478,"column":0},"end":{"line":478,"column":7}},"478":{"start":{"line":479,"column":0},"end":{"line":479,"column":5}},"483":{"start":{"line":484,"column":0},"end":{"line":484,"column":33}},"484":{"start":{"line":485,"column":0},"end":{"line":485,"column":31}},"485":{"start":{"line":486,"column":0},"end":{"line":486,"column":30}},"487":{"start":{"line":488,"column":0},"end":{"line":488,"column":33}},"488":{"start":{"line":489,"column":0},"end":{"line":489,"column":34}},"490":{"start":{"line":491,"column":0},"end":{"line":491,"column":10}},"491":{"start":{"line":492,"column":0},"end":{"line":492,"column":67}},"492":{"start":{"line":493,"column":0},"end":{"line":493,"column":47}},"493":{"start":{"line":494,"column":0},"end":{"line":494,"column":9}},"494":{"start":{"line":495,"column":0},"end":{"line":495,"column":41}},"495":{"start":{"line":496,"column":0},"end":{"line":496,"column":49}},"496":{"start":{"line":497,"column":0},"end":{"line":497,"column":9}},"497":{"start":{"line":498,"column":0},"end":{"line":498,"column":28}},"498":{"start":{"line":499,"column":0},"end":{"line":499,"column":45}},"499":{"start":{"line":500,"column":0},"end":{"line":500,"column":66}},"501":{"start":{"line":502,"column":0},"end":{"line":502,"column":33}},"502":{"start":{"line":503,"column":0},"end":{"line":503,"column":30}},"503":{"start":{"line":504,"column":0},"end":{"line":504,"column":7}},"504":{"start":{"line":505,"column":0},"end":{"line":505,"column":5}},"506":{"start":{"line":507,"column":0},"end":{"line":507,"column":8}},"507":{"start":{"line":508,"column":0},"end":{"line":508,"column":35}},"508":{"start":{"line":509,"column":0},"end":{"line":509,"column":33}},"509":{"start":{"line":510,"column":0},"end":{"line":510,"column":28}},"510":{"start":{"line":511,"column":0},"end":{"line":511,"column":7}},"511":{"start":{"line":512,"column":0},"end":{"line":512,"column":38}},"512":{"start":{"line":513,"column":0},"end":{"line":513,"column":37}},"515":{"start":{"line":516,"column":0},"end":{"line":516,"column":51}},"516":{"start":{"line":517,"column":0},"end":{"line":517,"column":32}},"517":{"start":{"line":518,"column":0},"end":{"line":518,"column":7}},"519":{"start":{"line":520,"column":0},"end":{"line":520,"column":10}},"520":{"start":{"line":521,"column":0},"end":{"line":521,"column":31}},"521":{"start":{"line":522,"column":0},"end":{"line":522,"column":63}},"522":{"start":{"line":523,"column":0},"end":{"line":523,"column":9}},"523":{"start":{"line":524,"column":0},"end":{"line":524,"column":42}},"524":{"start":{"line":525,"column":0},"end":{"line":525,"column":32}},"525":{"start":{"line":526,"column":0},"end":{"line":526,"column":28}},"526":{"start":{"line":527,"column":0},"end":{"line":527,"column":11}},"527":{"start":{"line":528,"column":0},"end":{"line":528,"column":7}},"528":{"start":{"line":529,"column":0},"end":{"line":529,"column":5}},"533":{"start":{"line":534,"column":0},"end":{"line":534,"column":36}},"534":{"start":{"line":535,"column":0},"end":{"line":535,"column":55}},"537":{"start":{"line":538,"column":0},"end":{"line":538,"column":33}},"538":{"start":{"line":539,"column":0},"end":{"line":539,"column":42}},"539":{"start":{"line":540,"column":0},"end":{"line":540,"column":40}},"542":{"start":{"line":543,"column":0},"end":{"line":543,"column":46}},"543":{"start":{"line":544,"column":0},"end":{"line":544,"column":36}},"544":{"start":{"line":545,"column":0},"end":{"line":545,"column":76}},"545":{"start":{"line":546,"column":0},"end":{"line":546,"column":38}},"546":{"start":{"line":547,"column":0},"end":{"line":547,"column":16}},"547":{"start":{"line":548,"column":0},"end":{"line":548,"column":16}},"548":{"start":{"line":549,"column":0},"end":{"line":549,"column":9}},"549":{"start":{"line":550,"column":0},"end":{"line":550,"column":7}},"552":{"start":{"line":553,"column":0},"end":{"line":553,"column":45}},"553":{"start":{"line":554,"column":0},"end":{"line":554,"column":36}},"554":{"start":{"line":555,"column":0},"end":{"line":555,"column":76}},"555":{"start":{"line":556,"column":0},"end":{"line":556,"column":36}},"556":{"start":{"line":557,"column":0},"end":{"line":557,"column":16}},"557":{"start":{"line":558,"column":0},"end":{"line":558,"column":16}},"558":{"start":{"line":559,"column":0},"end":{"line":559,"column":9}},"559":{"start":{"line":560,"column":0},"end":{"line":560,"column":7}},"562":{"start":{"line":563,"column":0},"end":{"line":563,"column":50}},"563":{"start":{"line":564,"column":0},"end":{"line":564,"column":31}},"564":{"start":{"line":565,"column":0},"end":{"line":565,"column":7}},"566":{"start":{"line":567,"column":0},"end":{"line":567,"column":31}},"567":{"start":{"line":568,"column":0},"end":{"line":568,"column":27}},"569":{"start":{"line":570,"column":0},"end":{"line":570,"column":41}},"570":{"start":{"line":571,"column":0},"end":{"line":571,"column":46}},"571":{"start":{"line":572,"column":0},"end":{"line":572,"column":36}},"572":{"start":{"line":573,"column":0},"end":{"line":573,"column":32}},"573":{"start":{"line":574,"column":0},"end":{"line":574,"column":11}},"574":{"start":{"line":575,"column":0},"end":{"line":575,"column":7}},"575":{"start":{"line":576,"column":0},"end":{"line":576,"column":5}},"580":{"start":{"line":581,"column":0},"end":{"line":581,"column":29}},"581":{"start":{"line":582,"column":0},"end":{"line":582,"column":27}},"584":{"start":{"line":585,"column":0},"end":{"line":585,"column":37}},"587":{"start":{"line":588,"column":0},"end":{"line":588,"column":29}},"588":{"start":{"line":589,"column":0},"end":{"line":589,"column":40}},"590":{"start":{"line":591,"column":0},"end":{"line":591,"column":70}},"592":{"start":{"line":593,"column":0},"end":{"line":593,"column":54}},"594":{"start":{"line":595,"column":0},"end":{"line":595,"column":33}},"595":{"start":{"line":596,"column":0},"end":{"line":596,"column":26}},"596":{"start":{"line":597,"column":0},"end":{"line":597,"column":75}},"597":{"start":{"line":598,"column":0},"end":{"line":598,"column":10}},"598":{"start":{"line":599,"column":0},"end":{"line":599,"column":14}},"600":{"start":{"line":601,"column":0},"end":{"line":601,"column":69}},"601":{"start":{"line":602,"column":0},"end":{"line":602,"column":7}},"602":{"start":{"line":603,"column":0},"end":{"line":603,"column":5}},"605":{"start":{"line":606,"column":0},"end":{"line":606,"column":62}},"606":{"start":{"line":607,"column":0},"end":{"line":607,"column":49}},"607":{"start":{"line":608,"column":0},"end":{"line":608,"column":70}},"608":{"start":{"line":609,"column":0},"end":{"line":609,"column":54}},"609":{"start":{"line":610,"column":0},"end":{"line":610,"column":33}},"610":{"start":{"line":611,"column":0},"end":{"line":611,"column":26}},"611":{"start":{"line":612,"column":0},"end":{"line":612,"column":75}},"612":{"start":{"line":613,"column":0},"end":{"line":613,"column":10}},"613":{"start":{"line":614,"column":0},"end":{"line":614,"column":14}},"614":{"start":{"line":615,"column":0},"end":{"line":615,"column":69}},"615":{"start":{"line":616,"column":0},"end":{"line":616,"column":7}},"616":{"start":{"line":617,"column":0},"end":{"line":617,"column":5}},"618":{"start":{"line":619,"column":0},"end":{"line":619,"column":69}},"619":{"start":{"line":620,"column":0},"end":{"line":620,"column":37}},"620":{"start":{"line":621,"column":0},"end":{"line":621,"column":33}},"623":{"start":{"line":624,"column":0},"end":{"line":624,"column":62}},"624":{"start":{"line":625,"column":0},"end":{"line":625,"column":39}},"625":{"start":{"line":626,"column":0},"end":{"line":626,"column":7}},"627":{"start":{"line":628,"column":0},"end":{"line":628,"column":39}},"628":{"start":{"line":629,"column":0},"end":{"line":629,"column":45}},"629":{"start":{"line":630,"column":0},"end":{"line":630,"column":35}},"630":{"start":{"line":631,"column":0},"end":{"line":631,"column":31}},"631":{"start":{"line":632,"column":0},"end":{"line":632,"column":11}},"632":{"start":{"line":633,"column":0},"end":{"line":633,"column":7}},"633":{"start":{"line":634,"column":0},"end":{"line":634,"column":5}},"638":{"start":{"line":639,"column":0},"end":{"line":639,"column":26}},"639":{"start":{"line":640,"column":0},"end":{"line":640,"column":28}},"640":{"start":{"line":641,"column":0},"end":{"line":641,"column":36}},"641":{"start":{"line":642,"column":0},"end":{"line":642,"column":36}},"642":{"start":{"line":643,"column":0},"end":{"line":643,"column":37}},"643":{"start":{"line":644,"column":0},"end":{"line":644,"column":43}},"645":{"start":{"line":646,"column":0},"end":{"line":646,"column":46}},"646":{"start":{"line":647,"column":0},"end":{"line":647,"column":5}},"648":{"start":{"line":649,"column":0},"end":{"line":649,"column":45}},"650":{"start":{"line":651,"column":0},"end":{"line":651,"column":64}},"651":{"start":{"line":652,"column":0},"end":{"line":652,"column":40}},"652":{"start":{"line":653,"column":0},"end":{"line":653,"column":40}},"655":{"start":{"line":656,"column":0},"end":{"line":656,"column":66}},"656":{"start":{"line":657,"column":0},"end":{"line":657,"column":44}},"657":{"start":{"line":658,"column":0},"end":{"line":658,"column":7}},"661":{"start":{"line":662,"column":0},"end":{"line":662,"column":66}},"662":{"start":{"line":663,"column":0},"end":{"line":663,"column":77}},"664":{"start":{"line":665,"column":0},"end":{"line":665,"column":10}},"665":{"start":{"line":666,"column":0},"end":{"line":666,"column":49}},"666":{"start":{"line":667,"column":0},"end":{"line":667,"column":64}},"667":{"start":{"line":668,"column":0},"end":{"line":668,"column":9}},"668":{"start":{"line":669,"column":0},"end":{"line":669,"column":51}},"669":{"start":{"line":670,"column":0},"end":{"line":670,"column":41}},"670":{"start":{"line":671,"column":0},"end":{"line":671,"column":37}},"671":{"start":{"line":672,"column":0},"end":{"line":672,"column":11}},"672":{"start":{"line":673,"column":0},"end":{"line":673,"column":7}},"673":{"start":{"line":674,"column":0},"end":{"line":674,"column":5}},"674":{"start":{"line":675,"column":0},"end":{"line":675,"column":3}},"679":{"start":{"line":680,"column":0},"end":{"line":680,"column":37}},"680":{"start":{"line":681,"column":0},"end":{"line":681,"column":31}},"681":{"start":{"line":682,"column":0},"end":{"line":682,"column":23}},"682":{"start":{"line":683,"column":0},"end":{"line":683,"column":13}},"683":{"start":{"line":684,"column":0},"end":{"line":684,"column":41}},"686":{"start":{"line":687,"column":0},"end":{"line":687,"column":33}},"687":{"start":{"line":688,"column":0},"end":{"line":688,"column":80}},"690":{"start":{"line":691,"column":0},"end":{"line":691,"column":54}},"691":{"start":{"line":692,"column":0},"end":{"line":692,"column":63}},"694":{"start":{"line":695,"column":0},"end":{"line":695,"column":26}},"695":{"start":{"line":696,"column":0},"end":{"line":696,"column":40}},"696":{"start":{"line":697,"column":0},"end":{"line":697,"column":36}},"697":{"start":{"line":698,"column":0},"end":{"line":698,"column":38}},"698":{"start":{"line":699,"column":0},"end":{"line":699,"column":5}},"700":{"start":{"line":701,"column":0},"end":{"line":701,"column":48}},"701":{"start":{"line":702,"column":0},"end":{"line":702,"column":18}},"702":{"start":{"line":703,"column":0},"end":{"line":703,"column":66}},"703":{"start":{"line":704,"column":0},"end":{"line":704,"column":33}},"704":{"start":{"line":705,"column":0},"end":{"line":705,"column":28}},"705":{"start":{"line":706,"column":0},"end":{"line":706,"column":11}},"706":{"start":{"line":707,"column":0},"end":{"line":707,"column":9}},"707":{"start":{"line":708,"column":0},"end":{"line":708,"column":7}},"708":{"start":{"line":709,"column":0},"end":{"line":709,"column":5}},"709":{"start":{"line":710,"column":0},"end":{"line":710,"column":77}},"712":{"start":{"line":713,"column":0},"end":{"line":713,"column":22}},"713":{"start":{"line":714,"column":0},"end":{"line":714,"column":70}},"715":{"start":{"line":716,"column":0},"end":{"line":716,"column":48}},"716":{"start":{"line":717,"column":0},"end":{"line":717,"column":3}},"717":{"start":{"line":718,"column":0},"end":{"line":718,"column":1}},"725":{"start":{"line":726,"column":0},"end":{"line":726,"column":36}},"726":{"start":{"line":727,"column":0},"end":{"line":727,"column":35}},"727":{"start":{"line":728,"column":0},"end":{"line":728,"column":18}},"728":{"start":{"line":729,"column":0},"end":{"line":729,"column":35}},"729":{"start":{"line":730,"column":0},"end":{"line":730,"column":1}}},"s":{"0":1,"72":1,"73":1,"74":1,"75":1,"76":1,"77":1,"78":1,"79":1,"143":1,"144":65,"146":65,"147":65,"148":65,"158":65,"159":117,"160":117,"161":117,"162":117,"163":117,"164":1,"165":1,"168":116,"169":116,"171":117,"172":1,"173":1,"176":115,"178":117,"179":0,"180":0,"183":115,"186":115,"188":115,"189":117,"194":65,"195":115,"196":115,"197":115,"198":115,"199":115,"202":115,"203":115,"205":115,"206":2638,"207":2638,"208":2638,"209":2638,"210":2638,"212":2638,"213":2638,"214":2638,"217":115,"218":115,"219":115,"220":0,"222":115,"223":115,"224":115,"225":0,"228":115,"229":2638,"230":2638,"232":2638,"233":2638,"234":2638,"235":2638,"236":2638,"237":2638,"238":2638,"239":2638,"240":2638,"241":2638,"242":2638,"243":2638,"246":2638,"247":2638,"248":2638,"249":2638,"250":2638,"251":2638,"254":2638,"255":2638,"256":2638,"257":2638,"258":2638,"259":2638,"260":2638,"261":2638,"262":2638,"263":2638,"264":2638,"267":2638,"268":2638,"270":2638,"271":2638,"274":2638,"275":2638,"276":2638,"277":2638,"278":2638,"279":2638,"280":2638,"281":2638,"283":2638,"284":2638,"285":2638,"286":2638,"287":2638,"288":2638,"289":2638,"290":2638,"291":2638,"292":2638,"293":2638,"295":115,"296":115,"301":65,"302":5276,"303":5276,"304":5276,"305":5276,"306":5276,"307":5276,"308":5276,"309":5276,"310":5276,"311":5276,"316":65,"317":115,"318":115,"319":115,"320":115,"321":115,"322":115,"323":115,"324":115,"325":115,"326":115,"327":115,"328":115,"329":115,"330":115,"333":115,"336":115,"339":115,"340":115,"341":415,"342":415,"344":115,"345":115,"350":65,"352":115,"353":2638,"354":1788,"355":1788,"356":1788,"357":2638,"361":115,"362":2638,"363":2009,"364":269,"365":269,"366":269,"367":2009,"368":2638,"371":115,"372":115,"373":115,"378":65,"379":115,"380":115,"381":115,"382":115,"383":115,"384":115,"387":115,"388":115,"389":115,"390":115,"391":115,"392":115,"393":115,"394":115,"395":115,"396":115,"397":115,"398":115,"403":115,"404":115,"405":1389,"408":1389,"409":1203,"410":115,"411":115,"412":1389,"414":85,"415":85,"416":85,"417":0,"418":0,"419":1389,"422":115,"423":26,"424":26,"427":26,"428":25,"429":25,"430":25,"431":25,"432":25,"433":26,"438":115,"439":115,"440":115,"442":115,"443":2523,"446":2523,"447":146,"448":25,"449":25,"450":146,"451":98,"452":98,"453":146,"454":2523,"456":115,"457":115,"458":25,"459":25,"460":115,"461":25,"462":25,"465":25,"466":1,"467":1,"469":25,"470":25,"471":25,"472":25,"473":24,"474":24,"475":24,"476":24,"477":24,"478":25,"483":115,"484":115,"485":115,"487":115,"488":2523,"490":2523,"491":2523,"492":1492,"493":2523,"494":1458,"495":115,"496":115,"497":1458,"498":1458,"499":2523,"501":0,"502":0,"503":0,"504":2523,"506":115,"507":115,"508":115,"509":115,"510":115,"511":115,"512":115,"515":115,"516":24,"517":24,"519":115,"520":115,"521":115,"522":115,"523":115,"524":115,"525":115,"526":115,"527":115,"528":115,"533":115,"534":115,"537":115,"538":115,"539":115,"542":115,"543":303,"544":303,"545":188,"546":303,"547":115,"548":115,"549":303,"552":115,"553":207,"554":207,"555":140,"556":207,"557":67,"558":67,"559":207,"562":115,"563":115,"564":115,"566":115,"567":115,"569":115,"570":74,"571":74,"572":74,"573":74,"574":74,"575":115,"580":115,"581":115,"584":115,"587":115,"588":115,"590":115,"592":115,"594":64,"595":64,"596":64,"597":64,"598":115,"600":51,"601":51,"602":115,"605":115,"606":0,"607":0,"608":0,"609":0,"610":0,"611":0,"612":0,"613":0,"614":0,"615":0,"616":0,"618":115,"619":115,"620":115,"623":115,"624":0,"625":0,"627":115,"628":115,"629":115,"630":115,"631":115,"632":115,"633":115,"638":115,"639":115,"640":115,"641":115,"642":0,"643":0,"645":0,"646":0,"648":115,"650":115,"651":62,"652":62,"655":62,"656":0,"657":0,"661":62,"662":62,"664":62,"665":62,"666":62,"667":62,"668":62,"669":62,"670":62,"671":62,"672":62,"673":62,"674":115,"679":65,"680":115,"681":115,"682":115,"683":115,"686":115,"687":115,"690":115,"691":115,"694":115,"695":115,"696":115,"697":2638,"698":2638,"700":115,"701":415,"702":415,"703":2426,"704":2378,"705":2378,"706":2426,"707":415,"708":415,"709":115,"712":115,"713":115,"715":115,"716":115,"717":65,"725":1,"726":34,"727":34,"728":34,"729":34},"branchMap":{"0":{"type":"branch","line":144,"loc":{"start":{"line":144,"column":7},"end":{"line":718,"column":1}},"locations":[{"start":{"line":144,"column":7},"end":{"line":718,"column":1}}]},"1":{"type":"branch","line":147,"loc":{"start":{"line":147,"column":2},"end":{"line":149,"column":3}},"locations":[{"start":{"line":147,"column":2},"end":{"line":149,"column":3}}]},"2":{"type":"branch","line":159,"loc":{"start":{"line":159,"column":2},"end":{"line":190,"column":3}},"locations":[{"start":{"line":159,"column":2},"end":{"line":190,"column":3}}]},"3":{"type":"branch","line":164,"loc":{"start":{"line":164,"column":28},"end":{"line":164,"column":56}},"locations":[{"start":{"line":164,"column":28},"end":{"line":164,"column":56}}]},"4":{"type":"branch","line":164,"loc":{"start":{"line":164,"column":56},"end":{"line":166,"column":5}},"locations":[{"start":{"line":164,"column":56},"end":{"line":166,"column":5}}]},"5":{"type":"branch","line":166,"loc":{"start":{"line":166,"column":4},"end":{"line":172,"column":37}},"locations":[{"start":{"line":166,"column":4},"end":{"line":172,"column":37}}]},"6":{"type":"branch","line":172,"loc":{"start":{"line":172,"column":37},"end":{"line":174,"column":5}},"locations":[{"start":{"line":172,"column":37},"end":{"line":174,"column":5}}]},"7":{"type":"branch","line":174,"loc":{"start":{"line":174,"column":4},"end":{"line":179,"column":30}},"locations":[{"start":{"line":174,"column":4},"end":{"line":179,"column":30}}]},"8":{"type":"branch","line":179,"loc":{"start":{"line":179,"column":30},"end":{"line":181,"column":5}},"locations":[{"start":{"line":179,"column":30},"end":{"line":181,"column":5}}]},"9":{"type":"branch","line":181,"loc":{"start":{"line":181,"column":4},"end":{"line":189,"column":34}},"locations":[{"start":{"line":181,"column":4},"end":{"line":189,"column":34}}]},"10":{"type":"branch","line":195,"loc":{"start":{"line":195,"column":10},"end":{"line":297,"column":3}},"locations":[{"start":{"line":195,"column":10},"end":{"line":297,"column":3}}]},"11":{"type":"branch","line":206,"loc":{"start":{"line":206,"column":49},"end":{"line":215,"column":5}},"locations":[{"start":{"line":206,"column":49},"end":{"line":215,"column":5}}]},"12":{"type":"branch","line":220,"loc":{"start":{"line":220,"column":69},"end":{"line":221,"column":23}},"locations":[{"start":{"line":220,"column":69},"end":{"line":221,"column":23}}]},"13":{"type":"branch","line":225,"loc":{"start":{"line":225,"column":67},"end":{"line":226,"column":21}},"locations":[{"start":{"line":225,"column":67},"end":{"line":226,"column":21}}]},"14":{"type":"branch","line":229,"loc":{"start":{"line":229,"column":49},"end":{"line":294,"column":5}},"locations":[{"start":{"line":229,"column":49},"end":{"line":294,"column":5}}]},"15":{"type":"branch","line":252,"loc":{"start":{"line":252,"column":43},"end":{"line":252,"column":72}},"locations":[{"start":{"line":252,"column":43},"end":{"line":252,"column":72}}]},"16":{"type":"branch","line":269,"loc":{"start":{"line":269,"column":14},"end":{"line":269,"column":68}},"locations":[{"start":{"line":269,"column":14},"end":{"line":269,"column":68}}]},"17":{"type":"branch","line":269,"loc":{"start":{"line":269,"column":63},"end":{"line":269,"column":70}},"locations":[{"start":{"line":269,"column":63},"end":{"line":269,"column":70}}]},"18":{"type":"branch","line":272,"loc":{"start":{"line":272,"column":14},"end":{"line":272,"column":64}},"locations":[{"start":{"line":272,"column":14},"end":{"line":272,"column":64}}]},"19":{"type":"branch","line":272,"loc":{"start":{"line":272,"column":59},"end":{"line":272,"column":66}},"locations":[{"start":{"line":272,"column":59},"end":{"line":272,"column":66}}]},"20":{"type":"branch","line":302,"loc":{"start":{"line":302,"column":10},"end":{"line":312,"column":3}},"locations":[{"start":{"line":302,"column":10},"end":{"line":312,"column":3}}]},"21":{"type":"branch","line":317,"loc":{"start":{"line":317,"column":10},"end":{"line":346,"column":3}},"locations":[{"start":{"line":317,"column":10},"end":{"line":346,"column":3}}]},"22":{"type":"branch","line":329,"loc":{"start":{"line":329,"column":33},"end":{"line":329,"column":46}},"locations":[{"start":{"line":329,"column":33},"end":{"line":329,"column":46}}]},"23":{"type":"branch","line":341,"loc":{"start":{"line":341,"column":47},"end":{"line":343,"column":5}},"locations":[{"start":{"line":341,"column":47},"end":{"line":343,"column":5}}]},"24":{"type":"branch","line":351,"loc":{"start":{"line":351,"column":10},"end":{"line":374,"column":3}},"locations":[{"start":{"line":351,"column":10},"end":{"line":374,"column":3}}]},"25":{"type":"branch","line":353,"loc":{"start":{"line":353,"column":35},"end":{"line":358,"column":5}},"locations":[{"start":{"line":353,"column":35},"end":{"line":358,"column":5}}]},"26":{"type":"branch","line":354,"loc":{"start":{"line":354,"column":46},"end":{"line":357,"column":7}},"locations":[{"start":{"line":354,"column":46},"end":{"line":357,"column":7}}]},"27":{"type":"branch","line":362,"loc":{"start":{"line":362,"column":35},"end":{"line":369,"column":5}},"locations":[{"start":{"line":362,"column":35},"end":{"line":369,"column":5}}]},"28":{"type":"branch","line":363,"loc":{"start":{"line":363,"column":52},"end":{"line":368,"column":7}},"locations":[{"start":{"line":363,"column":52},"end":{"line":368,"column":7}}]},"29":{"type":"branch","line":364,"loc":{"start":{"line":364,"column":43},"end":{"line":367,"column":9}},"locations":[{"start":{"line":364,"column":43},"end":{"line":367,"column":9}}]},"30":{"type":"branch","line":372,"loc":{"start":{"line":372,"column":52},"end":{"line":372,"column":75}},"locations":[{"start":{"line":372,"column":52},"end":{"line":372,"column":75}}]},"31":{"type":"branch","line":379,"loc":{"start":{"line":379,"column":10},"end":{"line":675,"column":3}},"locations":[{"start":{"line":379,"column":10},"end":{"line":675,"column":3}}]},"32":{"type":"branch","line":385,"loc":{"start":{"line":385,"column":15},"end":{"line":385,"column":22}},"locations":[{"start":{"line":385,"column":15},"end":{"line":385,"column":22}}]},"33":{"type":"branch","line":405,"loc":{"start":{"line":405,"column":32},"end":{"line":420,"column":5}},"locations":[{"start":{"line":405,"column":32},"end":{"line":420,"column":5}}]},"34":{"type":"branch","line":409,"loc":{"start":{"line":409,"column":68},"end":{"line":413,"column":17}},"locations":[{"start":{"line":409,"column":68},"end":{"line":413,"column":17}}]},"35":{"type":"branch","line":410,"loc":{"start":{"line":410,"column":41},"end":{"line":412,"column":9}},"locations":[{"start":{"line":410,"column":41},"end":{"line":412,"column":9}}]},"36":{"type":"branch","line":413,"loc":{"start":{"line":413,"column":6},"end":{"line":419,"column":7}},"locations":[{"start":{"line":413,"column":6},"end":{"line":419,"column":7}}]},"37":{"type":"branch","line":413,"loc":{"start":{"line":413,"column":46},"end":{"line":419,"column":7}},"locations":[{"start":{"line":413,"column":46},"end":{"line":419,"column":7}}]},"38":{"type":"branch","line":417,"loc":{"start":{"line":417,"column":8},"end":{"line":419,"column":7}},"locations":[{"start":{"line":417,"column":8},"end":{"line":419,"column":7}}]},"39":{"type":"branch","line":423,"loc":{"start":{"line":423,"column":34},"end":{"line":434,"column":5}},"locations":[{"start":{"line":423,"column":34},"end":{"line":434,"column":5}}]},"40":{"type":"branch","line":428,"loc":{"start":{"line":428,"column":71},"end":{"line":433,"column":7}},"locations":[{"start":{"line":428,"column":71},"end":{"line":433,"column":7}}]},"41":{"type":"branch","line":443,"loc":{"start":{"line":443,"column":32},"end":{"line":455,"column":5}},"locations":[{"start":{"line":443,"column":32},"end":{"line":455,"column":5}}]},"42":{"type":"branch","line":447,"loc":{"start":{"line":447,"column":64},"end":{"line":454,"column":7}},"locations":[{"start":{"line":447,"column":64},"end":{"line":454,"column":7}}]},"43":{"type":"branch","line":448,"loc":{"start":{"line":448,"column":33},"end":{"line":450,"column":9}},"locations":[{"start":{"line":448,"column":33},"end":{"line":450,"column":9}}]},"44":{"type":"branch","line":451,"loc":{"start":{"line":451,"column":63},"end":{"line":453,"column":9}},"locations":[{"start":{"line":451,"column":63},"end":{"line":453,"column":9}}]},"45":{"type":"branch","line":458,"loc":{"start":{"line":458,"column":23},"end":{"line":459,"column":27}},"locations":[{"start":{"line":458,"column":23},"end":{"line":459,"column":27}}]},"46":{"type":"branch","line":459,"loc":{"start":{"line":459,"column":22},"end":{"line":460,"column":41}},"locations":[{"start":{"line":459,"column":22},"end":{"line":460,"column":41}}]},"47":{"type":"branch","line":461,"loc":{"start":{"line":461,"column":6},"end":{"line":479,"column":5}},"locations":[{"start":{"line":461,"column":6},"end":{"line":479,"column":5}}]},"48":{"type":"branch","line":466,"loc":{"start":{"line":466,"column":54},"end":{"line":468,"column":7}},"locations":[{"start":{"line":466,"column":54},"end":{"line":468,"column":7}}]},"49":{"type":"branch","line":473,"loc":{"start":{"line":473,"column":8},"end":{"line":478,"column":7}},"locations":[{"start":{"line":473,"column":8},"end":{"line":478,"column":7}}]},"50":{"type":"branch","line":488,"loc":{"start":{"line":488,"column":32},"end":{"line":505,"column":5}},"locations":[{"start":{"line":488,"column":32},"end":{"line":505,"column":5}}]},"51":{"type":"branch","line":492,"loc":{"start":{"line":492,"column":42},"end":{"line":493,"column":47}},"locations":[{"start":{"line":492,"column":42},"end":{"line":493,"column":47}}]},"52":{"type":"branch","line":494,"loc":{"start":{"line":494,"column":8},"end":{"line":500,"column":17}},"locations":[{"start":{"line":494,"column":8},"end":{"line":500,"column":17}}]},"53":{"type":"branch","line":495,"loc":{"start":{"line":495,"column":40},"end":{"line":497,"column":9}},"locations":[{"start":{"line":495,"column":40},"end":{"line":497,"column":9}}]},"54":{"type":"branch","line":500,"loc":{"start":{"line":500,"column":6},"end":{"line":504,"column":7}},"locations":[{"start":{"line":500,"column":6},"end":{"line":504,"column":7}}]},"55":{"type":"branch","line":500,"loc":{"start":{"line":500,"column":37},"end":{"line":500,"column":65}},"locations":[{"start":{"line":500,"column":37},"end":{"line":500,"column":65}}]},"56":{"type":"branch","line":500,"loc":{"start":{"line":500,"column":65},"end":{"line":504,"column":7}},"locations":[{"start":{"line":500,"column":65},"end":{"line":504,"column":7}}]},"57":{"type":"branch","line":516,"loc":{"start":{"line":516,"column":22},"end":{"line":516,"column":50}},"locations":[{"start":{"line":516,"column":22},"end":{"line":516,"column":50}}]},"58":{"type":"branch","line":516,"loc":{"start":{"line":516,"column":50},"end":{"line":518,"column":7}},"locations":[{"start":{"line":516,"column":50},"end":{"line":518,"column":7}}]},"59":{"type":"branch","line":543,"loc":{"start":{"line":543,"column":45},"end":{"line":550,"column":7}},"locations":[{"start":{"line":543,"column":45},"end":{"line":550,"column":7}}]},"60":{"type":"branch","line":545,"loc":{"start":{"line":545,"column":75},"end":{"line":547,"column":15}},"locations":[{"start":{"line":545,"column":75},"end":{"line":547,"column":15}}]},"61":{"type":"branch","line":547,"loc":{"start":{"line":547,"column":8},"end":{"line":549,"column":9}},"locations":[{"start":{"line":547,"column":8},"end":{"line":549,"column":9}}]},"62":{"type":"branch","line":553,"loc":{"start":{"line":553,"column":44},"end":{"line":560,"column":7}},"locations":[{"start":{"line":553,"column":44},"end":{"line":560,"column":7}}]},"63":{"type":"branch","line":555,"loc":{"start":{"line":555,"column":75},"end":{"line":557,"column":15}},"locations":[{"start":{"line":555,"column":75},"end":{"line":557,"column":15}}]},"64":{"type":"branch","line":557,"loc":{"start":{"line":557,"column":8},"end":{"line":559,"column":9}},"locations":[{"start":{"line":557,"column":8},"end":{"line":559,"column":9}}]},"65":{"type":"branch","line":570,"loc":{"start":{"line":570,"column":40},"end":{"line":575,"column":7}},"locations":[{"start":{"line":570,"column":40},"end":{"line":575,"column":7}}]},"66":{"type":"branch","line":593,"loc":{"start":{"line":593,"column":53},"end":{"line":599,"column":13}},"locations":[{"start":{"line":593,"column":53},"end":{"line":599,"column":13}}]},"67":{"type":"branch","line":599,"loc":{"start":{"line":599,"column":6},"end":{"line":602,"column":7}},"locations":[{"start":{"line":599,"column":6},"end":{"line":602,"column":7}}]},"68":{"type":"branch","line":606,"loc":{"start":{"line":606,"column":28},"end":{"line":606,"column":61}},"locations":[{"start":{"line":606,"column":28},"end":{"line":606,"column":61}}]},"69":{"type":"branch","line":606,"loc":{"start":{"line":606,"column":61},"end":{"line":617,"column":5}},"locations":[{"start":{"line":606,"column":61},"end":{"line":617,"column":5}}]},"70":{"type":"branch","line":624,"loc":{"start":{"line":624,"column":61},"end":{"line":626,"column":7}},"locations":[{"start":{"line":624,"column":61},"end":{"line":626,"column":7}}]},"71":{"type":"branch","line":642,"loc":{"start":{"line":642,"column":4},"end":{"line":647,"column":5}},"locations":[{"start":{"line":642,"column":4},"end":{"line":647,"column":5}}]},"72":{"type":"branch","line":651,"loc":{"start":{"line":651,"column":63},"end":{"line":674,"column":5}},"locations":[{"start":{"line":651,"column":63},"end":{"line":674,"column":5}}]},"73":{"type":"branch","line":656,"loc":{"start":{"line":656,"column":65},"end":{"line":658,"column":7}},"locations":[{"start":{"line":656,"column":65},"end":{"lin
[...]
1":{"type":"branch","line":458,"loc":{"start":{"line":458,"column":0},"end":{"line":462,"column":1}},"locations":[{"start":{"line":458,"column":0},"end":{"line":462,"column":1}}]}},"b":{"0":[6],"1":[6],"2":[4],"3":[4],"4":[5],"5":[5],"6":[15],"7":[15],"8":[12],"9":[15],"10":[3],"11":[1],"12":[2],"13":[0],"14":[2],"15":[0],"16":[17],"17":[5],"18":[12],"19":[3],"20":[3],"21":[3]},"fnMap":{"0":{"name":"<instance_members_initializer>","decl":{"start":{"line":33,"column":7},"end":{"line":41,"column":1}},"loc":{"start":{"line":33,"column":7},"end":{"line":41,"column":1}},"line":33},"1":{"name":"VideoFileNotFoundError","decl":{"start":{"line":36,"column":2},"end":{"line":40,"column":3}},"loc":{"start":{"line":36,"column":2},"end":{"line":40,"column":3}},"line":36},"2":{"name":"<instance_members_initializer>","decl":{"start":{"line":46,"column":7},"end":{"line":56,"column":1}},"loc":{"start":{"line":46,"column":7},"end":{"line":56,"column":1}},"line":46},"3":{"name":"VideoFileCorruptedError","decl":{"start":{"line":50,"column":2},"end":{"line":55,"column":3}},"loc":{"start":{"line":50,"column":2},"end":{"line":55,"column":3}},"line":50},"4":{"name":"<instance_members_initializer>","decl":{"start":{"line":61,"column":7},"end":{"line":74,"column":1}},"loc":{"start":{"line":61,"column":7},"end":{"line":74,"column":1}},"line":61},"5":{"name":"UnsupportedVideoFormatError","decl":{"start":{"line":65,"column":2},"end":{"line":73,"column":3}},"loc":{"start":{"line":65,"column":2},"end":{"line":73,"column":3}},"line":65},"6":{"name":"<instance_members_initializer>","decl":{"start":{"line":111,"column":7},"end":{"line":435,"column":1}},"loc":{"start":{"line":111,"column":7},"end":{"line":435,"column":1}},"line":111},"7":{"name":"VideoFileProvider","decl":{"start":{"line":120,"column":10},"end":{"line":128,"column":3}},"loc":{"start":{"line":120,"column":10},"end":{"line":128,"column":3}},"line":120},"8":{"name":"isSupportedFormat","decl":{"start":{"line":136,"column":9},"end":{"line":143,"column":3}},"loc":{"start":{"line":136,"column":9},"end":{"line":143,"column":3}},"line":136},"9":{"name":"createWithMockData","decl":{"start":{"line":151,"column":9},"end":{"line":153,"column":3}},"loc":{"start":{"line":151,"column":9},"end":{"line":153,"column":3}},"line":151},"10":{"name":"create","decl":{"start":{"line":165,"column":2},"end":{"line":187,"column":3}},"loc":{"start":{"line":165,"column":2},"end":{"line":187,"column":3}},"line":165},"11":{"name":"extractVideoData","decl":{"start":{"line":195,"column":2},"end":{"line":220,"column":3}},"loc":{"start":{"line":195,"column":2},"end":{"line":220,"column":3}},"line":195},"12":{"name":"probeVideo","decl":{"start":{"line":225,"column":2},"end":{"line":308,"column":3}},"loc":{"start":{"line":225,"column":2},"end":{"line":308,"column":3}},"line":225},"13":{"name":"extractFrames","decl":{"start":{"line":313,"column":2},"end":{"line":393,"column":3}},"loc":{"start":{"line":313,"column":2},"end":{"line":393,"column":3}},"line":313},"14":{"name":"getNextFrame","decl":{"start":{"line":400,"column":2},"end":{"line":416,"column":3}},"loc":{"start":{"line":400,"column":2},"end":{"line":416,"column":3}},"line":400},"15":{"name":"getFps","decl":{"start":{"line":423,"column":2},"end":{"line":425,"column":3}},"loc":{"start":{"line":423,"column":2},"end":{"line":425,"column":3}},"line":423},"16":{"name":"getMetadata","decl":{"start":{"line":432,"column":2},"end":{"line":434,"column":3}},"loc":{"start":{"line":432,"column":2},"end":{"line":434,"column":3}},"line":432},"17":{"name":"createVideoFileProvider","decl":{"start":{"line":458,"column":0},"end":{"line":462,"column":1}},"loc":{"start":{"line":458,"column":0},"end":{"line":462,"column":1}},"line":458}},"f":{"0":6,"1":6,"2":4,"3":4,"4":5,"5":5,"6":15,"7":15,"8":12,"9":15,"10":3,"11":0,"12":0,"13":0,"14":17,"15":3,"16":3,"17":3}}
,"/home/calin/projects/shot-analysis/src/utils/coordinates.ts": {"path":"/home/calin/projects/shot-analysis/src/utils/coordinates.ts","all":false,"statementMap":{"29":{"start":{"line":30,"column":0},"end":{"line":30,"column":37}},"30":{"start":{"line":31,"column":0},"end":{"line":31,"column":19}},"31":{"start":{"line":32,"column":0},"end":{"line":32,"column":24}},"32":{"start":{"line":33,"column":0},"end":{"line":33,"column":11}},"33":{"start":{"line":34,"column":0},"end":{"line":34,"column":27}},"34":{"start":{"line":35,"column":0},"end":{"line":35,"column":64}},"35":{"start":{"line":36,"column":0},"end":{"line":36,"column":3}},"37":{"start":{"line":38,"column":0},"end":{"line":38,"column":34}},"38":{"start":{"line":39,"column":0},"end":{"line":39,"column":1}},"55":{"start":{"line":56,"column":0},"end":{"line":56,"column":42}},"56":{"start":{"line":57,"column":0},"end":{"line":57,"column":17}},"57":{"start":{"line":58,"column":0},"end":{"line":58,"column":21}},"58":{"start":{"line":59,"column":0},"end":{"line":59,"column":12}},"59":{"start":{"line":60,"column":0},"end":{"line":60,"column":10}},"60":{"start":{"line":61,"column":0},"end":{"line":61,"column":29}},"61":{"start":{"line":62,"column":0},"end":{"line":62,"column":29}},"62":{"start":{"line":63,"column":0},"end":{"line":63,"column":29}},"63":{"start":{"line":64,"column":0},"end":{"line":64,"column":4}},"64":{"start":{"line":65,"column":0},"end":{"line":65,"column":1}}},"s":{"29":1,"30":11,"31":11,"32":11,"33":11,"34":2,"35":2,"37":9,"38":9,"55":1,"56":10,"57":10,"58":10,"59":10,"60":10,"61":10,"62":10,"63":10,"64":10},"branchMap":{"0":{"type":"branch","line":30,"loc":{"start":{"line":30,"column":7},"end":{"line":39,"column":1}},"locations":[{"start":{"line":30,"column":7},"end":{"line":39,"column":1}}]},"1":{"type":"branch","line":34,"loc":{"start":{"line":34,"column":26},"end":{"line":36,"column":3}},"locations":[{"start":{"line":34,"column":26},"end":{"line":36,"column":3}}]},"2":{"type":"branch","line":36,"loc":{"start":{"line":36,"column":2},"end":{"line":39,"column":1}},"locations":[{"start":{"line":36,"column":2},"end":{"line":39,"column":1}}]},"3":{"type":"branch","line":56,"loc":{"start":{"line":56,"column":7},"end":{"line":65,"column":1}},"locations":[{"start":{"line":56,"column":7},"end":{"line":65,"column":1}}]}},"b":{"0":[11],"1":[2],"2":[9],"3":[10]},"fnMap":{"0":{"name":"normalizeToBodyScale","decl":{"start":{"line":30,"column":7},"end":{"line":39,"column":1}},"loc":{"start":{"line":30,"column":7},"end":{"line":39,"column":1}},"line":30},"1":{"name":"calculateRelativePosition","decl":{"start":{"line":56,"column":7},"end":{"line":65,"column":1}},"loc":{"start":{"line":56,"column":7},"end":{"line":65,"column":1}},"line":56}},"f":{"0":11,"1":10}}
,"/home/calin/projects/shot-analysis/src/utils/geometry.ts": {"path":"/home/calin/projects/shot-analysis/src/utils/geometry.ts","all":false,"statementMap":{"31":{"start":{"line":32,"column":0},"end":{"line":32,"column":31}},"32":{"start":{"line":33,"column":0},"end":{"line":33,"column":13}},"33":{"start":{"line":34,"column":0},"end":{"line":34,"column":18}},"34":{"start":{"line":35,"column":0},"end":{"line":35,"column":13}},"35":{"start":{"line":36,"column":0},"end":{"line":36,"column":11}},"37":{"start":{"line":38,"column":0},"end":{"line":38,"column":14}},"38":{"start":{"line":39,"column":0},"end":{"line":39,"column":22}},"39":{"start":{"line":40,"column":0},"end":{"line":40,"column":22}},"40":{"start":{"line":41,"column":0},"end":{"line":41,"column":22}},"41":{"start":{"line":42,"column":0},"end":{"line":42,"column":4}},"43":{"start":{"line":44,"column":0},"end":{"line":44,"column":14}},"44":{"start":{"line":45,"column":0},"end":{"line":45,"column":22}},"45":{"start":{"line":46,"column":0},"end":{"line":46,"column":22}},"46":{"start":{"line":47,"column":0},"end":{"line":47,"column":22}},"47":{"start":{"line":48,"column":0},"end":{"line":48,"column":4}},"50":{"start":{"line":51,"column":0},"end":{"line":51,"column":73}},"51":{"start":{"line":52,"column":0},"end":{"line":52,"column":73}},"54":{"start":{"line":55,"column":0},"end":{"line":55,"column":47}},"55":{"start":{"line":56,"column":0},"end":{"line":56,"column":13}},"56":{"start":{"line":57,"column":0},"end":{"line":57,"column":3}},"59":{"start":{"line":60,"column":0},"end":{"line":60,"column":61}},"63":{"start":{"line":64,"column":0},"end":{"line":64,"column":28}},"64":{"start":{"line":65,"column":0},"end":{"line":65,"column":7}},"65":{"start":{"line":66,"column":0},"end":{"line":66,"column":58}},"66":{"start":{"line":67,"column":0},"end":{"line":67,"column":4}},"69":{"start":{"line":70,"column":0},"end":{"line":70,"column":43}},"70":{"start":{"line":71,"column":0},"end":{"line":71,"column":54}},"72":{"start":{"line":73,"column":0},"end":{"line":73,"column":22}},"73":{"start":{"line":74,"column":0},"end":{"line":74,"column":1}},"88":{"start":{"line":89,"column":0},"end":{"line":89,"column":67}},"89":{"start":{"line":90,"column":0},"end":{"line":90,"column":23}},"90":{"start":{"line":91,"column":0},"end":{"line":91,"column":23}},"91":{"start":{"line":92,"column":0},"end":{"line":92,"column":23}},"93":{"start":{"line":94,"column":0},"end":{"line":94,"column":48}},"94":{"start":{"line":95,"column":0},"end":{"line":95,"column":1}},"110":{"start":{"line":111,"column":0},"end":{"line":111,"column":69}},"111":{"start":{"line":112,"column":0},"end":{"line":112,"column":23}},"112":{"start":{"line":113,"column":0},"end":{"line":113,"column":23}},"114":{"start":{"line":115,"column":0},"end":{"line":115,"column":38}},"115":{"start":{"line":116,"column":0},"end":{"line":116,"column":1}}},"s":{"31":1,"32":5550,"33":5550,"34":5550,"35":5550,"37":5550,"38":5550,"39":5550,"40":5550,"41":5550,"43":5550,"44":5550,"45":5550,"46":5550,"47":5550,"50":5550,"51":5550,"54":5550,"55":7,"56":7,"59":5543,"63":5543,"64":5543,"65":5543,"66":5543,"69":5543,"70":5543,"72":5543,"73":5543,"88":1,"89":95,"90":95,"91":95,"93":95,"94":95,"110":1,"111":9,"112":9,"114":9,"115":9},"branchMap":{"0":{"type":"branch","line":32,"loc":{"start":{"line":32,"column":7},"end":{"line":74,"column":1}},"locations":[{"start":{"line":32,"column":7},"end":{"line":74,"column":1}}]},"1":{"type":"branch","line":55,"loc":{"start":{"line":55,"column":22},"end":{"line":55,"column":46}},"locations":[{"start":{"line":55,"column":22},"end":{"line":55,"column":46}}]},"2":{"type":"branch","line":55,"loc":{"start":{"line":55,"column":46},"end":{"line":57,"column":3}},"locations":[{"start":{"line":55,"column":46},"end":{"line":57,"column":3}}]},"3":{"type":"branch","line":57,"loc":{"start":{"line":57,"column":2},"end":{"line":74,"column":1}},"locations":[{"start":{"line":57,"column":2},"end":{"line":74,"column":1}}]},"4":{"type":"branch","line":89,"loc":{"start":{"line":89,"column":7},"end":{"line":95,"column":1}},"locations":[{"start":{"line":89,"column":7},"end":{"line":95,"column":1}}]},"5":{"type":"branch","line":111,"loc":{"start":{"line":111,"column":7},"end":{"line":116,"column":1}},"locations":[{"start":{"line":111,"column":7},"end":{"line":116,"column":1}}]}},"b":{"0":[5550],"1":[5544],"2":[7],"3":[5543],"4":[95],"5":[9]},"fnMap":{"0":{"name":"calculateAngle","decl":{"start":{"line":32,"column":7},"end":{"line":74,"column":1}},"loc":{"start":{"line":32,"column":7},"end":{"line":74,"column":1}},"line":32},"1":{"name":"calculateDistance","decl":{"start":{"line":89,"column":7},"end":{"line":95,"column":1}},"loc":{"start":{"line":89,"column":7},"end":{"line":95,"column":1}},"line":89},"2":{"name":"calculateDistance2D","decl":{"start":{"line":111,"column":7},"end":{"line":116,"column":1}},"loc":{"start":{"line":111,"column":7},"end":{"line":116,"column":1}},"line":111}},"f":{"0":5550,"1":95,"2":9}}
,"/home/calin/projects/shot-analysis/src/utils/smoothing.ts": {"path":"/home/calin/projects/shot-analysis/src/utils/smoothing.ts","all":false,"statementMap":{"15":{"start":{"line":16,"column":0},"end":{"line":16,"column":30}},"33":{"start":{"line":34,"column":0},"end":{"line":34,"column":79}},"34":{"start":{"line":35,"column":0},"end":{"line":35,"column":23}},"35":{"start":{"line":36,"column":0},"end":{"line":36,"column":54}},"36":{"start":{"line":37,"column":0},"end":{"line":37,"column":3}},"38":{"start":{"line":39,"column":0},"end":{"line":39,"column":28}},"39":{"start":{"line":40,"column":0},"end":{"line":40,"column":14}},"40":{"start":{"line":41,"column":0},"end":{"line":41,"column":3}},"42":{"start":{"line":43,"column":0},"end":{"line":43,"column":30}},"44":{"start":{"line":45,"column":0},"end":{"line":45,"column":43}},"46":{"start":{"line":47,"column":0},"end":{"line":47,"column":56}},"47":{"start":{"line":48,"column":0},"end":{"line":48,"column":49}},"50":{"start":{"line":51,"column":0},"end":{"line":51,"column":16}},"51":{"start":{"line":52,"column":0},"end":{"line":52,"column":44}},"52":{"start":{"line":53,"column":0},"end":{"line":53,"column":24}},"53":{"start":{"line":54,"column":0},"end":{"line":54,"column":5}},"56":{"start":{"line":57,"column":0},"end":{"line":57,"column":40}},"57":{"start":{"line":58,"column":0},"end":{"line":58,"column":3}},"59":{"start":{"line":60,"column":0},"end":{"line":60,"column":16}},"60":{"start":{"line":61,"column":0},"end":{"line":61,"column":1}},"77":{"start":{"line":78,"column":0},"end":{"line":78,"column":37}},"78":{"start":{"line":79,"column":0},"end":{"line":79,"column":20}},"79":{"start":{"line":80,"column":0},"end":{"line":80,"column":21}},"80":{"start":{"line":81,"column":0},"end":{"line":81,"column":14}},"81":{"start":{"line":82,"column":0},"end":{"line":82,"column":23}},"82":{"start":{"line":83,"column":0},"end":{"line":83,"column":54}},"83":{"start":{"line":84,"column":0},"end":{"line":84,"column":3}},"85":{"start":{"line":86,"column":0},"end":{"line":86,"column":28}},"86":{"start":{"line":87,"column":0},"end":{"line":87,"column":14}},"87":{"start":{"line":88,"column":0},"end":{"line":88,"column":3}},"90":{"start":{"line":91,"column":0},"end":{"line":91,"column":41}},"91":{"start":{"line":92,"column":0},"end":{"line":92,"column":41}},"92":{"start":{"line":93,"column":0},"end":{"line":93,"column":41}},"95":{"start":{"line":96,"column":0},"end":{"line":96,"column":55}},"96":{"start":{"line":97,"column":0},"end":{"line":97,"column":55}},"97":{"start":{"line":98,"column":0},"end":{"line":98,"column":55}},"100":{"start":{"line":101,"column":0},"end":{"line":101,"column":31}},"101":{"start":{"line":102,"column":0},"end":{"line":102,"column":43}},"102":{"start":{"line":103,"column":0},"end":{"line":103,"column":17}},"103":{"start":{"line":104,"column":0},"end":{"line":104,"column":23}},"104":{"start":{"line":105,"column":0},"end":{"line":105,"column":23}},"105":{"start":{"line":106,"column":0},"end":{"line":106,"column":23}},"106":{"start":{"line":107,"column":0},"end":{"line":107,"column":7}},"107":{"start":{"line":108,"column":0},"end":{"line":108,"column":3}},"109":{"start":{"line":110,"column":0},"end":{"line":110,"column":16}},"110":{"start":{"line":111,"column":0},"end":{"line":111,"column":1}},"128":{"start":{"line":129,"column":0},"end":{"line":129,"column":39}},"129":{"start":{"line":130,"column":0},"end":{"line":130,"column":22}},"130":{"start":{"line":131,"column":0},"end":{"line":131,"column":43}},"131":{"start":{"line":132,"column":0},"end":{"line":132,"column":14}},"132":{"start":{"line":133,"column":0},"end":{"line":133,"column":52}},"133":{"start":{"line":134,"column":0},"end":{"line":134,"column":1}}},"s":{"15":1,"33":1,"34":577,"35":2,"36":2,"38":577,"39":1,"40":1,"42":574,"44":577,"46":12866,"47":12866,"50":12866,"51":12866,"52":36880,"53":36880,"56":12866,"57":12866,"59":574,"60":574,"77":1,"78":14,"79":14,"80":14,"81":14,"82":1,"83":1,"85":14,"86":2,"87":2,"90":11,"91":11,"92":11,"95":11,"96":11,"97":11,"100":11,"101":14,"102":37,"103":37,"104":37,"105":37,"106":37,"107":37,"109":11,"110":11,"128":1,"129":6,"130":6,"131":6,"132":6,"133":6},"branchMap":{"0":{"type":"branch","line":34,"loc":{"start":{"line":34,"column":7},"end":{"line":61,"column":1}},"locations":[{"start":{"line":34,"column":7},"end":{"line":61,"column":1}}]},"1":{"type":"branch","line":35,"loc":{"start":{"line":35,"column":22},"end":{"line":37,"column":3}},"locations":[{"start":{"line":35,"column":22},"end":{"line":37,"column":3}}]},"2":{"type":"branch","line":37,"loc":{"start":{"line":37,"column":2},"end":{"line":39,"column":27}},"locations":[{"start":{"line":37,"column":2},"end":{"line":39,"column":27}}]},"3":{"type":"branch","line":39,"loc":{"start":{"line":39,"column":27},"end":{"line":41,"column":3}},"locations":[{"start":{"line":39,"column":27},"end":{"line":41,"column":3}}]},"4":{"type":"branch","line":41,"loc":{"start":{"line":41,"column":2},"end":{"line":45,"column":42}},"locations":[{"start":{"line":41,"column":2},"end":{"line":45,"column":42}}]},"5":{"type":"branch","line":45,"loc":{"start":{"line":45,"column":42},"end":{"line":58,"column":3}},"locations":[{"start":{"line":45,"column":42},"end":{"line":58,"column":3}}]},"6":{"type":"branch","line":52,"loc":{"start":{"line":52,"column":43},"end":{"line":54,"column":5}},"locations":[{"start":{"line":52,"column":43},"end":{"line":54,"column":5}}]},"7":{"type":"branch","line":58,"loc":{"start":{"line":58,"column":2},"end":{"line":61,"column":1}},"locations":[{"start":{"line":58,"column":2},"end":{"line":61,"column":1}}]},"8":{"type":"branch","line":78,"loc":{"start":{"line":78,"column":7},"end":{"line":111,"column":1}},"locations":[{"start":{"line":78,"column":7},"end":{"line":111,"column":1}}]},"9":{"type":"branch","line":82,"loc":{"start":{"line":82,"column":22},"end":{"line":84,"column":3}},"locations":[{"start":{"line":82,"column":22},"end":{"line":84,"column":3}}]},"10":{"type":"branch","line":84,"loc":{"start":{"line":84,"column":2},"end":{"line":86,"column":27}},"locations":[{"start":{"line":84,"column":2},"end":{"line":86,"column":27}}]},"11":{"type":"branch","line":86,"loc":{"start":{"line":86,"column":27},"end":{"line":88,"column":3}},"locations":[{"start":{"line":86,"column":27},"end":{"line":88,"column":3}}]},"12":{"type":"branch","line":88,"loc":{"start":{"line":88,"column":2},"end":{"line":102,"column":42}},"locations":[{"start":{"line":88,"column":2},"end":{"line":102,"column":42}}]},"13":{"type":"branch","line":102,"loc":{"start":{"line":102,"column":42},"end":{"line":108,"column":3}},"locations":[{"start":{"line":102,"column":42},"end":{"line":108,"column":3}}]},"14":{"type":"branch","line":108,"loc":{"start":{"line":108,"column":2},"end":{"line":111,"column":1}},"locations":[{"start":{"line":108,"column":2},"end":{"line":111,"column":1}}]},"15":{"type":"branch","line":91,"loc":{"start":{"line":91,"column":29},"end":{"line":91,"column":39}},"locations":[{"start":{"line":91,"column":29},"end":{"line":91,"column":39}}]},"16":{"type":"branch","line":92,"loc":{"start":{"line":92,"column":29},"end":{"line":92,"column":39}},"locations":[{"start":{"line":92,"column":29},"end":{"line":92,"column":39}}]},"17":{"type":"branch","line":93,"loc":{"start":{"line":93,"column":29},"end":{"line":93,"column":39}},"locations":[{"start":{"line":93,"column":29},"end":{"line":93,"column":39}}]},"18":{"type":"branch","line":129,"loc":{"start":{"line":129,"column":7},"end":{"line":134,"column":1}},"locations":[{"start":{"line":129,"column":7},"end":{"line":134,"column":1}}]}},"b":{"0":[577],"1":[2],"2":[575],"3":[1],"4":[574],"5":[12866],"6":[36880],"7":[574],"8":[14],"9":[1],"10":[13],"11":[2],"12":[11],"13":[37],"14":[11],"15":[37],"16":[37],"17":[37],"18":[6]},"fnMap":{"0":{"name":"movingAverage","decl":{"start":{"line":34,"column":7},"end":{"line":61,"column":1}},"loc":{"start":{"line":34,"column":7},"end":{"line":61,"column":1}},"line":34},"1":{"name":"movingAveragePoint3D","decl":{"start":{"line":78,"column":7},"end":{"line":111,"column":1}},"loc":{"start":{"line":78,"column":7},"end":{"line":111,"column":1}},"line":78},"2":{"name":"smoothLandmarkSequence","decl":{"start":{"line":129,"column":7},"end":{"line":134,"column":1}},"loc":{"start":{"line":129,"column":7},"end":{"line":134,"column":1}},"line":129}},"f":{"0":577,"1":14,"2":6}}
}
