{
  "/home/calin/projects/shot-analysis/src/analyzer.ts": {
    "path": "/home/calin/projects/shot-analysis/src/analyzer.ts",
    "all": false,
    "statementMap": {
      "0": {
        "start": { "line": 1, "column": 0 },
        "end": { "line": 1, "column": 3 }
      },
      "64": {
        "start": { "line": 65, "column": 0 },
        "end": { "line": 65, "column": 60 }
      },
      "65": {
        "start": { "line": 66, "column": 0 },
        "end": { "line": 66, "column": 31 }
      },
      "66": {
        "start": { "line": 67, "column": 0 },
        "end": { "line": 67, "column": 10 }
      },
      "67": {
        "start": { "line": 68, "column": 0 },
        "end": { "line": 68, "column": 65 }
      },
      "69": {
        "start": { "line": 70, "column": 0 },
        "end": { "line": 70, "column": 6 }
      },
      "70": {
        "start": { "line": 71, "column": 0 },
        "end": { "line": 71, "column": 50 }
      },
      "71": {
        "start": { "line": 72, "column": 0 },
        "end": { "line": 72, "column": 3 }
      },
      "72": {
        "start": { "line": 73, "column": 0 },
        "end": { "line": 73, "column": 1 }
      },
      "77": {
        "start": { "line": 78, "column": 0 },
        "end": { "line": 78, "column": 64 }
      },
      "78": {
        "start": { "line": 79, "column": 0 },
        "end": { "line": 79, "column": 17 }
      },
      "79": {
        "start": { "line": 80, "column": 0 },
        "end": { "line": 80, "column": 10 }
      },
      "80": {
        "start": { "line": 81, "column": 0 },
        "end": { "line": 81, "column": 47 }
      },
      "82": {
        "start": { "line": 83, "column": 0 },
        "end": { "line": 83, "column": 6 }
      },
      "83": {
        "start": { "line": 84, "column": 0 },
        "end": { "line": 84, "column": 54 }
      },
      "84": {
        "start": { "line": 85, "column": 0 },
        "end": { "line": 85, "column": 3 }
      },
      "85": {
        "start": { "line": 86, "column": 0 },
        "end": { "line": 86, "column": 1 }
      },
      "124": {
        "start": { "line": 125, "column": 0 },
        "end": { "line": 125, "column": 27 }
      },
      "126": {
        "start": { "line": 127, "column": 0 },
        "end": { "line": 127, "column": 51 }
      },
      "129": {
        "start": { "line": 130, "column": 0 },
        "end": { "line": 130, "column": 48 }
      },
      "132": {
        "start": { "line": 133, "column": 0 },
        "end": { "line": 133, "column": 51 }
      },
      "135": {
        "start": { "line": 136, "column": 0 },
        "end": { "line": 136, "column": 46 }
      },
      "138": {
        "start": { "line": 139, "column": 0 },
        "end": { "line": 139, "column": 58 }
      },
      "141": {
        "start": { "line": 142, "column": 0 },
        "end": { "line": 142, "column": 52 }
      },
      "144": {
        "start": { "line": 145, "column": 0 },
        "end": { "line": 145, "column": 30 }
      },
      "166": {
        "start": { "line": 167, "column": 0 },
        "end": { "line": 167, "column": 14 }
      },
      "167": {
        "start": { "line": 168, "column": 0 },
        "end": { "line": 168, "column": 53 }
      },
      "168": {
        "start": { "line": 169, "column": 0 },
        "end": { "line": 169, "column": 38 }
      },
      "169": {
        "start": { "line": 170, "column": 0 },
        "end": { "line": 170, "column": 5 }
      },
      "171": {
        "start": { "line": 172, "column": 0 },
        "end": { "line": 172, "column": 41 }
      },
      "172": {
        "start": { "line": 173, "column": 0 },
        "end": { "line": 173, "column": 27 }
      },
      "175": {
        "start": { "line": 176, "column": 0 },
        "end": { "line": 176, "column": 69 }
      },
      "178": {
        "start": { "line": 179, "column": 0 },
        "end": { "line": 179, "column": 54 }
      },
      "179": {
        "start": { "line": 180, "column": 0 },
        "end": { "line": 180, "column": 40 }
      },
      "180": {
        "start": { "line": 181, "column": 0 },
        "end": { "line": 181, "column": 37 }
      },
      "181": {
        "start": { "line": 182, "column": 0 },
        "end": { "line": 182, "column": 39 }
      },
      "182": {
        "start": { "line": 183, "column": 0 },
        "end": { "line": 183, "column": 38 }
      },
      "183": {
        "start": { "line": 184, "column": 0 },
        "end": { "line": 184, "column": 36 }
      },
      "184": {
        "start": { "line": 185, "column": 0 },
        "end": { "line": 185, "column": 35 }
      },
      "185": {
        "start": { "line": 186, "column": 0 },
        "end": { "line": 186, "column": 7 }
      },
      "188": {
        "start": { "line": 189, "column": 0 },
        "end": { "line": 189, "column": 48 }
      },
      "192": {
        "start": { "line": 193, "column": 0 },
        "end": { "line": 193, "column": 36 }
      },
      "193": {
        "start": { "line": 194, "column": 0 },
        "end": { "line": 194, "column": 78 }
      },
      "194": {
        "start": { "line": 195, "column": 0 },
        "end": { "line": 195, "column": 5 }
      },
      "195": {
        "start": { "line": 196, "column": 0 },
        "end": { "line": 196, "column": 3 }
      },
      "212": {
        "start": { "line": 213, "column": 0 },
        "end": { "line": 213, "column": 37 }
      },
      "213": {
        "start": { "line": 214, "column": 0 },
        "end": { "line": 214, "column": 27 }
      },
      "214": {
        "start": { "line": 215, "column": 0 },
        "end": { "line": 215, "column": 54 }
      },
      "215": {
        "start": { "line": 216, "column": 0 },
        "end": { "line": 216, "column": 5 }
      },
      "218": {
        "start": { "line": 219, "column": 0 },
        "end": { "line": 219, "column": 49 }
      },
      "219": {
        "start": { "line": 220, "column": 0 },
        "end": { "line": 220, "column": 38 }
      },
      "220": {
        "start": { "line": 221, "column": 0 },
        "end": { "line": 221, "column": 6 }
      },
      "222": {
        "start": { "line": 223, "column": 0 },
        "end": { "line": 223, "column": 28 }
      },
      "223": {
        "start": { "line": 224, "column": 0 },
        "end": { "line": 224, "column": 3 }
      },
      "241": {
        "start": { "line": 242, "column": 0 },
        "end": { "line": 242, "column": 34 }
      },
      "242": {
        "start": { "line": 243, "column": 0 },
        "end": { "line": 243, "column": 28 }
      },
      "243": {
        "start": { "line": 244, "column": 0 },
        "end": { "line": 244, "column": 38 }
      },
      "244": {
        "start": { "line": 245, "column": 0 },
        "end": { "line": 245, "column": 31 }
      },
      "245": {
        "start": { "line": 246, "column": 0 },
        "end": { "line": 246, "column": 5 }
      },
      "246": {
        "start": { "line": 247, "column": 0 },
        "end": { "line": 247, "column": 29 }
      },
      "247": {
        "start": { "line": 248, "column": 0 },
        "end": { "line": 248, "column": 3 }
      },
      "254": {
        "start": { "line": 255, "column": 0 },
        "end": { "line": 255, "column": 28 }
      },
      "255": {
        "start": { "line": 256, "column": 0 },
        "end": { "line": 256, "column": 28 }
      },
      "256": {
        "start": { "line": 257, "column": 0 },
        "end": { "line": 257, "column": 3 }
      },
      "263": {
        "start": { "line": 264, "column": 0 },
        "end": { "line": 264, "column": 40 }
      },
      "264": {
        "start": { "line": 265, "column": 0 },
        "end": { "line": 265, "column": 23 }
      },
      "265": {
        "start": { "line": 266, "column": 0 },
        "end": { "line": 266, "column": 3 }
      },
      "274": {
        "start": { "line": 275, "column": 0 },
        "end": { "line": 275, "column": 27 }
      },
      "275": {
        "start": { "line": 276, "column": 0 },
        "end": { "line": 276, "column": 39 }
      },
      "276": {
        "start": { "line": 277, "column": 0 },
        "end": { "line": 277, "column": 3 }
      },
      "284": {
        "start": { "line": 285, "column": 0 },
        "end": { "line": 285, "column": 35 }
      },
      "285": {
        "start": { "line": 286, "column": 0 },
        "end": { "line": 286, "column": 29 }
      },
      "286": {
        "start": { "line": 287, "column": 0 },
        "end": { "line": 287, "column": 67 }
      },
      "287": {
        "start": { "line": 288, "column": 0 },
        "end": { "line": 288, "column": 5 }
      },
      "288": {
        "start": { "line": 289, "column": 0 },
        "end": { "line": 289, "column": 29 }
      },
      "289": {
        "start": { "line": 290, "column": 0 },
        "end": { "line": 290, "column": 3 }
      },
      "296": {
        "start": { "line": 297, "column": 0 },
        "end": { "line": 297, "column": 35 }
      },
      "297": {
        "start": { "line": 298, "column": 0 },
        "end": { "line": 298, "column": 29 }
      },
      "298": {
        "start": { "line": 299, "column": 0 },
        "end": { "line": 299, "column": 3 }
      },
      "305": {
        "start": { "line": 306, "column": 0 },
        "end": { "line": 306, "column": 47 }
      },
      "306": {
        "start": { "line": 307, "column": 0 },
        "end": { "line": 307, "column": 35 }
      },
      "307": {
        "start": { "line": 308, "column": 0 },
        "end": { "line": 308, "column": 3 }
      },
      "314": {
        "start": { "line": 315, "column": 0 },
        "end": { "line": 315, "column": 41 }
      },
      "315": {
        "start": { "line": 316, "column": 0 },
        "end": { "line": 316, "column": 32 }
      },
      "316": {
        "start": { "line": 317, "column": 0 },
        "end": { "line": 317, "column": 3 }
      },
      "317": {
        "start": { "line": 318, "column": 0 },
        "end": { "line": 318, "column": 1 }
      },
      "344": {
        "start": { "line": 345, "column": 0 },
        "end": { "line": 345, "column": 41 }
      },
      "345": {
        "start": { "line": 346, "column": 0 },
        "end": { "line": 346, "column": 51 }
      },
      "346": {
        "start": { "line": 347, "column": 0 },
        "end": { "line": 347, "column": 36 }
      },
      "347": {
        "start": { "line": 348, "column": 0 },
        "end": { "line": 348, "column": 26 }
      },
      "348": {
        "start": { "line": 349, "column": 0 },
        "end": { "line": 349, "column": 53 }
      },
      "349": {
        "start": { "line": 350, "column": 0 },
        "end": { "line": 350, "column": 30 }
      },
      "350": {
        "start": { "line": 351, "column": 0 },
        "end": { "line": 351, "column": 18 }
      },
      "351": {
        "start": { "line": 352, "column": 0 },
        "end": { "line": 352, "column": 1 }
      }
    },
    "s": {
      "0": 1,
      "64": 1,
      "65": 1,
      "66": 0,
      "67": 0,
      "69": 0,
      "70": 0,
      "71": 0,
      "72": 1,
      "77": 1,
      "78": 1,
      "79": 2,
      "80": 2,
      "82": 2,
      "83": 2,
      "84": 2,
      "85": 1,
      "124": 1,
      "126": 41,
      "129": 41,
      "132": 41,
      "135": 41,
      "138": 41,
      "141": 41,
      "144": 41,
      "166": 41,
      "167": 41,
      "168": 41,
      "169": 41,
      "171": 41,
      "172": 41,
      "175": 41,
      "178": 41,
      "179": 41,
      "180": 41,
      "181": 41,
      "182": 41,
      "183": 41,
      "184": 41,
      "185": 41,
      "188": 41,
      "192": 41,
      "193": 3,
      "194": 3,
      "195": 41,
      "212": 41,
      "213": 13,
      "214": 2,
      "215": 2,
      "218": 11,
      "219": 11,
      "220": 11,
      "222": 11,
      "223": 13,
      "241": 41,
      "242": 5,
      "243": 3,
      "244": 3,
      "245": 3,
      "246": 5,
      "247": 5,
      "254": 41,
      "255": 8,
      "256": 8,
      "263": 41,
      "264": 7,
      "265": 7,
      "274": 41,
      "275": 4,
      "276": 4,
      "284": 41,
      "285": 0,
      "286": 0,
      "287": 0,
      "288": 0,
      "289": 0,
      "296": 41,
      "297": 0,
      "298": 0,
      "305": 41,
      "306": 0,
      "307": 0,
      "314": 41,
      "315": 0,
      "316": 0,
      "317": 41,
      "344": 3,
      "345": 3,
      "346": 3,
      "347": 3,
      "348": 3,
      "349": 3,
      "350": 2,
      "351": 2
    },
    "branchMap": {
      "0": {
        "type": "branch",
        "line": 79,
        "loc": {
          "start": { "line": 79, "column": 2 },
          "end": { "line": 85, "column": 3 }
        },
        "locations": [
          {
            "start": { "line": 79, "column": 2 },
            "end": { "line": 85, "column": 3 }
          }
        ]
      },
      "1": {
        "type": "branch",
        "line": 125,
        "loc": {
          "start": { "line": 125, "column": 7 },
          "end": { "line": 318, "column": 1 }
        },
        "locations": [
          {
            "start": { "line": 125, "column": 7 },
            "end": { "line": 318, "column": 1 }
          }
        ]
      },
      "2": {
        "type": "branch",
        "line": 167,
        "loc": {
          "start": { "line": 167, "column": 2 },
          "end": { "line": 196, "column": 3 }
        },
        "locations": [
          {
            "start": { "line": 167, "column": 2 },
            "end": { "line": 196, "column": 3 }
          }
        ]
      },
      "3": {
        "type": "branch",
        "line": 193,
        "loc": {
          "start": { "line": 193, "column": 35 },
          "end": { "line": 195, "column": 5 }
        },
        "locations": [
          {
            "start": { "line": 193, "column": 35 },
            "end": { "line": 195, "column": 5 }
          }
        ]
      },
      "4": {
        "type": "branch",
        "line": 213,
        "loc": {
          "start": { "line": 213, "column": 2 },
          "end": { "line": 224, "column": 3 }
        },
        "locations": [
          {
            "start": { "line": 213, "column": 2 },
            "end": { "line": 224, "column": 3 }
          }
        ]
      },
      "5": {
        "type": "branch",
        "line": 214,
        "loc": {
          "start": { "line": 214, "column": 26 },
          "end": { "line": 216, "column": 5 }
        },
        "locations": [
          {
            "start": { "line": 214, "column": 26 },
            "end": { "line": 216, "column": 5 }
          }
        ]
      },
      "6": {
        "type": "branch",
        "line": 216,
        "loc": {
          "start": { "line": 216, "column": 4 },
          "end": { "line": 223, "column": 28 }
        },
        "locations": [
          {
            "start": { "line": 216, "column": 4 },
            "end": { "line": 223, "column": 28 }
          }
        ]
      },
      "7": {
        "type": "branch",
        "line": 242,
        "loc": {
          "start": { "line": 242, "column": 2 },
          "end": { "line": 248, "column": 3 }
        },
        "locations": [
          {
            "start": { "line": 242, "column": 2 },
            "end": { "line": 248, "column": 3 }
          }
        ]
      },
      "8": {
        "type": "branch",
        "line": 243,
        "loc": {
          "start": { "line": 243, "column": 27 },
          "end": { "line": 246, "column": 5 }
        },
        "locations": [
          {
            "start": { "line": 243, "column": 27 },
            "end": { "line": 246, "column": 5 }
          }
        ]
      },
      "9": {
        "type": "branch",
        "line": 255,
        "loc": {
          "start": { "line": 255, "column": 2 },
          "end": { "line": 257, "column": 3 }
        },
        "locations": [
          {
            "start": { "line": 255, "column": 2 },
            "end": { "line": 257, "column": 3 }
          }
        ]
      },
      "10": {
        "type": "branch",
        "line": 264,
        "loc": {
          "start": { "line": 264, "column": 2 },
          "end": { "line": 266, "column": 3 }
        },
        "locations": [
          {
            "start": { "line": 264, "column": 2 },
            "end": { "line": 266, "column": 3 }
          }
        ]
      },
      "11": {
        "type": "branch",
        "line": 275,
        "loc": {
          "start": { "line": 275, "column": 2 },
          "end": { "line": 277, "column": 3 }
        },
        "locations": [
          {
            "start": { "line": 275, "column": 2 },
            "end": { "line": 277, "column": 3 }
          }
        ]
      },
      "12": {
        "type": "branch",
        "line": 345,
        "loc": {
          "start": { "line": 345, "column": 0 },
          "end": { "line": 352, "column": 1 }
        },
        "locations": [
          {
            "start": { "line": 345, "column": 0 },
            "end": { "line": 352, "column": 1 }
          }
        ]
      },
      "13": {
        "type": "branch",
        "line": 350,
        "loc": {
          "start": { "line": 350, "column": 28 },
          "end": { "line": 352, "column": 1 }
        },
        "locations": [
          {
            "start": { "line": 350, "column": 28 },
            "end": { "line": 352, "column": 1 }
          }
        ]
      }
    },
    "b": {
      "0": [2],
      "1": [41],
      "2": [41],
      "3": [3],
      "4": [13],
      "5": [2],
      "6": [11],
      "7": [5],
      "8": [3],
      "9": [8],
      "10": [7],
      "11": [4],
      "12": [3],
      "13": [2]
    },
    "fnMap": {
      "0": {
        "name": "ShotAnalyzerNotInitializedError",
        "decl": {
          "start": { "line": 66, "column": 2 },
          "end": { "line": 72, "column": 3 }
        },
        "loc": {
          "start": { "line": 66, "column": 2 },
          "end": { "line": 72, "column": 3 }
        },
        "line": 66
      },
      "1": {
        "name": "ShotAnalyzerAlreadyInitializedError",
        "decl": {
          "start": { "line": 79, "column": 2 },
          "end": { "line": 85, "column": 3 }
        },
        "loc": {
          "start": { "line": 79, "column": 2 },
          "end": { "line": 85, "column": 3 }
        },
        "line": 79
      },
      "2": {
        "name": "<instance_members_initializer>",
        "decl": {
          "start": { "line": 125, "column": 7 },
          "end": { "line": 318, "column": 1 }
        },
        "loc": {
          "start": { "line": 125, "column": 7 },
          "end": { "line": 318, "column": 1 }
        },
        "line": 125
      },
      "3": {
        "name": "ShotAnalyzer",
        "decl": {
          "start": { "line": 167, "column": 2 },
          "end": { "line": 196, "column": 3 }
        },
        "loc": {
          "start": { "line": 167, "column": 2 },
          "end": { "line": 196, "column": 3 }
        },
        "line": 167
      },
      "4": {
        "name": "initialize",
        "decl": {
          "start": { "line": 213, "column": 2 },
          "end": { "line": 224, "column": 3 }
        },
        "loc": {
          "start": { "line": 213, "column": 2 },
          "end": { "line": 224, "column": 3 }
        },
        "line": 213
      },
      "5": {
        "name": "dispose",
        "decl": {
          "start": { "line": 242, "column": 2 },
          "end": { "line": 248, "column": 3 }
        },
        "loc": {
          "start": { "line": 242, "column": 2 },
          "end": { "line": 248, "column": 3 }
        },
        "line": 242
      },
      "6": {
        "name": "isInitialized",
        "decl": {
          "start": { "line": 255, "column": 2 },
          "end": { "line": 257, "column": 3 }
        },
        "loc": {
          "start": { "line": 255, "column": 2 },
          "end": { "line": 257, "column": 3 }
        },
        "line": 255
      },
      "7": {
        "name": "getConfig",
        "decl": {
          "start": { "line": 264, "column": 2 },
          "end": { "line": 266, "column": 3 }
        },
        "loc": {
          "start": { "line": 264, "column": 2 },
          "end": { "line": 266, "column": 3 }
        },
        "line": 264
      },
      "8": {
        "name": "getProfiles",
        "decl": {
          "start": { "line": 275, "column": 2 },
          "end": { "line": 277, "column": 3 }
        },
        "loc": {
          "start": { "line": 275, "column": 2 },
          "end": { "line": 277, "column": 3 }
        },
        "line": 275
      },
      "9": {
        "name": "getPoseDetector",
        "decl": {
          "start": { "line": 285, "column": 2 },
          "end": { "line": 290, "column": 3 }
        },
        "loc": {
          "start": { "line": 285, "column": 2 },
          "end": { "line": 290, "column": 3 }
        },
        "line": 285
      },
      "10": {
        "name": "getShotDetector",
        "decl": {
          "start": { "line": 297, "column": 2 },
          "end": { "line": 299, "column": 3 }
        },
        "loc": {
          "start": { "line": 297, "column": 2 },
          "end": { "line": 299, "column": 3 }
        },
        "line": 297
      },
      "11": {
        "name": "getMetricOrchestrator",
        "decl": {
          "start": { "line": 306, "column": 2 },
          "end": { "line": 308, "column": 3 }
        },
        "loc": {
          "start": { "line": 306, "column": 2 },
          "end": { "line": 308, "column": 3 }
        },
        "line": 306
      },
      "12": {
        "name": "getProfileRegistry",
        "decl": {
          "start": { "line": 315, "column": 2 },
          "end": { "line": 317, "column": 3 }
        },
        "loc": {
          "start": { "line": 315, "column": 2 },
          "end": { "line": 317, "column": 3 }
        },
        "line": 315
      },
      "13": {
        "name": "createShotAnalyzer",
        "decl": {
          "start": { "line": 345, "column": 0 },
          "end": { "line": 352, "column": 1 }
        },
        "loc": {
          "start": { "line": 345, "column": 0 },
          "end": { "line": 352, "column": 1 }
        },
        "line": 345
      }
    },
    "f": {
      "0": 0,
      "1": 2,
      "2": 41,
      "3": 41,
      "4": 13,
      "5": 5,
      "6": 8,
      "7": 7,
      "8": 4,
      "9": 0,
      "10": 0,
      "11": 0,
      "12": 0,
      "13": 3
    }
  },
  "/home/calin/projects/shot-analysis/src/config.ts": {
    "path": "/home/calin/projects/shot-analysis/src/config.ts",
    "all": false,
    "statementMap": {
      "0": {
        "start": { "line": 1, "column": 0 },
        "end": { "line": 1, "column": 3 }
      },
      "69": {
        "start": { "line": 70, "column": 0 },
        "end": { "line": 70, "column": 70 }
      },
      "74": {
        "start": { "line": 75, "column": 0 },
        "end": { "line": 75, "column": 35 }
      },
      "75": {
        "start": { "line": 76, "column": 0 },
        "end": { "line": 76, "column": 11 }
      },
      "76": {
        "start": { "line": 77, "column": 0 },
        "end": { "line": 77, "column": 20 }
      },
      "77": {
        "start": { "line": 78, "column": 0 },
        "end": { "line": 78, "column": 20 }
      },
      "78": {
        "start": { "line": 79, "column": 0 },
        "end": { "line": 79, "column": 4 }
      },
      "79": {
        "start": { "line": 80, "column": 0 },
        "end": { "line": 80, "column": 43 }
      },
      "80": {
        "start": { "line": 81, "column": 0 },
        "end": { "line": 81, "column": 53 }
      },
      "81": {
        "start": { "line": 82, "column": 0 },
        "end": { "line": 82, "column": 5 }
      },
      "86": {
        "start": { "line": 87, "column": 0 },
        "end": { "line": 87, "column": 44 }
      },
      "87": {
        "start": { "line": 88, "column": 0 },
        "end": { "line": 88, "column": 43 }
      },
      "88": {
        "start": { "line": 89, "column": 0 },
        "end": { "line": 89, "column": 76 }
      },
      "89": {
        "start": { "line": 90, "column": 0 },
        "end": { "line": 90, "column": 33 }
      },
      "90": {
        "start": { "line": 91, "column": 0 },
        "end": { "line": 91, "column": 22 }
      },
      "91": {
        "start": { "line": 92, "column": 0 },
        "end": { "line": 92, "column": 34 }
      },
      "92": {
        "start": { "line": 93, "column": 0 },
        "end": { "line": 93, "column": 35 }
      },
      "93": {
        "start": { "line": 94, "column": 0 },
        "end": { "line": 94, "column": 37 }
      },
      "94": {
        "start": { "line": 95, "column": 0 },
        "end": { "line": 95, "column": 5 }
      },
      "95": {
        "start": { "line": 96, "column": 0 },
        "end": { "line": 96, "column": 3 }
      },
      "100": {
        "start": { "line": 101, "column": 0 },
        "end": { "line": 101, "column": 43 }
      },
      "101": {
        "start": { "line": 102, "column": 0 },
        "end": { "line": 102, "column": 58 }
      },
      "102": {
        "start": { "line": 103, "column": 0 },
        "end": { "line": 103, "column": 26 }
      },
      "103": {
        "start": { "line": 104, "column": 0 },
        "end": { "line": 104, "column": 52 }
      },
      "104": {
        "start": { "line": 105, "column": 0 },
        "end": { "line": 105, "column": 3 }
      },
      "109": {
        "start": { "line": 110, "column": 0 },
        "end": { "line": 110, "column": 60 }
      },
      "114": {
        "start": { "line": 115, "column": 0 },
        "end": { "line": 115, "column": 68 }
      },
      "119": {
        "start": { "line": 120, "column": 0 },
        "end": { "line": 120, "column": 46 }
      },
      "120": {
        "start": { "line": 121, "column": 0 },
        "end": { "line": 121, "column": 35 }
      },
      "121": {
        "start": { "line": 122, "column": 0 },
        "end": { "line": 122, "column": 61 }
      },
      "122": {
        "start": { "line": 123, "column": 0 },
        "end": { "line": 123, "column": 46 }
      },
      "123": {
        "start": { "line": 124, "column": 0 },
        "end": { "line": 124, "column": 27 }
      },
      "124": {
        "start": { "line": 125, "column": 0 },
        "end": { "line": 125, "column": 13 }
      },
      "125": {
        "start": { "line": 126, "column": 0 },
        "end": { "line": 126, "column": 56 }
      },
      "126": {
        "start": { "line": 127, "column": 0 },
        "end": { "line": 127, "column": 56 }
      },
      "127": {
        "start": { "line": 128, "column": 0 },
        "end": { "line": 128, "column": 37 }
      },
      "128": {
        "start": { "line": 129, "column": 0 },
        "end": { "line": 129, "column": 3 }
      },
      "141": {
        "start": { "line": 142, "column": 0 },
        "end": { "line": 142, "column": 74 }
      },
      "142": {
        "start": { "line": 143, "column": 0 },
        "end": { "line": 143, "column": 44 }
      },
      "143": {
        "start": { "line": 144, "column": 0 },
        "end": { "line": 144, "column": 1 }
      },
      "157": {
        "start": { "line": 158, "column": 0 },
        "end": { "line": 158, "column": 73 }
      },
      "158": {
        "start": { "line": 159, "column": 0 },
        "end": { "line": 159, "column": 48 }
      },
      "159": {
        "start": { "line": 160, "column": 0 },
        "end": { "line": 160, "column": 1 }
      },
      "164": {
        "start": { "line": 165, "column": 0 },
        "end": { "line": 165, "column": 31 }
      },
      "165": {
        "start": { "line": 166, "column": 0 },
        "end": { "line": 166, "column": 24 }
      },
      "166": {
        "start": { "line": 167, "column": 0 },
        "end": { "line": 167, "column": 32 }
      },
      "167": {
        "start": { "line": 168, "column": 0 },
        "end": { "line": 168, "column": 30 }
      },
      "168": {
        "start": { "line": 169, "column": 0 },
        "end": { "line": 169, "column": 30 }
      },
      "169": {
        "start": { "line": 170, "column": 0 },
        "end": { "line": 170, "column": 59 }
      },
      "176": {
        "start": { "line": 177, "column": 0 },
        "end": { "line": 177, "column": 29 }
      },
      "177": {
        "start": { "line": 178, "column": 0 },
        "end": { "line": 178, "column": 40 }
      },
      "178": {
        "start": { "line": 179, "column": 0 },
        "end": { "line": 179, "column": 28 }
      },
      "179": {
        "start": { "line": 180, "column": 0 },
        "end": { "line": 180, "column": 51 }
      },
      "180": {
        "start": { "line": 181, "column": 0 },
        "end": { "line": 181, "column": 32 }
      },
      "181": {
        "start": { "line": 182, "column": 0 },
        "end": { "line": 182, "column": 1 }
      },
      "188": {
        "start": { "line": 189, "column": 0 },
        "end": { "line": 189, "column": 64 }
      },
      "189": {
        "start": { "line": 190, "column": 0 },
        "end": { "line": 190, "column": 24 }
      },
      "190": {
        "start": { "line": 191, "column": 0 },
        "end": { "line": 191, "column": 1 }
      },
      "213": {
        "start": { "line": 214, "column": 0 },
        "end": { "line": 214, "column": 27 }
      },
      "214": {
        "start": { "line": 215, "column": 0 },
        "end": { "line": 215, "column": 15 }
      },
      "215": {
        "start": { "line": 216, "column": 0 },
        "end": { "line": 216, "column": 12 }
      },
      "216": {
        "start": { "line": 217, "column": 0 },
        "end": { "line": 217, "column": 12 }
      },
      "217": {
        "start": { "line": 218, "column": 0 },
        "end": { "line": 218, "column": 11 }
      },
      "222": {
        "start": { "line": 223, "column": 0 },
        "end": { "line": 223, "column": 28 }
      },
      "223": {
        "start": { "line": 224, "column": 0 },
        "end": { "line": 224, "column": 15 }
      },
      "224": {
        "start": { "line": 225, "column": 0 },
        "end": { "line": 225, "column": 12 }
      },
      "225": {
        "start": { "line": 226, "column": 0 },
        "end": { "line": 226, "column": 12 }
      },
      "226": {
        "start": { "line": 227, "column": 0 },
        "end": { "line": 227, "column": 11 }
      },
      "236": {
        "start": { "line": 237, "column": 0 },
        "end": { "line": 237, "column": 37 }
      },
      "237": {
        "start": { "line": 238, "column": 0 },
        "end": { "line": 238, "column": 29 }
      },
      "238": {
        "start": { "line": 239, "column": 0 },
        "end": { "line": 239, "column": 22 }
      },
      "239": {
        "start": { "line": 240, "column": 0 },
        "end": { "line": 240, "column": 33 }
      },
      "240": {
        "start": { "line": 241, "column": 0 },
        "end": { "line": 241, "column": 12 }
      },
      "241": {
        "start": { "line": 242, "column": 0 },
        "end": { "line": 242, "column": 52 }
      },
      "242": {
        "start": { "line": 243, "column": 0 },
        "end": { "line": 243, "column": 46 }
      },
      "243": {
        "start": { "line": 244, "column": 0 },
        "end": { "line": 244, "column": 46 }
      },
      "244": {
        "start": { "line": 245, "column": 0 },
        "end": { "line": 245, "column": 48 }
      },
      "245": {
        "start": { "line": 246, "column": 0 },
        "end": { "line": 246, "column": 42 }
      },
      "246": {
        "start": { "line": 247, "column": 0 },
        "end": { "line": 247, "column": 42 }
      },
      "247": {
        "start": { "line": 248, "column": 0 },
        "end": { "line": 248, "column": 6 }
      },
      "248": {
        "start": { "line": 249, "column": 0 },
        "end": { "line": 249, "column": 10 }
      },
      "249": {
        "start": { "line": 250, "column": 0 },
        "end": { "line": 250, "column": 12 }
      },
      "250": {
        "start": { "line": 251, "column": 0 },
        "end": { "line": 251, "column": 51 }
      },
      "251": {
        "start": { "line": 252, "column": 0 },
        "end": { "line": 252, "column": 45 }
      },
      "252": {
        "start": { "line": 253, "column": 0 },
        "end": { "line": 253, "column": 45 }
      },
      "253": {
        "start": { "line": 254, "column": 0 },
        "end": { "line": 254, "column": 49 }
      },
      "254": {
        "start": { "line": 255, "column": 0 },
        "end": { "line": 255, "column": 43 }
      },
      "255": {
        "start": { "line": 256, "column": 0 },
        "end": { "line": 256, "column": 43 }
      },
      "256": {
        "start": { "line": 257, "column": 0 },
        "end": { "line": 257, "column": 6 }
      },
      "257": {
        "start": { "line": 258, "column": 0 },
        "end": { "line": 258, "column": 3 }
      },
      "258": {
        "start": { "line": 259, "column": 0 },
        "end": { "line": 259, "column": 1 }
      }
    },
    "s": {
      "0": 1,
      "69": 1,
      "74": 1,
      "75": 1,
      "76": 1,
      "77": 1,
      "78": 1,
      "79": 1,
      "80": 1,
      "81": 1,
      "86": 1,
      "87": 1,
      "88": 1,
      "89": 1,
      "90": 1,
      "91": 1,
      "92": 1,
      "93": 1,
      "94": 1,
      "95": 1,
      "100": 1,
      "101": 1,
      "102": 1,
      "103": 1,
      "104": 1,
      "109": 1,
      "114": 1,
      "119": 1,
      "120": 1,
      "121": 1,
      "122": 1,
      "123": 1,
      "124": 1,
      "125": 1,
      "126": 1,
      "127": 1,
      "128": 1,
      "141": 1,
      "142": 72,
      "143": 72,
      "157": 1,
      "158": 0,
      "159": 0,
      "164": 1,
      "165": 1,
      "166": 1,
      "167": 1,
      "168": 1,
      "169": 1,
      "176": 1,
      "177": 31,
      "178": 31,
      "179": 31,
      "180": 31,
      "181": 31,
      "188": 1,
      "189": 17,
      "190": 17,
      "213": 1,
      "214": 1,
      "215": 1,
      "216": 1,
      "217": 1,
      "222": 1,
      "223": 1,
      "224": 1,
      "225": 1,
      "226": 1,
      "236": 1,
      "237": 0,
      "238": 0,
      "239": 0,
      "240": 0,
      "241": 0,
      "242": 0,
      "243": 0,
      "244": 0,
      "245": 0,
      "246": 0,
      "247": 0,
      "248": 0,
      "249": 0,
      "250": 0,
      "251": 0,
      "252": 0,
      "253": 0,
      "254": 0,
      "255": 0,
      "256": 0,
      "257": 0,
      "258": 0
    },
    "branchMap": {
      "0": {
        "type": "branch",
        "line": 80,
        "loc": {
          "start": { "line": 80, "column": 10 },
          "end": { "line": 80, "column": 42 }
        },
        "locations": [
          {
            "start": { "line": 80, "column": 10 },
            "end": { "line": 80, "column": 42 }
          }
        ]
      },
      "1": {
        "type": "branch",
        "line": 142,
        "loc": {
          "start": { "line": 142, "column": 7 },
          "end": { "line": 144, "column": 1 }
        },
        "locations": [
          {
            "start": { "line": 142, "column": 7 },
            "end": { "line": 144, "column": 1 }
          }
        ]
      },
      "2": {
        "type": "branch",
        "line": 177,
        "loc": {
          "start": { "line": 177, "column": 7 },
          "end": { "line": 182, "column": 1 }
        },
        "locations": [
          {
            "start": { "line": 177, "column": 7 },
            "end": { "line": 182, "column": 1 }
          }
        ]
      },
      "3": {
        "type": "branch",
        "line": 189,
        "loc": {
          "start": { "line": 189, "column": 7 },
          "end": { "line": 191, "column": 1 }
        },
        "locations": [
          {
            "start": { "line": 189, "column": 7 },
            "end": { "line": 191, "column": 1 }
          }
        ]
      }
    },
    "b": { "0": [2], "1": [72], "2": [31], "3": [17] },
    "fnMap": {
      "0": {
        "name": "__vite_ssr_import_0__.z.object.refine.message",
        "decl": {
          "start": { "line": 80, "column": 10 },
          "end": { "line": 80, "column": 42 }
        },
        "loc": {
          "start": { "line": 80, "column": 10 },
          "end": { "line": 80, "column": 42 }
        },
        "line": 80
      },
      "1": {
        "name": "validateConfig",
        "decl": {
          "start": { "line": 142, "column": 7 },
          "end": { "line": 144, "column": 1 }
        },
        "loc": {
          "start": { "line": 142, "column": 7 },
          "end": { "line": 144, "column": 1 }
        },
        "line": 142
      },
      "2": {
        "name": "safeValidateConfig",
        "decl": {
          "start": { "line": 158, "column": 7 },
          "end": { "line": 160, "column": 1 }
        },
        "loc": {
          "start": { "line": 158, "column": 7 },
          "end": { "line": 160, "column": 1 }
        },
        "line": 158
      },
      "3": {
        "name": "createConfig",
        "decl": {
          "start": { "line": 177, "column": 7 },
          "end": { "line": 182, "column": 1 }
        },
        "loc": {
          "start": { "line": 177, "column": 7 },
          "end": { "line": 182, "column": 1 }
        },
        "line": 177
      },
      "4": {
        "name": "createDefaultConfig",
        "decl": {
          "start": { "line": 189, "column": 7 },
          "end": { "line": 191, "column": 1 }
        },
        "loc": {
          "start": { "line": 189, "column": 7 },
          "end": { "line": 191, "column": 1 }
        },
        "line": 189
      },
      "5": {
        "name": "getHandednessMapping",
        "decl": {
          "start": { "line": 237, "column": 7 },
          "end": { "line": 259, "column": 1 }
        },
        "loc": {
          "start": { "line": 237, "column": 7 },
          "end": { "line": 259, "column": 1 }
        },
        "line": 237
      }
    },
    "f": { "0": 2, "1": 72, "2": 0, "3": 31, "4": 17, "5": 0 }
  },
  "/home/calin/projects/shot-analysis/src/types.ts": {
    "path": "/home/calin/projects/shot-analysis/src/types.ts",
    "all": false,
    "statementMap": {
      "61": {
        "start": { "line": 62, "column": 0 },
        "end": { "line": 62, "column": 33 }
      },
      "62": {
        "start": { "line": 63, "column": 0 },
        "end": { "line": 63, "column": 10 }
      },
      "63": {
        "start": { "line": 64, "column": 0 },
        "end": { "line": 64, "column": 20 }
      },
      "64": {
        "start": { "line": 65, "column": 0 },
        "end": { "line": 65, "column": 14 }
      },
      "65": {
        "start": { "line": 66, "column": 0 },
        "end": { "line": 66, "column": 20 }
      },
      "66": {
        "start": { "line": 67, "column": 0 },
        "end": { "line": 67, "column": 21 }
      },
      "67": {
        "start": { "line": 68, "column": 0 },
        "end": { "line": 68, "column": 15 }
      },
      "68": {
        "start": { "line": 69, "column": 0 },
        "end": { "line": 69, "column": 21 }
      },
      "69": {
        "start": { "line": 70, "column": 0 },
        "end": { "line": 70, "column": 14 }
      },
      "70": {
        "start": { "line": 71, "column": 0 },
        "end": { "line": 71, "column": 15 }
      },
      "71": {
        "start": { "line": 72, "column": 0 },
        "end": { "line": 72, "column": 16 }
      },
      "72": {
        "start": { "line": 73, "column": 0 },
        "end": { "line": 73, "column": 18 }
      },
      "73": {
        "start": { "line": 74, "column": 0 },
        "end": { "line": 74, "column": 20 }
      },
      "74": {
        "start": { "line": 75, "column": 0 },
        "end": { "line": 75, "column": 21 }
      },
      "75": {
        "start": { "line": 76, "column": 0 },
        "end": { "line": 76, "column": 17 }
      },
      "76": {
        "start": { "line": 77, "column": 0 },
        "end": { "line": 77, "column": 18 }
      },
      "77": {
        "start": { "line": 78, "column": 0 },
        "end": { "line": 78, "column": 17 }
      },
      "78": {
        "start": { "line": 79, "column": 0 },
        "end": { "line": 79, "column": 18 }
      },
      "79": {
        "start": { "line": 80, "column": 0 },
        "end": { "line": 80, "column": 17 }
      },
      "80": {
        "start": { "line": 81, "column": 0 },
        "end": { "line": 81, "column": 18 }
      },
      "81": {
        "start": { "line": 82, "column": 0 },
        "end": { "line": 82, "column": 17 }
      },
      "82": {
        "start": { "line": 83, "column": 0 },
        "end": { "line": 83, "column": 18 }
      },
      "83": {
        "start": { "line": 84, "column": 0 },
        "end": { "line": 84, "column": 17 }
      },
      "84": {
        "start": { "line": 85, "column": 0 },
        "end": { "line": 85, "column": 18 }
      },
      "85": {
        "start": { "line": 86, "column": 0 },
        "end": { "line": 86, "column": 15 }
      },
      "86": {
        "start": { "line": 87, "column": 0 },
        "end": { "line": 87, "column": 16 }
      },
      "87": {
        "start": { "line": 88, "column": 0 },
        "end": { "line": 88, "column": 16 }
      },
      "88": {
        "start": { "line": 89, "column": 0 },
        "end": { "line": 89, "column": 17 }
      },
      "89": {
        "start": { "line": 90, "column": 0 },
        "end": { "line": 90, "column": 17 }
      },
      "90": {
        "start": { "line": 91, "column": 0 },
        "end": { "line": 91, "column": 18 }
      },
      "91": {
        "start": { "line": 92, "column": 0 },
        "end": { "line": 92, "column": 16 }
      },
      "92": {
        "start": { "line": 93, "column": 0 },
        "end": { "line": 93, "column": 17 }
      },
      "93": {
        "start": { "line": 94, "column": 0 },
        "end": { "line": 94, "column": 22 }
      },
      "94": {
        "start": { "line": 95, "column": 0 },
        "end": { "line": 95, "column": 23 }
      },
      "95": {
        "start": { "line": 96, "column": 0 },
        "end": { "line": 96, "column": 11 }
      },
      "100": {
        "start": { "line": 101, "column": 0 },
        "end": { "line": 101, "column": 34 }
      }
    },
    "s": {
      "61": 1,
      "62": 1,
      "63": 1,
      "64": 1,
      "65": 1,
      "66": 1,
      "67": 1,
      "68": 1,
      "69": 1,
      "70": 1,
      "71": 1,
      "72": 1,
      "73": 1,
      "74": 1,
      "75": 1,
      "76": 1,
      "77": 1,
      "78": 1,
      "79": 1,
      "80": 1,
      "81": 1,
      "82": 1,
      "83": 1,
      "84": 1,
      "85": 1,
      "86": 1,
      "87": 1,
      "88": 1,
      "89": 1,
      "90": 1,
      "91": 1,
      "92": 1,
      "93": 1,
      "94": 1,
      "95": 1,
      "100": 1
    },
    "branchMap": {},
    "b": {},
    "fnMap": {},
    "f": {}
  },
  "/home/calin/projects/shot-analysis/src/detection/integrated-shot-detector.ts": {
    "path": "/home/calin/projects/shot-analysis/src/detection/integrated-shot-detector.ts",
    "all": false,
    "statementMap": {
      "0": {
        "start": { "line": 1, "column": 0 },
        "end": { "line": 1, "column": 3 }
      },
      "164": {
        "start": { "line": 165, "column": 0 },
        "end": { "line": 165, "column": 27 }
      },
      "165": {
        "start": { "line": 166, "column": 0 },
        "end": { "line": 166, "column": 58 }
      },
      "166": {
        "start": { "line": 167, "column": 0 },
        "end": { "line": 167, "column": 48 }
      },
      "167": {
        "start": { "line": 168, "column": 0 },
        "end": { "line": 168, "column": 27 }
      },
      "169": {
        "start": { "line": 170, "column": 0 },
        "end": { "line": 170, "column": 48 }
      },
      "170": {
        "start": { "line": 171, "column": 0 },
        "end": { "line": 171, "column": 76 }
      },
      "171": {
        "start": { "line": 172, "column": 0 },
        "end": { "line": 172, "column": 63 }
      },
      "172": {
        "start": { "line": 173, "column": 0 },
        "end": { "line": 173, "column": 43 }
      },
      "173": {
        "start": { "line": 174, "column": 0 },
        "end": { "line": 174, "column": 3 }
      },
      "178": {
        "start": { "line": 179, "column": 0 },
        "end": { "line": 179, "column": 43 }
      },
      "179": {
        "start": { "line": 180, "column": 0 },
        "end": { "line": 180, "column": 12 }
      },
      "180": {
        "start": { "line": 181, "column": 0 },
        "end": { "line": 181, "column": 20 }
      },
      "181": {
        "start": { "line": 182, "column": 0 },
        "end": { "line": 182, "column": 25 }
      },
      "182": {
        "start": { "line": 183, "column": 0 },
        "end": { "line": 183, "column": 26 }
      },
      "183": {
        "start": { "line": 184, "column": 0 },
        "end": { "line": 184, "column": 25 }
      },
      "184": {
        "start": { "line": 185, "column": 0 },
        "end": { "line": 185, "column": 28 }
      },
      "185": {
        "start": { "line": 186, "column": 0 },
        "end": { "line": 186, "column": 22 }
      },
      "186": {
        "start": { "line": 187, "column": 0 },
        "end": { "line": 187, "column": 23 }
      },
      "187": {
        "start": { "line": 188, "column": 0 },
        "end": { "line": 188, "column": 6 }
      },
      "188": {
        "start": { "line": 189, "column": 0 },
        "end": { "line": 189, "column": 3 }
      },
      "194": {
        "start": { "line": 195, "column": 0 },
        "end": { "line": 195, "column": 17 }
      },
      "195": {
        "start": { "line": 196, "column": 0 },
        "end": { "line": 196, "column": 43 }
      },
      "196": {
        "start": { "line": 197, "column": 0 },
        "end": { "line": 197, "column": 3 }
      },
      "207": {
        "start": { "line": 208, "column": 0 },
        "end": { "line": 208, "column": 61 }
      },
      "208": {
        "start": { "line": 209, "column": 0 },
        "end": { "line": 209, "column": 30 }
      },
      "209": {
        "start": { "line": 210, "column": 0 },
        "end": { "line": 210, "column": 16 }
      },
      "210": {
        "start": { "line": 211, "column": 0 },
        "end": { "line": 211, "column": 5 }
      },
      "213": {
        "start": { "line": 214, "column": 0 },
        "end": { "line": 214, "column": 70 }
      },
      "216": {
        "start": { "line": 217, "column": 0 },
        "end": { "line": 217, "column": 29 }
      },
      "218": {
        "start": { "line": 219, "column": 0 },
        "end": { "line": 219, "column": 52 }
      },
      "219": {
        "start": { "line": 220, "column": 0 },
        "end": { "line": 220, "column": 41 }
      },
      "220": {
        "start": { "line": 221, "column": 0 },
        "end": { "line": 221, "column": 68 }
      },
      "221": {
        "start": { "line": 222, "column": 0 },
        "end": { "line": 222, "column": 23 }
      },
      "222": {
        "start": { "line": 223, "column": 0 },
        "end": { "line": 223, "column": 5 }
      },
      "224": {
        "start": { "line": 225, "column": 0 },
        "end": { "line": 225, "column": 17 }
      },
      "225": {
        "start": { "line": 226, "column": 0 },
        "end": { "line": 226, "column": 3 }
      },
      "236": {
        "start": { "line": 237, "column": 0 },
        "end": { "line": 237, "column": 63 }
      },
      "237": {
        "start": { "line": 238, "column": 0 },
        "end": { "line": 238, "column": 47 }
      },
      "238": {
        "start": { "line": 239, "column": 0 },
        "end": { "line": 239, "column": 30 }
      },
      "239": {
        "start": { "line": 240, "column": 0 },
        "end": { "line": 240, "column": 49 }
      },
      "240": {
        "start": { "line": 241, "column": 0 },
        "end": { "line": 241, "column": 33 }
      },
      "244": {
        "start": { "line": 245, "column": 0 },
        "end": { "line": 245, "column": 60 }
      },
      "245": {
        "start": { "line": 246, "column": 0 },
        "end": { "line": 246, "column": 35 }
      },
      "246": {
        "start": { "line": 247, "column": 0 },
        "end": { "line": 247, "column": 6 }
      },
      "249": {
        "start": { "line": 250, "column": 0 },
        "end": { "line": 250, "column": 28 }
      },
      "250": {
        "start": { "line": 251, "column": 0 },
        "end": { "line": 251, "column": 70 }
      },
      "251": {
        "start": { "line": 252, "column": 0 },
        "end": { "line": 252, "column": 18 }
      },
      "252": {
        "start": { "line": 253, "column": 0 },
        "end": { "line": 253, "column": 33 }
      },
      "253": {
        "start": { "line": 254, "column": 0 },
        "end": { "line": 254, "column": 25 }
      },
      "254": {
        "start": { "line": 255, "column": 0 },
        "end": { "line": 255, "column": 17 }
      },
      "255": {
        "start": { "line": 256, "column": 0 },
        "end": { "line": 256, "column": 48 }
      },
      "256": {
        "start": { "line": 257, "column": 0 },
        "end": { "line": 257, "column": 68 }
      },
      "257": {
        "start": { "line": 258, "column": 0 },
        "end": { "line": 258, "column": 8 }
      },
      "260": {
        "start": { "line": 261, "column": 0 },
        "end": { "line": 261, "column": 41 }
      },
      "261": {
        "start": { "line": 262, "column": 0 },
        "end": { "line": 262, "column": 45 }
      },
      "262": {
        "start": { "line": 263, "column": 0 },
        "end": { "line": 263, "column": 67 }
      },
      "263": {
        "start": { "line": 264, "column": 0 },
        "end": { "line": 264, "column": 55 }
      },
      "265": {
        "start": { "line": 266, "column": 0 },
        "end": { "line": 266, "column": 56 }
      },
      "266": {
        "start": { "line": 267, "column": 0 },
        "end": { "line": 267, "column": 34 }
      },
      "267": {
        "start": { "line": 268, "column": 0 },
        "end": { "line": 268, "column": 21 }
      },
      "268": {
        "start": { "line": 269, "column": 0 },
        "end": { "line": 269, "column": 50 }
      },
      "269": {
        "start": { "line": 270, "column": 0 },
        "end": { "line": 270, "column": 10 }
      },
      "271": {
        "start": { "line": 272, "column": 0 },
        "end": { "line": 272, "column": 36 }
      },
      "272": {
        "start": { "line": 273, "column": 0 },
        "end": { "line": 273, "column": 62 }
      },
      "273": {
        "start": { "line": 274, "column": 0 },
        "end": { "line": 274, "column": 41 }
      },
      "274": {
        "start": { "line": 275, "column": 0 },
        "end": { "line": 275, "column": 23 }
      },
      "275": {
        "start": { "line": 276, "column": 0 },
        "end": { "line": 276, "column": 21 }
      },
      "276": {
        "start": { "line": 277, "column": 0 },
        "end": { "line": 277, "column": 12 }
      },
      "279": {
        "start": { "line": 280, "column": 0 },
        "end": { "line": 280, "column": 76 }
      },
      "280": {
        "start": { "line": 281, "column": 0 },
        "end": { "line": 281, "column": 16 }
      },
      "281": {
        "start": { "line": 282, "column": 0 },
        "end": { "line": 282, "column": 22 }
      },
      "282": {
        "start": { "line": 283, "column": 0 },
        "end": { "line": 283, "column": 47 }
      },
      "283": {
        "start": { "line": 284, "column": 0 },
        "end": { "line": 284, "column": 42 }
      },
      "284": {
        "start": { "line": 285, "column": 0 },
        "end": { "line": 285, "column": 15 }
      },
      "285": {
        "start": { "line": 286, "column": 0 },
        "end": { "line": 286, "column": 35 }
      },
      "286": {
        "start": { "line": 287, "column": 0 },
        "end": { "line": 287, "column": 20 }
      },
      "287": {
        "start": { "line": 288, "column": 0 },
        "end": { "line": 288, "column": 13 }
      },
      "288": {
        "start": { "line": 289, "column": 0 },
        "end": { "line": 289, "column": 11 }
      },
      "289": {
        "start": { "line": 290, "column": 0 },
        "end": { "line": 290, "column": 9 }
      },
      "290": {
        "start": { "line": 291, "column": 0 },
        "end": { "line": 291, "column": 7 }
      },
      "291": {
        "start": { "line": 292, "column": 0 },
        "end": { "line": 292, "column": 5 }
      },
      "293": {
        "start": { "line": 294, "column": 0 },
        "end": { "line": 294, "column": 12 }
      },
      "294": {
        "start": { "line": 295, "column": 0 },
        "end": { "line": 295, "column": 17 }
      },
      "295": {
        "start": { "line": 296, "column": 0 },
        "end": { "line": 296, "column": 16 }
      },
      "296": {
        "start": { "line": 297, "column": 0 },
        "end": { "line": 297, "column": 19 }
      },
      "297": {
        "start": { "line": 298, "column": 0 },
        "end": { "line": 298, "column": 13 }
      },
      "298": {
        "start": { "line": 299, "column": 0 },
        "end": { "line": 299, "column": 23 }
      },
      "299": {
        "start": { "line": 300, "column": 0 },
        "end": { "line": 300, "column": 6 }
      },
      "300": {
        "start": { "line": 301, "column": 0 },
        "end": { "line": 301, "column": 3 }
      },
      "310": {
        "start": { "line": 311, "column": 0 },
        "end": { "line": 311, "column": 22 }
      },
      "311": {
        "start": { "line": 312, "column": 0 },
        "end": { "line": 312, "column": 50 }
      },
      "312": {
        "start": { "line": 313, "column": 0 },
        "end": { "line": 313, "column": 16 }
      },
      "313": {
        "start": { "line": 314, "column": 0 },
        "end": { "line": 314, "column": 5 }
      },
      "316": {
        "start": { "line": 317, "column": 0 },
        "end": { "line": 317, "column": 31 }
      },
      "317": {
        "start": { "line": 318, "column": 0 },
        "end": { "line": 318, "column": 44 }
      },
      "318": {
        "start": { "line": 319, "column": 0 },
        "end": { "line": 319, "column": 5 }
      },
      "321": {
        "start": { "line": 322, "column": 0 },
        "end": { "line": 322, "column": 67 }
      },
      "323": {
        "start": { "line": 324, "column": 0 },
        "end": { "line": 324, "column": 38 }
      },
      "324": {
        "start": { "line": 325, "column": 0 },
        "end": { "line": 325, "column": 32 }
      },
      "326": {
        "start": { "line": 327, "column": 0 },
        "end": { "line": 327, "column": 17 }
      },
      "327": {
        "start": { "line": 328, "column": 0 },
        "end": { "line": 328, "column": 3 }
      },
      "337": {
        "start": { "line": 338, "column": 0 },
        "end": { "line": 338, "column": 30 }
      },
      "338": {
        "start": { "line": 339, "column": 0 },
        "end": { "line": 339, "column": 50 }
      },
      "339": {
        "start": { "line": 340, "column": 0 },
        "end": { "line": 340, "column": 16 }
      },
      "340": {
        "start": { "line": 341, "column": 0 },
        "end": { "line": 341, "column": 5 }
      },
      "343": {
        "start": { "line": 344, "column": 0 },
        "end": { "line": 344, "column": 60 }
      },
      "344": {
        "start": { "line": 345, "column": 0 },
        "end": { "line": 345, "column": 35 }
      },
      "345": {
        "start": { "line": 346, "column": 0 },
        "end": { "line": 346, "column": 6 }
      },
      "348": {
        "start": { "line": 349, "column": 0 },
        "end": { "line": 349, "column": 79 }
      },
      "350": {
        "start": { "line": 351, "column": 0 },
        "end": { "line": 351, "column": 50 }
      },
      "351": {
        "start": { "line": 352, "column": 0 },
        "end": { "line": 352, "column": 79 }
      },
      "352": {
        "start": { "line": 353, "column": 0 },
        "end": { "line": 353, "column": 6 }
      },
      "353": {
        "start": { "line": 354, "column": 0 },
        "end": { "line": 354, "column": 3 }
      },
      "358": {
        "start": { "line": 359, "column": 0 },
        "end": { "line": 359, "column": 31 }
      },
      "359": {
        "start": { "line": 360, "column": 0 },
        "end": { "line": 360, "column": 39 }
      },
      "360": {
        "start": { "line": 361, "column": 0 },
        "end": { "line": 361, "column": 27 }
      },
      "361": {
        "start": { "line": 362, "column": 0 },
        "end": { "line": 362, "column": 22 }
      },
      "362": {
        "start": { "line": 363, "column": 0 },
        "end": { "line": 363, "column": 11 }
      },
      "363": {
        "start": { "line": 364, "column": 0 },
        "end": { "line": 364, "column": 49 }
      },
      "364": {
        "start": { "line": 365, "column": 0 },
        "end": { "line": 365, "column": 45 }
      },
      "367": {
        "start": { "line": 368, "column": 0 },
        "end": { "line": 368, "column": 56 }
      },
      "368": {
        "start": { "line": 369, "column": 0 },
        "end": { "line": 369, "column": 15 }
      },
      "369": {
        "start": { "line": 370, "column": 0 },
        "end": { "line": 370, "column": 17 }
      },
      "370": {
        "start": { "line": 371, "column": 0 },
        "end": { "line": 371, "column": 15 }
      },
      "371": {
        "start": { "line": 372, "column": 0 },
        "end": { "line": 372, "column": 6 }
      },
      "374": {
        "start": { "line": 375, "column": 0 },
        "end": { "line": 375, "column": 30 }
      },
      "375": {
        "start": { "line": 376, "column": 0 },
        "end": { "line": 376, "column": 64 }
      },
      "376": {
        "start": { "line": 377, "column": 0 },
        "end": { "line": 377, "column": 80 }
      },
      "378": {
        "start": { "line": 379, "column": 0 },
        "end": { "line": 379, "column": 12 }
      },
      "379": {
        "start": { "line": 380, "column": 0 },
        "end": { "line": 380, "column": 16 }
      },
      "380": {
        "start": { "line": 381, "column": 0 },
        "end": { "line": 381, "column": 19 }
      },
      "381": {
        "start": { "line": 382, "column": 0 },
        "end": { "line": 382, "column": 26 }
      },
      "382": {
        "start": { "line": 383, "column": 0 },
        "end": { "line": 383, "column": 22 }
      },
      "383": {
        "start": { "line": 384, "column": 0 },
        "end": { "line": 384, "column": 8 }
      },
      "384": {
        "start": { "line": 385, "column": 0 },
        "end": { "line": 385, "column": 47 }
      },
      "385": {
        "start": { "line": 386, "column": 0 },
        "end": { "line": 386, "column": 36 }
      },
      "386": {
        "start": { "line": 387, "column": 0 },
        "end": { "line": 387, "column": 6 }
      },
      "387": {
        "start": { "line": 388, "column": 0 },
        "end": { "line": 388, "column": 3 }
      },
      "388": {
        "start": { "line": 389, "column": 0 },
        "end": { "line": 389, "column": 1 }
      },
      "396": {
        "start": { "line": 397, "column": 0 },
        "end": { "line": 397, "column": 35 }
      },
      "397": {
        "start": { "line": 398, "column": 0 },
        "end": { "line": 398, "column": 34 }
      },
      "398": {
        "start": { "line": 399, "column": 0 },
        "end": { "line": 399, "column": 17 }
      },
      "399": {
        "start": { "line": 400, "column": 0 },
        "end": { "line": 400, "column": 34 }
      },
      "400": {
        "start": { "line": 401, "column": 0 },
        "end": { "line": 401, "column": 1 }
      }
    },
    "s": {
      "0": 1,
      "164": 1,
      "165": 31,
      "166": 31,
      "167": 31,
      "169": 31,
      "170": 31,
      "171": 31,
      "172": 31,
      "173": 31,
      "178": 31,
      "179": 31,
      "180": 31,
      "181": 31,
      "182": 31,
      "183": 31,
      "184": 31,
      "185": 31,
      "186": 31,
      "187": 31,
      "188": 31,
      "194": 31,
      "195": 0,
      "196": 0,
      "207": 31,
      "208": 0,
      "209": 0,
      "210": 0,
      "213": 0,
      "216": 0,
      "218": 0,
      "219": 0,
      "220": 0,
      "221": 0,
      "222": 0,
      "224": 0,
      "225": 0,
      "236": 31,
      "237": 0,
      "238": 0,
      "239": 0,
      "240": 0,
      "244": 0,
      "245": 0,
      "246": 0,
      "249": 0,
      "250": 0,
      "251": 0,
      "252": 0,
      "253": 0,
      "254": 0,
      "255": 0,
      "256": 0,
      "257": 0,
      "260": 0,
      "261": 0,
      "262": 0,
      "263": 0,
      "265": 0,
      "266": 0,
      "267": 0,
      "268": 0,
      "269": 0,
      "271": 0,
      "272": 0,
      "273": 0,
      "274": 0,
      "275": 0,
      "276": 0,
      "279": 0,
      "280": 0,
      "281": 0,
      "282": 0,
      "283": 0,
      "284": 0,
      "285": 0,
      "286": 0,
      "287": 0,
      "288": 0,
      "289": 0,
      "290": 0,
      "291": 0,
      "293": 0,
      "294": 0,
      "295": 0,
      "296": 0,
      "297": 0,
      "298": 0,
      "299": 0,
      "300": 0,
      "310": 31,
      "311": 0,
      "312": 0,
      "313": 0,
      "316": 0,
      "317": 0,
      "318": 0,
      "321": 0,
      "323": 0,
      "324": 0,
      "326": 0,
      "327": 0,
      "337": 31,
      "338": 0,
      "339": 0,
      "340": 0,
      "343": 0,
      "344": 0,
      "345": 0,
      "348": 0,
      "350": 0,
      "351": 0,
      "352": 0,
      "353": 0,
      "358": 31,
      "359": 0,
      "360": 0,
      "361": 0,
      "362": 0,
      "363": 0,
      "364": 0,
      "367": 0,
      "368": 0,
      "369": 0,
      "370": 0,
      "371": 0,
      "374": 0,
      "375": 0,
      "376": 0,
      "378": 0,
      "379": 0,
      "380": 0,
      "381": 0,
      "382": 0,
      "383": 0,
      "384": 0,
      "385": 0,
      "386": 0,
      "387": 0,
      "388": 31,
      "396": 1,
      "397": 0,
      "398": 0,
      "399": 0,
      "400": 0
    },
    "branchMap": {
      "0": {
        "type": "branch",
        "line": 165,
        "loc": {
          "start": { "line": 165, "column": 7 },
          "end": { "line": 389, "column": 1 }
        },
        "locations": [
          {
            "start": { "line": 165, "column": 7 },
            "end": { "line": 389, "column": 1 }
          }
        ]
      },
      "1": {
        "type": "branch",
        "line": 170,
        "loc": {
          "start": { "line": 170, "column": 2 },
          "end": { "line": 174, "column": 3 }
        },
        "locations": [
          {
            "start": { "line": 170, "column": 2 },
            "end": { "line": 174, "column": 3 }
          }
        ]
      },
      "2": {
        "type": "branch",
        "line": 179,
        "loc": {
          "start": { "line": 179, "column": 10 },
          "end": { "line": 189, "column": 3 }
        },
        "locations": [
          {
            "start": { "line": 179, "column": 10 },
            "end": { "line": 189, "column": 3 }
          }
        ]
      }
    },
    "b": { "0": [31], "1": [31], "2": [31] },
    "fnMap": {
      "0": {
        "name": "<instance_members_initializer>",
        "decl": {
          "start": { "line": 165, "column": 7 },
          "end": { "line": 389, "column": 1 }
        },
        "loc": {
          "start": { "line": 165, "column": 7 },
          "end": { "line": 389, "column": 1 }
        },
        "line": 165
      },
      "1": {
        "name": "ShotDetector",
        "decl": {
          "start": { "line": 170, "column": 2 },
          "end": { "line": 174, "column": 3 }
        },
        "loc": {
          "start": { "line": 170, "column": 2 },
          "end": { "line": 174, "column": 3 }
        },
        "line": 170
      },
      "2": {
        "name": "createInitialState",
        "decl": {
          "start": { "line": 179, "column": 10 },
          "end": { "line": 189, "column": 3 }
        },
        "loc": {
          "start": { "line": 179, "column": 10 },
          "end": { "line": 189, "column": 3 }
        },
        "line": 179
      },
      "3": {
        "name": "reset",
        "decl": {
          "start": { "line": 195, "column": 2 },
          "end": { "line": 197, "column": 3 }
        },
        "loc": {
          "start": { "line": 195, "column": 2 },
          "end": { "line": 197, "column": 3 }
        },
        "line": 195
      },
      "4": {
        "name": "processFrames",
        "decl": {
          "start": { "line": 208, "column": 2 },
          "end": { "line": 226, "column": 3 }
        },
        "loc": {
          "start": { "line": 208, "column": 2 },
          "end": { "line": 226, "column": 3 }
        },
        "line": 208
      },
      "5": {
        "name": "processFrame",
        "decl": {
          "start": { "line": 237, "column": 2 },
          "end": { "line": 301, "column": 3 }
        },
        "loc": {
          "start": { "line": 237, "column": 2 },
          "end": { "line": 301, "column": 3 }
        },
        "line": 237
      },
      "6": {
        "name": "finalize",
        "decl": {
          "start": { "line": 311, "column": 2 },
          "end": { "line": 328, "column": 3 }
        },
        "loc": {
          "start": { "line": 311, "column": 2 },
          "end": { "line": 328, "column": 3 }
        },
        "line": 311
      },
      "7": {
        "name": "getDetectedShots",
        "decl": {
          "start": { "line": 338, "column": 2 },
          "end": { "line": 354, "column": 3 }
        },
        "loc": {
          "start": { "line": 338, "column": 2 },
          "end": { "line": 354, "column": 3 }
        },
        "line": 338
      },
      "8": {
        "name": "createShotWithPhases",
        "decl": {
          "start": { "line": 359, "column": 10 },
          "end": { "line": 388, "column": 3 }
        },
        "loc": {
          "start": { "line": 359, "column": 10 },
          "end": { "line": 388, "column": 3 }
        },
        "line": 359
      },
      "9": {
        "name": "createShotDetector",
        "decl": {
          "start": { "line": 397, "column": 7 },
          "end": { "line": 401, "column": 1 }
        },
        "loc": {
          "start": { "line": 397, "column": 7 },
          "end": { "line": 401, "column": 1 }
        },
        "line": 397
      }
    },
    "f": {
      "0": 31,
      "1": 31,
      "2": 31,
      "3": 0,
      "4": 0,
      "5": 0,
      "6": 0,
      "7": 0,
      "8": 0,
      "9": 0
    }
  },
  "/home/calin/projects/shot-analysis/src/detection/phase-detector.ts": {
    "path": "/home/calin/projects/shot-analysis/src/detection/phase-detector.ts",
    "all": false,
    "statementMap": {
      "0": {
        "start": { "line": 1, "column": 0 },
        "end": { "line": 1, "column": 3 }
      },
      "72": {
        "start": { "line": 73, "column": 0 },
        "end": { "line": 73, "column": 55 }
      },
      "73": {
        "start": { "line": 74, "column": 0 },
        "end": { "line": 74, "column": 25 }
      },
      "74": {
        "start": { "line": 75, "column": 0 },
        "end": { "line": 75, "column": 28 }
      },
      "75": {
        "start": { "line": 76, "column": 0 },
        "end": { "line": 76, "column": 22 }
      },
      "76": {
        "start": { "line": 77, "column": 0 },
        "end": { "line": 77, "column": 32 }
      },
      "77": {
        "start": { "line": 78, "column": 0 },
        "end": { "line": 78, "column": 26 }
      },
      "78": {
        "start": { "line": 79, "column": 0 },
        "end": { "line": 79, "column": 32 }
      },
      "79": {
        "start": { "line": 80, "column": 0 },
        "end": { "line": 80, "column": 2 }
      },
      "143": {
        "start": { "line": 144, "column": 0 },
        "end": { "line": 144, "column": 28 }
      },
      "144": {
        "start": { "line": 145, "column": 0 },
        "end": { "line": 145, "column": 57 }
      },
      "146": {
        "start": { "line": 147, "column": 0 },
        "end": { "line": 147, "column": 49 }
      },
      "147": {
        "start": { "line": 148, "column": 0 },
        "end": { "line": 148, "column": 51 }
      },
      "148": {
        "start": { "line": 149, "column": 0 },
        "end": { "line": 149, "column": 3 }
      },
      "158": {
        "start": { "line": 159, "column": 0 },
        "end": { "line": 159, "column": 15 }
      },
      "159": {
        "start": { "line": 160, "column": 0 },
        "end": { "line": 160, "column": 39 }
      },
      "160": {
        "start": { "line": 161, "column": 0 },
        "end": { "line": 161, "column": 23 }
      },
      "161": {
        "start": { "line": 162, "column": 0 },
        "end": { "line": 162, "column": 21 }
      },
      "162": {
        "start": { "line": 163, "column": 0 },
        "end": { "line": 163, "column": 27 }
      },
      "163": {
        "start": { "line": 164, "column": 0 },
        "end": { "line": 164, "column": 57 }
      },
      "164": {
        "start": { "line": 165, "column": 0 },
        "end": { "line": 165, "column": 43 }
      },
      "165": {
        "start": { "line": 166, "column": 0 },
        "end": { "line": 166, "column": 5 }
      },
      "168": {
        "start": { "line": 169, "column": 0 },
        "end": { "line": 169, "column": 48 }
      },
      "169": {
        "start": { "line": 170, "column": 0 },
        "end": { "line": 170, "column": 62 }
      },
      "171": {
        "start": { "line": 172, "column": 0 },
        "end": { "line": 172, "column": 38 }
      },
      "172": {
        "start": { "line": 173, "column": 0 },
        "end": { "line": 173, "column": 43 }
      },
      "173": {
        "start": { "line": 174, "column": 0 },
        "end": { "line": 174, "column": 5 }
      },
      "176": {
        "start": { "line": 177, "column": 0 },
        "end": { "line": 177, "column": 75 }
      },
      "178": {
        "start": { "line": 179, "column": 0 },
        "end": { "line": 179, "column": 31 }
      },
      "179": {
        "start": { "line": 180, "column": 0 },
        "end": { "line": 180, "column": 43 }
      },
      "180": {
        "start": { "line": 181, "column": 0 },
        "end": { "line": 181, "column": 5 }
      },
      "183": {
        "start": { "line": 184, "column": 0 },
        "end": { "line": 184, "column": 63 }
      },
      "186": {
        "start": { "line": 187, "column": 0 },
        "end": { "line": 187, "column": 74 }
      },
      "188": {
        "start": { "line": 189, "column": 0 },
        "end": { "line": 189, "column": 34 }
      },
      "189": {
        "start": { "line": 190, "column": 0 },
        "end": { "line": 190, "column": 3 }
      },
      "194": {
        "start": { "line": 195, "column": 0 },
        "end": { "line": 195, "column": 24 }
      },
      "195": {
        "start": { "line": 196, "column": 0 },
        "end": { "line": 196, "column": 39 }
      },
      "196": {
        "start": { "line": 197, "column": 0 },
        "end": { "line": 197, "column": 23 }
      },
      "197": {
        "start": { "line": 198, "column": 0 },
        "end": { "line": 198, "column": 21 }
      },
      "198": {
        "start": { "line": 199, "column": 0 },
        "end": { "line": 199, "column": 22 }
      },
      "199": {
        "start": { "line": 200, "column": 0 },
        "end": { "line": 200, "column": 42 }
      },
      "202": {
        "start": { "line": 203, "column": 0 },
        "end": { "line": 203, "column": 38 }
      },
      "203": {
        "start": { "line": 204, "column": 0 },
        "end": { "line": 204, "column": 36 }
      },
      "205": {
        "start": { "line": 206, "column": 0 },
        "end": { "line": 206, "column": 50 }
      },
      "206": {
        "start": { "line": 207, "column": 0 },
        "end": { "line": 207, "column": 47 }
      },
      "207": {
        "start": { "line": 208, "column": 0 },
        "end": { "line": 208, "column": 62 }
      },
      "208": {
        "start": { "line": 209, "column": 0 },
        "end": { "line": 209, "column": 64 }
      },
      "209": {
        "start": { "line": 210, "column": 0 },
        "end": { "line": 210, "column": 58 }
      },
      "210": {
        "start": { "line": 211, "column": 0 },
        "end": { "line": 211, "column": 60 }
      },
      "212": {
        "start": { "line": 213, "column": 0 },
        "end": { "line": 213, "column": 58 }
      },
      "213": {
        "start": { "line": 214, "column": 0 },
        "end": { "line": 214, "column": 52 }
      },
      "214": {
        "start": { "line": 215, "column": 0 },
        "end": { "line": 215, "column": 5 }
      },
      "217": {
        "start": { "line": 218, "column": 0 },
        "end": { "line": 218, "column": 26 }
      },
      "218": {
        "start": { "line": 219, "column": 0 },
        "end": { "line": 219, "column": 41 }
      },
      "219": {
        "start": { "line": 220, "column": 0 },
        "end": { "line": 220, "column": 70 }
      },
      "220": {
        "start": { "line": 221, "column": 0 },
        "end": { "line": 221, "column": 23 }
      },
      "222": {
        "start": { "line": 223, "column": 0 },
        "end": { "line": 223, "column": 24 }
      },
      "223": {
        "start": { "line": 224, "column": 0 },
        "end": { "line": 224, "column": 41 }
      },
      "224": {
        "start": { "line": 225, "column": 0 },
        "end": { "line": 225, "column": 68 }
      },
      "225": {
        "start": { "line": 226, "column": 0 },
        "end": { "line": 226, "column": 21 }
      },
      "228": {
        "start": { "line": 229, "column": 0 },
        "end": { "line": 229, "column": 50 }
      },
      "229": {
        "start": { "line": 230, "column": 0 },
        "end": { "line": 230, "column": 33 }
      },
      "230": {
        "start": { "line": 231, "column": 0 },
        "end": { "line": 231, "column": 47 }
      },
      "232": {
        "start": { "line": 233, "column": 0 },
        "end": { "line": 233, "column": 62 }
      },
      "233": {
        "start": { "line": 234, "column": 0 },
        "end": { "line": 234, "column": 64 }
      },
      "234": {
        "start": { "line": 235, "column": 0 },
        "end": { "line": 235, "column": 62 }
      },
      "235": {
        "start": { "line": 236, "column": 0 },
        "end": { "line": 236, "column": 64 }
      },
      "236": {
        "start": { "line": 237, "column": 0 },
        "end": { "line": 237, "column": 68 }
      },
      "237": {
        "start": { "line": 238, "column": 0 },
        "end": { "line": 238, "column": 70 }
      },
      "238": {
        "start": { "line": 239, "column": 0 },
        "end": { "line": 239, "column": 58 }
      },
      "239": {
        "start": { "line": 240, "column": 0 },
        "end": { "line": 240, "column": 60 }
      },
      "240": {
        "start": { "line": 241, "column": 0 },
        "end": { "line": 241, "column": 60 }
      },
      "241": {
        "start": { "line": 242, "column": 0 },
        "end": { "line": 242, "column": 62 }
      },
      "242": {
        "start": { "line": 243, "column": 0 },
        "end": { "line": 243, "column": 62 }
      },
      "243": {
        "start": { "line": 244, "column": 0 },
        "end": { "line": 244, "column": 64 }
      },
      "246": {
        "start": { "line": 247, "column": 0 },
        "end": { "line": 247, "column": 71 }
      },
      "247": {
        "start": { "line": 248, "column": 0 },
        "end": { "line": 248, "column": 48 }
      },
      "248": {
        "start": { "line": 249, "column": 0 },
        "end": { "line": 249, "column": 48 }
      },
      "249": {
        "start": { "line": 250, "column": 0 },
        "end": { "line": 250, "column": 72 }
      },
      "250": {
        "start": { "line": 251, "column": 0 },
        "end": { "line": 251, "column": 28 }
      },
      "251": {
        "start": { "line": 252, "column": 0 },
        "end": { "line": 252, "column": 72 }
      },
      "254": {
        "start": { "line": 255, "column": 0 },
        "end": { "line": 255, "column": 52 }
      },
      "255": {
        "start": { "line": 256, "column": 0 },
        "end": { "line": 256, "column": 16 }
      },
      "256": {
        "start": { "line": 257, "column": 0 },
        "end": { "line": 257, "column": 17 }
      },
      "257": {
        "start": { "line": 258, "column": 0 },
        "end": { "line": 258, "column": 18 }
      },
      "258": {
        "start": { "line": 259, "column": 0 },
        "end": { "line": 259, "column": 8 }
      },
      "259": {
        "start": { "line": 260, "column": 0 },
        "end": { "line": 260, "column": 53 }
      },
      "260": {
        "start": { "line": 261, "column": 0 },
        "end": { "line": 261, "column": 17 }
      },
      "261": {
        "start": { "line": 262, "column": 0 },
        "end": { "line": 262, "column": 18 }
      },
      "262": {
        "start": { "line": 263, "column": 0 },
        "end": { "line": 263, "column": 19 }
      },
      "263": {
        "start": { "line": 264, "column": 0 },
        "end": { "line": 264, "column": 8 }
      },
      "264": {
        "start": { "line": 265, "column": 0 },
        "end": { "line": 265, "column": 61 }
      },
      "267": {
        "start": { "line": 268, "column": 0 },
        "end": { "line": 268, "column": 27 }
      },
      "268": {
        "start": { "line": 269, "column": 0 },
        "end": { "line": 269, "column": 70 }
      },
      "270": {
        "start": { "line": 271, "column": 0 },
        "end": { "line": 271, "column": 25 }
      },
      "271": {
        "start": { "line": 272, "column": 0 },
        "end": { "line": 272, "column": 66 }
      },
      "274": {
        "start": { "line": 275, "column": 0 },
        "end": { "line": 275, "column": 27 }
      },
      "275": {
        "start": { "line": 276, "column": 0 },
        "end": { "line": 276, "column": 31 }
      },
      "276": {
        "start": { "line": 277, "column": 0 },
        "end": { "line": 277, "column": 33 }
      },
      "277": {
        "start": { "line": 278, "column": 0 },
        "end": { "line": 278, "column": 30 }
      },
      "278": {
        "start": { "line": 279, "column": 0 },
        "end": { "line": 279, "column": 31 }
      },
      "279": {
        "start": { "line": 280, "column": 0 },
        "end": { "line": 280, "column": 31 }
      },
      "280": {
        "start": { "line": 281, "column": 0 },
        "end": { "line": 281, "column": 33 }
      },
      "281": {
        "start": { "line": 282, "column": 0 },
        "end": { "line": 282, "column": 10 }
      },
      "283": {
        "start": { "line": 284, "column": 0 },
        "end": { "line": 284, "column": 22 }
      },
      "284": {
        "start": { "line": 285, "column": 0 },
        "end": { "line": 285, "column": 22 }
      },
      "285": {
        "start": { "line": 286, "column": 0 },
        "end": { "line": 286, "column": 40 }
      },
      "286": {
        "start": { "line": 287, "column": 0 },
        "end": { "line": 287, "column": 36 }
      },
      "287": {
        "start": { "line": 288, "column": 0 },
        "end": { "line": 288, "column": 18 }
      },
      "288": {
        "start": { "line": 289, "column": 0 },
        "end": { "line": 289, "column": 23 }
      },
      "289": {
        "start": { "line": 290, "column": 0 },
        "end": { "line": 290, "column": 22 }
      },
      "290": {
[...]
      "314": 0,
      "315": 0,
      "316": 0,
      "317": 0,
      "318": 0,
      "319": 0,
      "320": 0,
      "321": 0,
      "324": 0,
      "325": 0,
      "326": 0,
      "328": 0,
      "330": 0,
      "331": 0,
      "332": 0,
      "333": 0,
      "334": 0,
      "335": 0,
      "336": 0,
      "337": 0,
      "338": 0,
      "339": 0,
      "340": 0,
      "342": 0,
      "343": 0,
      "344": 0,
      "346": 0,
      "347": 0,
      "350": 0,
      "351": 0,
      "352": 0,
      "354": 0,
      "355": 0,
      "357": 0,
      "358": 0,
      "359": 0,
      "360": 0,
      "362": 0,
      "364": 0,
      "366": 0,
      "367": 0,
      "368": 0,
      "369": 0,
      "370": 0,
      "371": 0,
      "372": 0,
      "373": 0,
      "374": 0,
      "376": 0,
      "377": 0,
      "378": 0,
      "379": 0,
      "380": 0,
      "381": 0,
      "382": 0,
      "383": 0,
      "384": 0,
      "386": 0,
      "387": 0,
      "388": 0,
      "389": 0,
      "390": 0,
      "391": 0,
      "392": 0,
      "399": 0,
      "400": 0,
      "401": 0,
      "402": 0,
      "403": 0,
      "405": 0,
      "406": 0,
      "407": 0,
      "408": 0,
      "409": 0,
      "410": 0,
      "411": 0,
      "413": 0,
      "414": 0,
      "415": 0,
      "422": 0,
      "423": 0,
      "424": 0,
      "431": 0,
      "432": 0,
      "433": 0,
      "434": 0,
      "457": 0,
      "458": 0,
      "459": 0,
      "460": 0,
      "461": 0
    },
    "branchMap": {
      "0": {
        "type": "branch",
        "line": 1,
        "loc": {
          "start": { "line": 1, "column": 12757 },
          "end": { "line": 462, "column": 1 }
        },
        "locations": [
          {
            "start": { "line": 1, "column": 12757 },
            "end": { "line": 462, "column": 1 }
          }
        ]
      }
    },
    "b": { "0": [1] },
    "fnMap": {
      "0": {
        "name": "(empty-report)",
        "decl": {
          "start": { "line": 1, "column": 12757 },
          "end": { "line": 462, "column": 1 }
        },
        "loc": {
          "start": { "line": 1, "column": 12757 },
          "end": { "line": 462, "column": 1 }
        },
        "line": 1
      }
    },
    "f": { "0": 1 }
  },
  "/home/calin/projects/shot-analysis/src/utils/coordinates.ts": {
    "path": "/home/calin/projects/shot-analysis/src/utils/coordinates.ts",
    "all": true,
    "statementMap": {
      "29": {
        "start": { "line": 30, "column": 0 },
        "end": { "line": 30, "column": 37 }
      },
      "30": {
        "start": { "line": 31, "column": 0 },
        "end": { "line": 31, "column": 19 }
      },
      "31": {
        "start": { "line": 32, "column": 0 },
        "end": { "line": 32, "column": 24 }
      },
      "32": {
        "start": { "line": 33, "column": 0 },
        "end": { "line": 33, "column": 11 }
      },
      "33": {
        "start": { "line": 34, "column": 0 },
        "end": { "line": 34, "column": 27 }
      },
      "34": {
        "start": { "line": 35, "column": 0 },
        "end": { "line": 35, "column": 64 }
      },
      "35": {
        "start": { "line": 36, "column": 0 },
        "end": { "line": 36, "column": 3 }
      },
      "37": {
        "start": { "line": 38, "column": 0 },
        "end": { "line": 38, "column": 34 }
      },
      "38": {
        "start": { "line": 39, "column": 0 },
        "end": { "line": 39, "column": 1 }
      },
      "55": {
        "start": { "line": 56, "column": 0 },
        "end": { "line": 56, "column": 42 }
      },
      "56": {
        "start": { "line": 57, "column": 0 },
        "end": { "line": 57, "column": 17 }
      },
      "57": {
        "start": { "line": 58, "column": 0 },
        "end": { "line": 58, "column": 21 }
      },
      "58": {
        "start": { "line": 59, "column": 0 },
        "end": { "line": 59, "column": 12 }
      },
      "59": {
        "start": { "line": 60, "column": 0 },
        "end": { "line": 60, "column": 10 }
      },
      "60": {
        "start": { "line": 61, "column": 0 },
        "end": { "line": 61, "column": 29 }
      },
      "61": {
        "start": { "line": 62, "column": 0 },
        "end": { "line": 62, "column": 29 }
      },
      "62": {
        "start": { "line": 63, "column": 0 },
        "end": { "line": 63, "column": 29 }
      },
      "63": {
        "start": { "line": 64, "column": 0 },
        "end": { "line": 64, "column": 4 }
      },
      "64": {
        "start": { "line": 65, "column": 0 },
        "end": { "line": 65, "column": 1 }
      }
    },
    "s": {
      "29": 0,
      "30": 0,
      "31": 0,
      "32": 0,
      "33": 0,
      "34": 0,
      "35": 0,
      "37": 0,
      "38": 0,
      "55": 0,
      "56": 0,
      "57": 0,
      "58": 0,
      "59": 0,
      "60": 0,
      "61": 0,
      "62": 0,
      "63": 0,
      "64": 0
    },
    "branchMap": {
      "0": {
        "type": "branch",
        "line": 1,
        "loc": {
          "start": { "line": 1, "column": 2170 },
          "end": { "line": 65, "column": 1 }
        },
        "locations": [
          {
            "start": { "line": 1, "column": 2170 },
            "end": { "line": 65, "column": 1 }
          }
        ]
      }
    },
    "b": { "0": [1] },
    "fnMap": {
      "0": {
        "name": "(empty-report)",
        "decl": {
          "start": { "line": 1, "column": 2170 },
          "end": { "line": 65, "column": 1 }
        },
        "loc": {
          "start": { "line": 1, "column": 2170 },
          "end": { "line": 65, "column": 1 }
        },
        "line": 1
      }
    },
    "f": { "0": 1 }
  },
  "/home/calin/projects/shot-analysis/src/utils/geometry.ts": {
    "path": "/home/calin/projects/shot-analysis/src/utils/geometry.ts",
    "all": false,
    "statementMap": {
      "31": {
        "start": { "line": 32, "column": 0 },
        "end": { "line": 32, "column": 31 }
      },
      "32": {
        "start": { "line": 33, "column": 0 },
        "end": { "line": 33, "column": 13 }
      },
      "33": {
        "start": { "line": 34, "column": 0 },
        "end": { "line": 34, "column": 18 }
      },
      "34": {
        "start": { "line": 35, "column": 0 },
        "end": { "line": 35, "column": 13 }
      },
      "35": {
        "start": { "line": 36, "column": 0 },
        "end": { "line": 36, "column": 11 }
      },
      "37": {
        "start": { "line": 38, "column": 0 },
        "end": { "line": 38, "column": 14 }
      },
      "38": {
        "start": { "line": 39, "column": 0 },
        "end": { "line": 39, "column": 22 }
      },
      "39": {
        "start": { "line": 40, "column": 0 },
        "end": { "line": 40, "column": 22 }
      },
      "40": {
        "start": { "line": 41, "column": 0 },
        "end": { "line": 41, "column": 22 }
      },
      "41": {
        "start": { "line": 42, "column": 0 },
        "end": { "line": 42, "column": 4 }
      },
      "43": {
        "start": { "line": 44, "column": 0 },
        "end": { "line": 44, "column": 14 }
      },
      "44": {
        "start": { "line": 45, "column": 0 },
        "end": { "line": 45, "column": 22 }
      },
      "45": {
        "start": { "line": 46, "column": 0 },
        "end": { "line": 46, "column": 22 }
      },
      "46": {
        "start": { "line": 47, "column": 0 },
        "end": { "line": 47, "column": 22 }
      },
      "47": {
        "start": { "line": 48, "column": 0 },
        "end": { "line": 48, "column": 4 }
      },
      "50": {
        "start": { "line": 51, "column": 0 },
        "end": { "line": 51, "column": 73 }
      },
      "51": {
        "start": { "line": 52, "column": 0 },
        "end": { "line": 52, "column": 73 }
      },
      "54": {
        "start": { "line": 55, "column": 0 },
        "end": { "line": 55, "column": 47 }
      },
      "55": {
        "start": { "line": 56, "column": 0 },
        "end": { "line": 56, "column": 13 }
      },
      "56": {
        "start": { "line": 57, "column": 0 },
        "end": { "line": 57, "column": 3 }
      },
      "59": {
        "start": { "line": 60, "column": 0 },
        "end": { "line": 60, "column": 61 }
      },
      "63": {
        "start": { "line": 64, "column": 0 },
        "end": { "line": 64, "column": 28 }
      },
      "64": {
        "start": { "line": 65, "column": 0 },
        "end": { "line": 65, "column": 7 }
      },
      "65": {
        "start": { "line": 66, "column": 0 },
        "end": { "line": 66, "column": 58 }
      },
      "66": {
        "start": { "line": 67, "column": 0 },
        "end": { "line": 67, "column": 4 }
      },
      "69": {
        "start": { "line": 70, "column": 0 },
        "end": { "line": 70, "column": 43 }
      },
      "70": {
        "start": { "line": 71, "column": 0 },
        "end": { "line": 71, "column": 54 }
      },
      "72": {
        "start": { "line": 73, "column": 0 },
        "end": { "line": 73, "column": 22 }
      },
      "73": {
        "start": { "line": 74, "column": 0 },
        "end": { "line": 74, "column": 1 }
      },
      "88": {
        "start": { "line": 89, "column": 0 },
        "end": { "line": 89, "column": 67 }
      },
      "89": {
        "start": { "line": 90, "column": 0 },
        "end": { "line": 90, "column": 23 }
      },
      "90": {
        "start": { "line": 91, "column": 0 },
        "end": { "line": 91, "column": 23 }
      },
      "91": {
        "start": { "line": 92, "column": 0 },
        "end": { "line": 92, "column": 23 }
      },
      "93": {
        "start": { "line": 94, "column": 0 },
        "end": { "line": 94, "column": 48 }
      },
      "94": {
        "start": { "line": 95, "column": 0 },
        "end": { "line": 95, "column": 1 }
      },
      "110": {
        "start": { "line": 111, "column": 0 },
        "end": { "line": 111, "column": 69 }
      },
      "111": {
        "start": { "line": 112, "column": 0 },
        "end": { "line": 112, "column": 23 }
      },
      "112": {
        "start": { "line": 113, "column": 0 },
        "end": { "line": 113, "column": 23 }
      },
      "114": {
        "start": { "line": 115, "column": 0 },
        "end": { "line": 115, "column": 38 }
      },
      "115": {
        "start": { "line": 116, "column": 0 },
        "end": { "line": 116, "column": 1 }
      }
    },
    "s": {
      "31": 1,
      "32": 0,
      "33": 0,
      "34": 0,
      "35": 0,
      "37": 0,
      "38": 0,
      "39": 0,
      "40": 0,
      "41": 0,
      "43": 0,
      "44": 0,
      "45": 0,
      "46": 0,
      "47": 0,
      "50": 0,
      "51": 0,
      "54": 0,
      "55": 0,
      "56": 0,
      "59": 0,
      "63": 0,
      "64": 0,
      "65": 0,
      "66": 0,
      "69": 0,
      "70": 0,
      "72": 0,
      "73": 0,
      "88": 1,
      "89": 0,
      "90": 0,
      "91": 0,
      "93": 0,
      "94": 0,
      "110": 1,
      "111": 0,
      "112": 0,
      "114": 0,
      "115": 0
    },
    "branchMap": {},
    "b": {},
    "fnMap": {
      "0": {
        "name": "calculateAngle",
        "decl": {
          "start": { "line": 32, "column": 7 },
          "end": { "line": 74, "column": 1 }
        },
        "loc": {
          "start": { "line": 32, "column": 7 },
          "end": { "line": 74, "column": 1 }
        },
        "line": 32
      },
      "1": {
        "name": "calculateDistance",
        "decl": {
          "start": { "line": 89, "column": 7 },
          "end": { "line": 95, "column": 1 }
        },
        "loc": {
          "start": { "line": 89, "column": 7 },
          "end": { "line": 95, "column": 1 }
        },
        "line": 89
      },
      "2": {
        "name": "calculateDistance2D",
        "decl": {
          "start": { "line": 111, "column": 7 },
          "end": { "line": 116, "column": 1 }
        },
        "loc": {
          "start": { "line": 111, "column": 7 },
          "end": { "line": 116, "column": 1 }
        },
        "line": 111
      }
    },
    "f": { "0": 0, "1": 0, "2": 0 }
  },
  "/home/calin/projects/shot-analysis/src/utils/smoothing.ts": {
    "path": "/home/calin/projects/shot-analysis/src/utils/smoothing.ts",
    "all": false,
    "statementMap": {
      "15": {
        "start": { "line": 16, "column": 0 },
        "end": { "line": 16, "column": 30 }
      },
      "33": {
        "start": { "line": 34, "column": 0 },
        "end": { "line": 34, "column": 79 }
      },
      "34": {
        "start": { "line": 35, "column": 0 },
        "end": { "line": 35, "column": 23 }
      },
      "35": {
        "start": { "line": 36, "column": 0 },
        "end": { "line": 36, "column": 54 }
      },
      "36": {
        "start": { "line": 37, "column": 0 },
        "end": { "line": 37, "column": 3 }
      },
      "38": {
        "start": { "line": 39, "column": 0 },
        "end": { "line": 39, "column": 28 }
      },
      "39": {
        "start": { "line": 40, "column": 0 },
        "end": { "line": 40, "column": 14 }
      },
      "40": {
        "start": { "line": 41, "column": 0 },
        "end": { "line": 41, "column": 3 }
      },
      "42": {
        "start": { "line": 43, "column": 0 },
        "end": { "line": 43, "column": 30 }
      },
      "44": {
        "start": { "line": 45, "column": 0 },
        "end": { "line": 45, "column": 43 }
      },
      "46": {
        "start": { "line": 47, "column": 0 },
        "end": { "line": 47, "column": 56 }
      },
      "47": {
        "start": { "line": 48, "column": 0 },
        "end": { "line": 48, "column": 49 }
      },
      "50": {
        "start": { "line": 51, "column": 0 },
        "end": { "line": 51, "column": 16 }
      },
      "51": {
        "start": { "line": 52, "column": 0 },
        "end": { "line": 52, "column": 44 }
      },
      "52": {
        "start": { "line": 53, "column": 0 },
        "end": { "line": 53, "column": 24 }
      },
      "53": {
        "start": { "line": 54, "column": 0 },
        "end": { "line": 54, "column": 5 }
      },
      "56": {
        "start": { "line": 57, "column": 0 },
        "end": { "line": 57, "column": 40 }
      },
      "57": {
        "start": { "line": 58, "column": 0 },
        "end": { "line": 58, "column": 3 }
      },
      "59": {
        "start": { "line": 60, "column": 0 },
        "end": { "line": 60, "column": 16 }
      },
      "60": {
        "start": { "line": 61, "column": 0 },
        "end": { "line": 61, "column": 1 }
      },
      "77": {
        "start": { "line": 78, "column": 0 },
        "end": { "line": 78, "column": 37 }
      },
      "78": {
        "start": { "line": 79, "column": 0 },
        "end": { "line": 79, "column": 20 }
      },
      "79": {
        "start": { "line": 80, "column": 0 },
        "end": { "line": 80, "column": 21 }
      },
      "80": {
        "start": { "line": 81, "column": 0 },
        "end": { "line": 81, "column": 14 }
      },
      "81": {
        "start": { "line": 82, "column": 0 },
        "end": { "line": 82, "column": 23 }
      },
      "82": {
        "start": { "line": 83, "column": 0 },
        "end": { "line": 83, "column": 54 }
      },
      "83": {
        "start": { "line": 84, "column": 0 },
        "end": { "line": 84, "column": 3 }
      },
      "85": {
        "start": { "line": 86, "column": 0 },
        "end": { "line": 86, "column": 28 }
      },
      "86": {
        "start": { "line": 87, "column": 0 },
        "end": { "line": 87, "column": 14 }
      },
      "87": {
        "start": { "line": 88, "column": 0 },
        "end": { "line": 88, "column": 3 }
      },
      "90": {
        "start": { "line": 91, "column": 0 },
        "end": { "line": 91, "column": 41 }
      },
      "91": {
        "start": { "line": 92, "column": 0 },
        "end": { "line": 92, "column": 41 }
      },
      "92": {
        "start": { "line": 93, "column": 0 },
        "end": { "line": 93, "column": 41 }
      },
      "95": {
        "start": { "line": 96, "column": 0 },
        "end": { "line": 96, "column": 55 }
      },
      "96": {
        "start": { "line": 97, "column": 0 },
        "end": { "line": 97, "column": 55 }
      },
      "97": {
        "start": { "line": 98, "column": 0 },
        "end": { "line": 98, "column": 55 }
      },
      "100": {
        "start": { "line": 101, "column": 0 },
        "end": { "line": 101, "column": 31 }
      },
      "101": {
        "start": { "line": 102, "column": 0 },
        "end": { "line": 102, "column": 43 }
      },
      "102": {
        "start": { "line": 103, "column": 0 },
        "end": { "line": 103, "column": 17 }
      },
      "103": {
        "start": { "line": 104, "column": 0 },
        "end": { "line": 104, "column": 23 }
      },
      "104": {
        "start": { "line": 105, "column": 0 },
        "end": { "line": 105, "column": 23 }
      },
      "105": {
        "start": { "line": 106, "column": 0 },
        "end": { "line": 106, "column": 23 }
      },
      "106": {
        "start": { "line": 107, "column": 0 },
        "end": { "line": 107, "column": 7 }
      },
      "107": {
        "start": { "line": 108, "column": 0 },
        "end": { "line": 108, "column": 3 }
      },
      "109": {
        "start": { "line": 110, "column": 0 },
        "end": { "line": 110, "column": 16 }
      },
      "110": {
        "start": { "line": 111, "column": 0 },
        "end": { "line": 111, "column": 1 }
      },
      "128": {
        "start": { "line": 129, "column": 0 },
        "end": { "line": 129, "column": 39 }
      },
      "129": {
        "start": { "line": 130, "column": 0 },
        "end": { "line": 130, "column": 22 }
      },
      "130": {
        "start": { "line": 131, "column": 0 },
        "end": { "line": 131, "column": 43 }
      },
      "131": {
        "start": { "line": 132, "column": 0 },
        "end": { "line": 132, "column": 14 }
      },
      "132": {
        "start": { "line": 133, "column": 0 },
        "end": { "line": 133, "column": 52 }
      },
      "133": {
        "start": { "line": 134, "column": 0 },
        "end": { "line": 134, "column": 1 }
      }
    },
    "s": {
      "15": 1,
      "33": 1,
      "34": 0,
      "35": 0,
      "36": 0,
      "38": 0,
      "39": 0,
      "40": 0,
      "42": 0,
      "44": 0,
      "46": 0,
      "47": 0,
      "50": 0,
      "51": 0,
      "52": 0,
      "53": 0,
      "56": 0,
      "57": 0,
      "59": 0,
      "60": 0,
      "77": 1,
      "78": 0,
      "79": 0,
      "80": 0,
      "81": 0,
      "82": 0,
      "83": 0,
      "85": 0,
      "86": 0,
      "87": 0,
      "90": 0,
      "91": 0,
      "92": 0,
      "95": 0,
      "96": 0,
      "97": 0,
      "100": 0,
      "101": 0,
      "102": 0,
      "103": 0,
      "104": 0,
      "105": 0,
      "106": 0,
      "107": 0,
      "109": 0,
      "110": 0,
      "128": 1,
      "129": 0,
      "130": 0,
      "131": 0,
      "132": 0,
      "133": 0
    },
    "branchMap": {},
    "b": {},
    "fnMap": {
      "0": {
        "name": "movingAverage",
        "decl": {
          "start": { "line": 34, "column": 7 },
          "end": { "line": 61, "column": 1 }
        },
        "loc": {
          "start": { "line": 34, "column": 7 },
          "end": { "line": 61, "column": 1 }
        },
        "line": 34
      },
      "1": {
        "name": "movingAveragePoint3D",
        "decl": {
          "start": { "line": 78, "column": 7 },
          "end": { "line": 111, "column": 1 }
        },
        "loc": {
          "start": { "line": 78, "column": 7 },
          "end": { "line": 111, "column": 1 }
        },
        "line": 78
      },
      "2": {
        "name": "smoothLandmarkSequence",
        "decl": {
          "start": { "line": 129, "column": 7 },
          "end": { "line": 134, "column": 1 }
        },
        "loc": {
          "start": { "line": 129, "column": 7 },
          "end": { "line": 134, "column": 1 }
        },
        "line": 129
      }
    },
    "f": { "0": 0, "1": 0, "2": 0 }
  }
}
